Unity Editor version:    6000.0.37f1 (090b7797214c)
Branch:                  6000.0/staging
Build type:              Release
Batch mode:              YES
System name:             Linux
Distro version:          #53-Ubuntu SMP PREEMPT_DYNAMIC Sat Jan 11 00:06:25 UTC 2025
Kernel version:          6.8.0-52-generic
Architecture:            x86_64
Available memory:        128490 MB
[Licensing::Module] Trying to connect to existing licensing client channel...
[Licensing::IpcConnector] Successfully connected to the License Client on channel: "LicenseClient-cytrix" at "2025-02-12T07:53:22.515686Z"
[SignatureVerifier] Application signature verification not supported on this platform.
[Licensing::Client] Handshaking with LicensingClient:
  Version:                 1.16.2+bdef8f5
  Session Id:              cfe8f5d261b84b0a8c2aaf8f63431255
  Correlation Id:          9296e1bfec38c1fd21871843d6ed836f
  External correlation Id: 4756482802022076356
  Machine Id:              b1xZMLw5EXhuVIljp7eYSZ25wk4=
[Licensing::Module] Successfully connected to LicensingClient on channel: "LicenseClient-cytrix" (connect: 0.00s, validation: 0.01s, handshake: 0.00s)
[Licensing::IpcConnector] Successfully connected to the License Notification on channel: "LicenseClient-cytrix-notifications" at "2025-02-12T07:53:22.526865Z"
[Licensing::Module] Error: Access token is unavailable; failed to update
[Licensing::Client] Successfully updated license
[Licensing::Client] Successfully resolved entitlement details
[Licensing::Module] Serial number assigned to: "14569599437896-UnityPersXXXX"
Pro License: NO
Initialize udev device monitor.
[Licensing::Client] Successfully resolved entitlement details

COMMAND LINE ARGUMENTS:
/home/cytrix/Unity/Hub/Editor/6000.0.37f1/Editor/Unity
-batchmode
-nographics
-projectPath
/home/cytrix/project/Lets3DGame/ldraw_importer_unity
-executeMethod
BuildScript.BuildHeadlessLinux
-quit
Successfully changed project path to: /home/cytrix/project/Lets3DGame/ldraw_importer_unity
/home/cytrix/project/Lets3DGame/ldraw_importer_unity
[UnityMemory] Configuration Parameters - Can be set up in boot.config
    "memorysetup-bucket-allocator-granularity=16"
    "memorysetup-bucket-allocator-bucket-count=8"
    "memorysetup-bucket-allocator-block-size=33554432"
    "memorysetup-bucket-allocator-block-count=8"
    "memorysetup-main-allocator-block-size=16777216"
    "memorysetup-thread-allocator-block-size=16777216"
    "memorysetup-gfx-main-allocator-block-size=16777216"
    "memorysetup-gfx-thread-allocator-block-size=16777216"
    "memorysetup-cache-allocator-block-size=4194304"
    "memorysetup-typetree-allocator-block-size=2097152"
    "memorysetup-profiler-bucket-allocator-granularity=16"
    "memorysetup-profiler-bucket-allocator-bucket-count=8"
    "memorysetup-profiler-bucket-allocator-block-size=33554432"
    "memorysetup-profiler-bucket-allocator-block-count=8"
    "memorysetup-profiler-allocator-block-size=16777216"
    "memorysetup-profiler-editor-allocator-block-size=1048576"
    "memorysetup-temp-allocator-size-main=16777216"
    "memorysetup-job-temp-allocator-block-size=2097152"
    "memorysetup-job-temp-allocator-block-size-background=1048576"
    "memorysetup-job-temp-allocator-reduction-small-platforms=262144"
    "memorysetup-allocator-temp-initial-block-size-main=262144"
    "memorysetup-allocator-temp-initial-block-size-worker=262144"
    "memorysetup-temp-allocator-size-background-worker=32768"
    "memorysetup-temp-allocator-size-job-worker=262144"
    "memorysetup-temp-allocator-size-preload-manager=33554432"
    "memorysetup-temp-allocator-size-nav-mesh-worker=65536"
    "memorysetup-temp-allocator-size-audio-worker=65536"
    "memorysetup-temp-allocator-size-cloud-worker=32768"
    "memorysetup-temp-allocator-size-gi-baking-worker=262144"
    "memorysetup-temp-allocator-size-gi-baking-worker=262144"
    "memorysetup-temp-allocator-size-gi-baking-worker=262144"
    "memorysetup-temp-allocator-size-gi-baking-worker=262144"
    "memorysetup-temp-allocator-size-gi-baking-worker=262144"
    "memorysetup-temp-allocator-size-gfx=262144"
Player connection [137657004262720]  Target information:

Player connection [137657004262720]  * "[IP] 172.30.1.30 [Port] 55504 [Flags] 2 [Guid] 365271916 [EditorId] 365271916 [Version] 1048832 [Id] LinuxEditor(16,172.30.1.30) [Debug] 1 [PackageName] LinuxEditor [ProjectName] Editor" 

Player connection [137657004262720]  * "[IP] 172.17.0.1 [Port] 55504 [Flags] 2 [Guid] 365271916 [EditorId] 365271916 [Version] 1048832 [Id] LinuxEditor(16,172.30.1.30) [Debug] 1 [PackageName] LinuxEditor [ProjectName] Editor" 

Player connection [137657004262720] Host joined multi-casting on [225.0.0.222:54997]...
Player connection [137657004262720] Host joined alternative multi-casting on [225.0.0.222:34997]...
Input System module state changed to: Initialized.
[Physics::Module] Initialized fallback backend.
[Physics::Module] Id: 0xdecafbad
[Package Manager] Connected to IPC stream "Upm-3870359" after 0.2 seconds.
Library Redirect Path: Library/
[Package Manager] Restoring resolved packages state from cache
[Licensing::Client] Successfully resolved entitlement details
[Package Manager] Registered 55 packages:
  Packages from [https://packages.unity.com]:
    com.unity.ads@4.12.0 (location: /home/cytrix/project/Lets3DGame/ldraw_importer_unity/Library/PackageCache/com.unity.ads@3bb3d269d51b)
    com.unity.ai.navigation@2.0.6 (location: /home/cytrix/project/Lets3DGame/ldraw_importer_unity/Library/PackageCache/com.unity.ai.navigation@c74b2724ed42)
    com.unity.analytics@3.8.1 (location: /home/cytrix/project/Lets3DGame/ldraw_importer_unity/Library/PackageCache/com.unity.analytics@6cc66d58ac08)
    com.unity.collab-proxy@2.6.0 (location: /home/cytrix/project/Lets3DGame/ldraw_importer_unity/Library/PackageCache/com.unity.collab-proxy@001b54a8988a)
    com.unity.ide.rider@3.0.34 (location: /home/cytrix/project/Lets3DGame/ldraw_importer_unity/Library/PackageCache/com.unity.ide.rider@ecbf706690e5)
    com.unity.ide.visualstudio@2.0.22 (location: /home/cytrix/project/Lets3DGame/ldraw_importer_unity/Library/PackageCache/com.unity.ide.visualstudio@8140e851d83e)
    com.unity.purchasing@4.12.2 (location: /home/cytrix/project/Lets3DGame/ldraw_importer_unity/Library/PackageCache/com.unity.purchasing@649c6c7b3b1b)
    com.unity.test-framework@1.4.6 (location: /home/cytrix/project/Lets3DGame/ldraw_importer_unity/Library/PackageCache/com.unity.test-framework@5ac417e07314)
    com.unity.timeline@1.8.8 (location: /home/cytrix/project/Lets3DGame/ldraw_importer_unity/Library/PackageCache/com.unity.timeline@fa3a0bab2b90)
    com.unity.toolchain.linux-x86_64@2.0.10 (location: /home/cytrix/project/Lets3DGame/ldraw_importer_unity/Library/PackageCache/com.unity.toolchain.linux-x86_64@5a6ce31f8a65)
    com.unity.xr.legacyinputhelpers@2.1.12 (location: /home/cytrix/project/Lets3DGame/ldraw_importer_unity/Library/PackageCache/com.unity.xr.legacyinputhelpers@b7579e86f3b4)
    com.unity.sysroot@2.0.10 (location: /home/cytrix/project/Lets3DGame/ldraw_importer_unity/Library/PackageCache/com.unity.sysroot@7bbbb9339c14)
    com.unity.sysroot.linux-x86_64@2.0.9 (location: /home/cytrix/project/Lets3DGame/ldraw_importer_unity/Library/PackageCache/com.unity.sysroot.linux-x86_64@1998d1c7730e)
    com.unity.ext.nunit@2.0.5 (location: /home/cytrix/project/Lets3DGame/ldraw_importer_unity/Library/PackageCache/com.unity.ext.nunit@60ef35ffd3cd)
    com.unity.services.core@1.14.0 (location: /home/cytrix/project/Lets3DGame/ldraw_importer_unity/Library/PackageCache/com.unity.services.core@9e81a5e38245)
    com.unity.services.analytics@6.0.1 (location: /home/cytrix/project/Lets3DGame/ldraw_importer_unity/Library/PackageCache/com.unity.services.analytics@f7e249983920)
    com.unity.nuget.newtonsoft-json@3.2.1 (location: /home/cytrix/project/Lets3DGame/ldraw_importer_unity/Library/PackageCache/com.unity.nuget.newtonsoft-json@74deb55db2a0)
  Built-in packages:
    com.unity.2d.sprite@1.0.0 (location: /home/cytrix/project/Lets3DGame/ldraw_importer_unity/Library/PackageCache/com.unity.2d.sprite@2ec8aabae3ca)
    com.unity.2d.tilemap@1.0.0 (location: /home/cytrix/project/Lets3DGame/ldraw_importer_unity/Library/PackageCache/com.unity.2d.tilemap@b45e1459bf54)
    com.unity.multiplayer.center@1.0.0 (location: /home/cytrix/project/Lets3DGame/ldraw_importer_unity/Library/PackageCache/com.unity.multiplayer.center@ffda662e48c2)
    com.unity.ugui@2.0.0 (location: /home/cytrix/project/Lets3DGame/ldraw_importer_unity/Library/PackageCache/com.unity.ugui@bfc72d4f7fbc)
    com.unity.modules.accessibility@1.0.0 (location: /home/cytrix/Unity/Hub/Editor/6000.0.37f1/Editor/Data/Resources/PackageManager/BuiltInPackages/com.unity.modules.accessibility)
    com.unity.modules.ai@1.0.0 (location: /home/cytrix/Unity/Hub/Editor/6000.0.37f1/Editor/Data/Resources/PackageManager/BuiltInPackages/com.unity.modules.ai)
    com.unity.modules.androidjni@1.0.0 (location: /home/cytrix/Unity/Hub/Editor/6000.0.37f1/Editor/Data/Resources/PackageManager/BuiltInPackages/com.unity.modules.androidjni)
    com.unity.modules.animation@1.0.0 (location: /home/cytrix/Unity/Hub/Editor/6000.0.37f1/Editor/Data/Resources/PackageManager/BuiltInPackages/com.unity.modules.animation)
    com.unity.modules.assetbundle@1.0.0 (location: /home/cytrix/Unity/Hub/Editor/6000.0.37f1/Editor/Data/Resources/PackageManager/BuiltInPackages/com.unity.modules.assetbundle)
    com.unity.modules.audio@1.0.0 (location: /home/cytrix/Unity/Hub/Editor/6000.0.37f1/Editor/Data/Resources/PackageManager/BuiltInPackages/com.unity.modules.audio)
    com.unity.modules.cloth@1.0.0 (location: /home/cytrix/Unity/Hub/Editor/6000.0.37f1/Editor/Data/Resources/PackageManager/BuiltInPackages/com.unity.modules.cloth)
    com.unity.modules.director@1.0.0 (location: /home/cytrix/Unity/Hub/Editor/6000.0.37f1/Editor/Data/Resources/PackageManager/BuiltInPackages/com.unity.modules.director)
    com.unity.modules.imageconversion@1.0.0 (location: /home/cytrix/Unity/Hub/Editor/6000.0.37f1/Editor/Data/Resources/PackageManager/BuiltInPackages/com.unity.modules.imageconversion)
    com.unity.modules.imgui@1.0.0 (location: /home/cytrix/Unity/Hub/Editor/6000.0.37f1/Editor/Data/Resources/PackageManager/BuiltInPackages/com.unity.modules.imgui)
    com.unity.modules.jsonserialize@1.0.0 (location: /home/cytrix/Unity/Hub/Editor/6000.0.37f1/Editor/Data/Resources/PackageManager/BuiltInPackages/com.unity.modules.jsonserialize)
    com.unity.modules.particlesystem@1.0.0 (location: /home/cytrix/Unity/Hub/Editor/6000.0.37f1/Editor/Data/Resources/PackageManager/BuiltInPackages/com.unity.modules.particlesystem)
    com.unity.modules.physics@1.0.0 (location: /home/cytrix/Unity/Hub/Editor/6000.0.37f1/Editor/Data/Resources/PackageManager/BuiltInPackages/com.unity.modules.physics)
    com.unity.modules.physics2d@1.0.0 (location: /home/cytrix/Unity/Hub/Editor/6000.0.37f1/Editor/Data/Resources/PackageManager/BuiltInPackages/com.unity.modules.physics2d)
    com.unity.modules.screencapture@1.0.0 (location: /home/cytrix/Unity/Hub/Editor/6000.0.37f1/Editor/Data/Resources/PackageManager/BuiltInPackages/com.unity.modules.screencapture)
    com.unity.modules.terrain@1.0.0 (location: /home/cytrix/Unity/Hub/Editor/6000.0.37f1/Editor/Data/Resources/PackageManager/BuiltInPackages/com.unity.modules.terrain)
    com.unity.modules.terrainphysics@1.0.0 (location: /home/cytrix/Unity/Hub/Editor/6000.0.37f1/Editor/Data/Resources/PackageManager/BuiltInPackages/com.unity.modules.terrainphysics)
    com.unity.modules.tilemap@1.0.0 (location: /home/cytrix/Unity/Hub/Editor/6000.0.37f1/Editor/Data/Resources/PackageManager/BuiltInPackages/com.unity.modules.tilemap)
    com.unity.modules.ui@1.0.0 (location: /home/cytrix/Unity/Hub/Editor/6000.0.37f1/Editor/Data/Resources/PackageManager/BuiltInPackages/com.unity.modules.ui)
    com.unity.modules.uielements@1.0.0 (location: /home/cytrix/Unity/Hub/Editor/6000.0.37f1/Editor/Data/Resources/PackageManager/BuiltInPackages/com.unity.modules.uielements)
    com.unity.modules.umbra@1.0.0 (location: /home/cytrix/Unity/Hub/Editor/6000.0.37f1/Editor/Data/Resources/PackageManager/BuiltInPackages/com.unity.modules.umbra)
    com.unity.modules.unityanalytics@1.0.0 (location: /home/cytrix/Unity/Hub/Editor/6000.0.37f1/Editor/Data/Resources/PackageManager/BuiltInPackages/com.unity.modules.unityanalytics)
    com.unity.modules.unitywebrequest@1.0.0 (location: /home/cytrix/Unity/Hub/Editor/6000.0.37f1/Editor/Data/Resources/PackageManager/BuiltInPackages/com.unity.modules.unitywebrequest)
    com.unity.modules.unitywebrequestassetbundle@1.0.0 (location: /home/cytrix/Unity/Hub/Editor/6000.0.37f1/Editor/Data/Resources/PackageManager/BuiltInPackages/com.unity.modules.unitywebrequestassetbundle)
    com.unity.modules.unitywebrequestaudio@1.0.0 (location: /home/cytrix/Unity/Hub/Editor/6000.0.37f1/Editor/Data/Resources/PackageManager/BuiltInPackages/com.unity.modules.unitywebrequestaudio)
    com.unity.modules.unitywebrequesttexture@1.0.0 (location: /home/cytrix/Unity/Hub/Editor/6000.0.37f1/Editor/Data/Resources/PackageManager/BuiltInPackages/com.unity.modules.unitywebrequesttexture)
    com.unity.modules.unitywebrequestwww@1.0.0 (location: /home/cytrix/Unity/Hub/Editor/6000.0.37f1/Editor/Data/Resources/PackageManager/BuiltInPackages/com.unity.modules.unitywebrequestwww)
    com.unity.modules.vehicles@1.0.0 (location: /home/cytrix/Unity/Hub/Editor/6000.0.37f1/Editor/Data/Resources/PackageManager/BuiltInPackages/com.unity.modules.vehicles)
    com.unity.modules.video@1.0.0 (location: /home/cytrix/Unity/Hub/Editor/6000.0.37f1/Editor/Data/Resources/PackageManager/BuiltInPackages/com.unity.modules.video)
    com.unity.modules.vr@1.0.0 (location: /home/cytrix/Unity/Hub/Editor/6000.0.37f1/Editor/Data/Resources/PackageManager/BuiltInPackages/com.unity.modules.vr)
    com.unity.modules.wind@1.0.0 (location: /home/cytrix/Unity/Hub/Editor/6000.0.37f1/Editor/Data/Resources/PackageManager/BuiltInPackages/com.unity.modules.wind)
    com.unity.modules.xr@1.0.0 (location: /home/cytrix/Unity/Hub/Editor/6000.0.37f1/Editor/Data/Resources/PackageManager/BuiltInPackages/com.unity.modules.xr)
    com.unity.modules.subsystems@1.0.0 (location: /home/cytrix/Unity/Hub/Editor/6000.0.37f1/Editor/Data/Resources/PackageManager/BuiltInPackages/com.unity.modules.subsystems)
    com.unity.modules.hierarchycore@1.0.0 (location: /home/cytrix/Unity/Hub/Editor/6000.0.37f1/Editor/Data/Resources/PackageManager/BuiltInPackages/com.unity.modules.hierarchycore)
[Physics::Module] Selected backend.
[Physics::Module] Name: PhysX
[Physics::Module] Id: 0xf2b8ea05
[Physics::Module] SDK Version: 4.1.2
[Physics::Module] Integration Version: 1.0.0
[Physics::Module] Threading Mode: Multi-Threaded
[Subsystems] No new subsystems found in resolved package list.
Package Manager log level set to [2]
[Package Manager] Done registering packages in 0.27 seconds
Refreshing native plugins compatible for Editor in 4.40 ms, found 0 plugins.
Preloading 0 native plugins for Editor in 0.00 ms.
Initialize engine version: 6000.0.37f1 (090b7797214c)
[Subsystems] Discovering subsystems at path /home/cytrix/Unity/Hub/Editor/6000.0.37f1/Editor/Data/Resources/UnitySubsystems
[Subsystems] Discovering subsystems at path /media/cytrix/usbdata1/project/Lets3DGame/ldraw_importer_unity/Assets
Forcing GfxDevice: Null
GfxDevice: creating device client; kGfxThreadingModeNonThreaded
NullGfxDevice:
    Version:  NULL 1.0 [1.0]
    Renderer: Null Device
    Vendor:   Unity Technologies
[Licensing::Client] Successfully resolved entitlement details
Initialize mono
Mono path[0] = '/home/cytrix/Unity/Hub/Editor/6000.0.37f1/Editor/Data/Managed'
Mono path[1] = '/home/cytrix/Unity/Hub/Editor/6000.0.37f1/Editor/Data/MonoBleedingEdge/lib/mono/unityjit-linux'
Mono config path = '/home/cytrix/Unity/Hub/Editor/6000.0.37f1/Editor/Data/MonoBleedingEdge/etc'
Using monoOptions --debugger-agent=transport=dt_socket,embedding=1,server=y,suspend=n,address=127.0.0.1:56359
Using cacheserver namespaces - metadata:defaultmetadata, artifacts:defaultartifacts
Using cacheserver namespaces - metadata:defaultmetadata, artifacts:defaultartifacts
ImportWorker Server TCP listen port: 0
AcceleratorClientConnectionCallback - disconnected - :0
Begin MonoManager ReloadAssembly
Registering precompiled unity dll's ...
Register platform support module: /home/cytrix/Unity/Hub/Editor/6000.0.37f1/Editor/Data/PlaybackEngines/WebGLSupport/UnityEditor.WebGL.Extensions.dll
[Licensing::Client] Successfully resolved entitlement details
Register platform support module: /home/cytrix/Unity/Hub/Editor/6000.0.37f1/Editor/Data/PlaybackEngines/AndroidPlayer/UnityEditor.Android.Extensions.dll
[Licensing::Client] Successfully resolved entitlement details
Register platform support module: /home/cytrix/Unity/Hub/Editor/6000.0.37f1/Editor/Data/PlaybackEngines/iOSSupport/UnityEditor.iOS.Extensions.dll
Register platform support module: /home/cytrix/Unity/Hub/Editor/6000.0.37f1/Editor/Data/PlaybackEngines/LinuxStandaloneSupport/UnityEditor.LinuxStandalone.Extensions.dll
Registered in 0.024164 seconds.
- Loaded All Assemblies, in  0.359 seconds
Native extension for LinuxStandalone target not found
[usbmuxd] Start listen thread
[usbmuxd] Listen thread started
Native extension for iOS target not found
Native extension for Android target not found
Android Extension - Scanning For ADB Devices 605 ms
Native extension for WebGL target not found
Mono: successfully reloaded assembly
- Finished resetting the current domain, in  1.050 seconds
Domain Reload Profiling: 1409ms
	BeginReloadAssembly (76ms)
		ExecutionOrderSort (0ms)
		DisableScriptedObjects (0ms)
		BackupInstance (0ms)
		ReleaseScriptingObjects (0ms)
		CreateAndSetChildDomain (1ms)
	RebuildCommonClasses (36ms)
	RebuildNativeTypeToScriptingClass (9ms)
	initialDomainReloadingComplete (75ms)
	LoadAllAssembliesAndSetupDomain (163ms)
		LoadAssemblies (76ms)
		RebuildTransferFunctionScriptingTraits (0ms)
		AnalyzeDomain (160ms)
			TypeCache.Refresh (159ms)
				TypeCache.ScanAssembly (143ms)
			BuildScriptInfoCaches (0ms)
			ResolveRequiredComponents (0ms)
	FinalizeReload (1050ms)
		ReleaseScriptCaches (0ms)
		RebuildScriptCaches (0ms)
		SetupLoadedEditorAssemblies (1015ms)
			LogAssemblyErrors (0ms)
			InitializePlatformSupportModulesInManaged (775ms)
			SetLoadedEditorAssemblies (11ms)
			BeforeProcessingInitializeOnLoad (67ms)
			ProcessInitializeOnLoadAttributes (109ms)
			ProcessInitializeOnLoadMethodAttributes (52ms)
			AfterProcessingInitializeOnLoad (0ms)
			EditorAssembliesLoaded (0ms)
		ExecutionOrderSort2 (0ms)
		AwakeInstancesAfterBackupRestoration (0ms)
[Licensing::Client] Successfully resolved entitlement details
Application.AssetDatabase Initial Refresh Start
[40m[32minfo[39m[22m[49m: Microsoft.Hosting.Lifetime[14]
      Now listening on: http://unix:/tmp/ilpp.sock-024d861f76eb048cb671722921bdba46
[40m[32minfo[39m[22m[49m: Microsoft.Hosting.Lifetime[0]
      Application started. Press Ctrl+C to shut down.
[40m[32minfo[39m[22m[49m: Microsoft.Hosting.Lifetime[0]
      Hosting environment: Production
[40m[32minfo[39m[22m[49m: Microsoft.Hosting.Lifetime[0]
      Content root path: /media/cytrix/usbdata1/project/Lets3DGame/ldraw_importer_unity/
[40m[32minfo[39m[22m[49m: Microsoft.AspNetCore.Hosting.Diagnostics[1]
      Request starting HTTP/2 POST http://ilpp/UnityILPP.PostProcessing/Ping application/grpc -
[40m[32minfo[39m[22m[49m: Microsoft.AspNetCore.Routing.EndpointMiddleware[0]
      Executing endpoint 'gRPC - /UnityILPP.PostProcessing/Ping'
[40m[32minfo[39m[22m[49m: Microsoft.AspNetCore.Routing.EndpointMiddleware[1]
      Executed endpoint 'gRPC - /UnityILPP.PostProcessing/Ping'
[40m[32minfo[39m[22m[49m: Microsoft.AspNetCore.Hosting.Diagnostics[2]
      Request finished HTTP/2 POST http://ilpp/UnityILPP.PostProcessing/Ping application/grpc - - 200 - application/grpc 45.5568ms
Starting: /home/cytrix/Unity/Hub/Editor/6000.0.37f1/Editor/Data/bee_backend --dont-print-to-structured-log --ipc --defer-dag-verification --dagfile="Library/Bee/2400b0aE.dag" --continue-on-failure --profile="Library/Bee/backend1.traceevents" ScriptAssemblies
WorkingDir: /media/cytrix/usbdata1/project/Lets3DGame/ldraw_importer_unity
DisplayProgressbar: Compiling Scripts
ExitCode: 0 Duration: 0s185ms
*** Tundra build success (0.15 seconds), 0 items updated, 711 evaluated
AssetDatabase: script compilation time: 0.761647s
Begin MonoManager ReloadAssembly
Symbol file LoadedFromMemory is not a mono symbol file
- Loaded All Assemblies, in  0.729 seconds
Refreshing native plugins compatible for Editor in 1.25 ms, found 0 plugins.
Native extension for LinuxStandalone target not found
Native extension for iOS target not found
Native extension for Android target not found
Native extension for WebGL target not found
Refreshing native plugins compatible for Editor in 1.29 ms, found 0 plugins.
Loaded VersionHandlerImpl
UnityEngine.Debug:ExtractStackTraceNoAlloc (byte*,int,string)
UnityEngine.StackTraceUtility:ExtractStackTrace () (at /home/bokken/build/output/unity/unity/Runtime/Export/Scripting/StackTrace.cs:37)
UnityEngine.DebugLogHandler:Internal_Log (UnityEngine.LogType,UnityEngine.LogOption,string,UnityEngine.Object)
UnityEngine.DebugLogHandler:LogFormat (UnityEngine.LogType,UnityEngine.Object,string,object[])
UnityEngine.Logger:Log (UnityEngine.LogType,object)
UnityEngine.Debug:Log (object)
Google.Logger:Log (string,Google.LogLevel)
Google.VersionHandlerImpl:Log (string,bool,Google.LogLevel)
Google.VersionHandlerImpl:.cctor ()
Google.VersionHandlerImpl/DotNetVersionUpdater:.cctor ()
System.Runtime.CompilerServices.RuntimeHelpers:RunClassConstructor (System.RuntimeTypeHandle)
UnityEditor.EditorAssemblies:ProcessInitializeOnLoadAttributes (System.Type[]) (at /home/bokken/build/output/unity/unity/Editor/Mono/EditorAssemblies.cs:118)

(Filename: /home/bokken/build/output/unity/unity/Editor/Mono/EditorAssemblies.cs Line: 118)

Assets/MobileDependencyResolver/Editor/Google.IOSResolver.dll metadata will be checked
UnityEngine.Debug:ExtractStackTraceNoAlloc (byte*,int,string)
UnityEngine.StackTraceUtility:ExtractStackTrace () (at /home/bokken/build/output/unity/unity/Runtime/Export/Scripting/StackTrace.cs:37)
UnityEngine.DebugLogHandler:Internal_Log (UnityEngine.LogType,UnityEngine.LogOption,string,UnityEngine.Object)
UnityEngine.DebugLogHandler:LogFormat (UnityEngine.LogType,UnityEngine.Object,string,object[])
UnityEngine.Logger:Log (UnityEngine.LogType,object)
UnityEngine.Debug:Log (object)
Google.Logger:Log (string,Google.LogLevel)
Google.VersionHandlerImpl:Log (string,bool,Google.LogLevel)
Google.VersionHandlerImpl/FileMetadataSet:FindWithPendingUpdates (Google.VersionHandlerImpl/FileMetadataSet)
Google.VersionHandlerImpl:UpdateVersionedAssets (bool,System.Action)
Google.VersionHandlerImpl:UpdateVersionedAssets (bool)
Google.VersionHandlerImpl:UpdateVersionedAssets ()
Google.VersionHandlerImpl:UpdateVersionedAssetsOnUpdate ()
Google.VersionHandlerImpl:<VersionHandlerImpl>m__B ()
Google.RunOnMainThread:ExecuteNext ()
Google.RunOnMainThread:<ExecuteAll>m__A ()
Google.RunOnMainThread:RunAction (System.Action)
Google.RunOnMainThread:ExecuteAll ()
Google.RunOnMainThread:Run (System.Action,bool)
Google.VersionHandlerImpl:.cctor ()
Google.VersionHandlerImpl/DotNetVersionUpdater:.cctor ()
System.Runtime.CompilerServices.RuntimeHelpers:RunClassConstructor (System.RuntimeTypeHandle)
UnityEditor.EditorAssemblies:ProcessInitializeOnLoadAttributes (System.Type[]) (at /home/bokken/build/output/unity/unity/Editor/Mono/EditorAssemblies.cs:118)

(Filename: /home/bokken/build/output/unity/unity/Editor/Mono/EditorAssemblies.cs Line: 118)

Assets/MobileDependencyResolver/Editor/Google.JarResolver.dll metadata will be checked
UnityEngine.Debug:ExtractStackTraceNoAlloc (byte*,int,string)
UnityEngine.StackTraceUtility:ExtractStackTrace () (at /home/bokken/build/output/unity/unity/Runtime/Export/Scripting/StackTrace.cs:37)
UnityEngine.DebugLogHandler:Internal_Log (UnityEngine.LogType,UnityEngine.LogOption,string,UnityEngine.Object)
UnityEngine.DebugLogHandler:LogFormat (UnityEngine.LogType,UnityEngine.Object,string,object[])
UnityEngine.Logger:Log (UnityEngine.LogType,object)
UnityEngine.Debug:Log (object)
Google.Logger:Log (string,Google.LogLevel)
Google.VersionHandlerImpl:Log (string,bool,Google.LogLevel)
Google.VersionHandlerImpl/FileMetadataSet:FindWithPendingUpdates (Google.VersionHandlerImpl/FileMetadataSet)
Google.VersionHandlerImpl:UpdateVersionedAssets (bool,System.Action)
Google.VersionHandlerImpl:UpdateVersionedAssets (bool)
Google.VersionHandlerImpl:UpdateVersionedAssets ()
Google.VersionHandlerImpl:UpdateVersionedAssetsOnUpdate ()
Google.VersionHandlerImpl:<VersionHandlerImpl>m__B ()
Google.RunOnMainThread:ExecuteNext ()
Google.RunOnMainThread:<ExecuteAll>m__A ()
Google.RunOnMainThread:RunAction (System.Action)
Google.RunOnMainThread:ExecuteAll ()
Google.RunOnMainThread:Run (System.Action,bool)
Google.VersionHandlerImpl:.cctor ()
Google.VersionHandlerImpl/DotNetVersionUpdater:.cctor ()
System.Runtime.CompilerServices.RuntimeHelpers:RunClassConstructor (System.RuntimeTypeHandle)
UnityEditor.EditorAssemblies:ProcessInitializeOnLoadAttributes (System.Type[]) (at /home/bokken/build/output/unity/unity/Editor/Mono/EditorAssemblies.cs:118)

(Filename: /home/bokken/build/output/unity/unity/Editor/Mono/EditorAssemblies.cs Line: 118)

Assets/MobileDependencyResolver/Editor/Google.VersionHandler.dll metadata will be checked
UnityEngine.Debug:ExtractStackTraceNoAlloc (byte*,int,string)
UnityEngine.StackTraceUtility:ExtractStackTrace () (at /home/bokken/build/output/unity/unity/Runtime/Export/Scripting/StackTrace.cs:37)
UnityEngine.DebugLogHandler:Internal_Log (UnityEngine.LogType,UnityEngine.LogOption,string,UnityEngine.Object)
UnityEngine.DebugLogHandler:LogFormat (UnityEngine.LogType,UnityEngine.Object,string,object[])
UnityEngine.Logger:Log (UnityEngine.LogType,object)
UnityEngine.Debug:Log (object)
Google.Logger:Log (string,Google.LogLevel)
Google.VersionHandlerImpl:Log (string,bool,Google.LogLevel)
Google.VersionHandlerImpl/FileMetadataSet:FindWithPendingUpdates (Google.VersionHandlerImpl/FileMetadataSet)
Google.VersionHandlerImpl:UpdateVersionedAssets (bool,System.Action)
Google.VersionHandlerImpl:UpdateVersionedAssets (bool)
Google.VersionHandlerImpl:UpdateVersionedAssets ()
Google.VersionHandlerImpl:UpdateVersionedAssetsOnUpdate ()
Google.VersionHandlerImpl:<VersionHandlerImpl>m__B ()
Google.RunOnMainThread:ExecuteNext ()
Google.RunOnMainThread:<ExecuteAll>m__A ()
Google.RunOnMainThread:RunAction (System.Action)
Google.RunOnMainThread:ExecuteAll ()
Google.RunOnMainThread:Run (System.Action,bool)
Google.VersionHandlerImpl:.cctor ()
Google.VersionHandlerImpl/DotNetVersionUpdater:.cctor ()
System.Runtime.CompilerServices.RuntimeHelpers:RunClassConstructor (System.RuntimeTypeHandle)
UnityEditor.EditorAssemblies:ProcessInitializeOnLoadAttributes (System.Type[]) (at /home/bokken/build/output/unity/unity/Editor/Mono/EditorAssemblies.cs:118)

(Filename: /home/bokken/build/output/unity/unity/Editor/Mono/EditorAssemblies.cs Line: 118)

Assets/MobileDependencyResolver/Editor/Google.VersionHandlerImpl.dll metadata will be checked
UnityEngine.Debug:ExtractStackTraceNoAlloc (byte*,int,string)
UnityEngine.StackTraceUtility:ExtractStackTrace () (at /home/bokken/build/output/unity/unity/Runtime/Export/Scripting/StackTrace.cs:37)
UnityEngine.DebugLogHandler:Internal_Log (UnityEngine.LogType,UnityEngine.LogOption,string,UnityEngine.Object)
UnityEngine.DebugLogHandler:LogFormat (UnityEngine.LogType,UnityEngine.Object,string,object[])
UnityEngine.Logger:Log (UnityEngine.LogType,object)
UnityEngine.Debug:Log (object)
Google.Logger:Log (string,Google.LogLevel)
Google.VersionHandlerImpl:Log (string,bool,Google.LogLevel)
Google.VersionHandlerImpl/FileMetadataSet:FindWithPendingUpdates (Google.VersionHandlerImpl/FileMetadataSet)
Google.VersionHandlerImpl:UpdateVersionedAssets (bool,System.Action)
Google.VersionHandlerImpl:UpdateVersionedAssets (bool)
Google.VersionHandlerImpl:UpdateVersionedAssets ()
Google.VersionHandlerImpl:UpdateVersionedAssetsOnUpdate ()
Google.VersionHandlerImpl:<VersionHandlerImpl>m__B ()
Google.RunOnMainThread:ExecuteNext ()
Google.RunOnMainThread:<ExecuteAll>m__A ()
Google.RunOnMainThread:RunAction (System.Action)
Google.RunOnMainThread:ExecuteAll ()
Google.RunOnMainThread:Run (System.Action,bool)
Google.VersionHandlerImpl:.cctor ()
Google.VersionHandlerImpl/DotNetVersionUpdater:.cctor ()
System.Runtime.CompilerServices.RuntimeHelpers:RunClassConstructor (System.RuntimeTypeHandle)
UnityEditor.EditorAssemblies:ProcessInitializeOnLoadAttributes (System.Type[]) (at /home/bokken/build/output/unity/unity/Editor/Mono/EditorAssemblies.cs:118)

(Filename: /home/bokken/build/output/unity/unity/Editor/Mono/EditorAssemblies.cs Line: 118)

Assets/MobileDependencyResolver/Editor/mobile-dependency-resolver.txt metadata will be checked
UnityEngine.Debug:ExtractStackTraceNoAlloc (byte*,int,string)
UnityEngine.StackTraceUtility:ExtractStackTrace () (at /home/bokken/build/output/unity/unity/Runtime/Export/Scripting/StackTrace.cs:37)
UnityEngine.DebugLogHandler:Internal_Log (UnityEngine.LogType,UnityEngine.LogOption,string,UnityEngine.Object)
UnityEngine.DebugLogHandler:LogFormat (UnityEngine.LogType,UnityEngine.Object,string,object[])
UnityEngine.Logger:Log (UnityEngine.LogType,object)
UnityEngine.Debug:Log (object)
Google.Logger:Log (string,Google.LogLevel)
Google.VersionHandlerImpl:Log (string,bool,Google.LogLevel)
Google.VersionHandlerImpl/FileMetadataSet:FindWithPendingUpdates (Google.VersionHandlerImpl/FileMetadataSet)
Google.VersionHandlerImpl:UpdateVersionedAssets (bool,System.Action)
Google.VersionHandlerImpl:UpdateVersionedAssets (bool)
Google.VersionHandlerImpl:UpdateVersionedAssets ()
Google.VersionHandlerImpl:UpdateVersionedAssetsOnUpdate ()
Google.VersionHandlerImpl:<VersionHandlerImpl>m__B ()
Google.RunOnMainThread:ExecuteNext ()
Google.RunOnMainThread:<ExecuteAll>m__A ()
Google.RunOnMainThread:RunAction (System.Action)
Google.RunOnMainThread:ExecuteAll ()
Google.RunOnMainThread:Run (System.Action,bool)
Google.VersionHandlerImpl:.cctor ()
Google.VersionHandlerImpl/DotNetVersionUpdater:.cctor ()
System.Runtime.CompilerServices.RuntimeHelpers:RunClassConstructor (System.RuntimeTypeHandle)
UnityEditor.EditorAssemblies:ProcessInitializeOnLoadAttributes (System.Type[]) (at /home/bokken/build/output/unity/unity/Editor/Mono/EditorAssemblies.cs:118)

(Filename: /home/bokken/build/output/unity/unity/Editor/Mono/EditorAssemblies.cs Line: 118)

Detected .NET version 4.5
UnityEngine.Debug:ExtractStackTraceNoAlloc (byte*,int,string)
UnityEngine.StackTraceUtility:ExtractStackTrace () (at /home/bokken/build/output/unity/unity/Runtime/Export/Scripting/StackTrace.cs:37)
UnityEngine.DebugLogHandler:Internal_Log (UnityEngine.LogType,UnityEngine.LogOption,string,UnityEngine.Object)
UnityEngine.DebugLogHandler:LogFormat (UnityEngine.LogType,UnityEngine.Object,string,object[])
UnityEngine.Logger:Log (UnityEngine.LogType,object)
UnityEngine.Debug:Log (object)
Google.Logger:Log (string,Google.LogLevel)
Google.VersionHandlerImpl:Log (string,bool,Google.LogLevel)
Google.VersionHandlerImpl/DotNetVersionUpdater:.cctor ()
System.Runtime.CompilerServices.RuntimeHelpers:RunClassConstructor (System.RuntimeTypeHandle)
UnityEditor.EditorAssemblies:ProcessInitializeOnLoadAttributes (System.Type[]) (at /home/bokken/build/output/unity/unity/Editor/Mono/EditorAssemblies.cs:118)

(Filename: /home/bokken/build/output/unity/unity/Editor/Mono/EditorAssemblies.cs Line: 118)

Mono: successfully reloaded assembly
- Finished resetting the current domain, in  0.956 seconds
Domain Reload Profiling: 1684ms
	BeginReloadAssembly (318ms)
		ExecutionOrderSort (0ms)
		DisableScriptedObjects (10ms)
		BackupInstance (0ms)
		ReleaseScriptingObjects (0ms)
		CreateAndSetChildDomain (177ms)
	RebuildCommonClasses (36ms)
	RebuildNativeTypeToScriptingClass (8ms)
	initialDomainReloadingComplete (25ms)
	LoadAllAssembliesAndSetupDomain (340ms)
		LoadAssemblies (266ms)
		RebuildTransferFunctionScriptingTraits (0ms)
		AnalyzeDomain (145ms)
			TypeCache.Refresh (103ms)
				TypeCache.ScanAssembly (87ms)
			BuildScriptInfoCaches (37ms)
			ResolveRequiredComponents (2ms)
	FinalizeReload (956ms)
		ReleaseScriptCaches (0ms)
		RebuildScriptCaches (0ms)
		SetupLoadedEditorAssemblies (832ms)
			LogAssemblyErrors (0ms)
			InitializePlatformSupportModulesInManaged (108ms)
			SetLoadedEditorAssemblies (6ms)
			BeforeProcessingInitializeOnLoad (113ms)
			ProcessInitializeOnLoadAttributes (442ms)
			ProcessInitializeOnLoadMethodAttributes (157ms)
			AfterProcessingInitializeOnLoad (6ms)
			EditorAssembliesLoaded (0ms)
		ExecutionOrderSort2 (0ms)
		AwakeInstancesAfterBackupRestoration (5ms)
Asset Pipeline Refresh (id=c140023a1220d3beb9a0096610de7461): Total: 2.961 seconds - Initiated by InitialRefreshV2(ForceSynchronousImport)
	Summary:
		Imports: total=0 (actual=0, local cache=0, cache server=0)
		Asset DB Process Time: managed=0 ms, native=1384 ms
		Asset DB Callback time: managed=25 ms, native=0 ms
		Scripting: domain reloads=1, domain reload time=760 ms, compile time=763 ms, other=26 ms
		Project Asset Count: scripts=826, non-scripts=1182
		Asset File Changes: new=0, changed=0, moved=0, deleted=0
		Scan Filter Count: 1
	InvokeCustomDependenciesCallbacks: 0.005ms
	InvokePackagesCallback: 0.539ms
	ApplyChangesToAssetFolders: 0.457ms
	Scan: 267.610ms
	OnSourceAssetsModified: 0.004ms
	CategorizeAssetsWithTransientArtifact: 18.574ms
	ProcessAssetsWithTransientArtifactChanges: 35.744ms
	CategorizeAssets: 17.833ms
	ImportOutOfDateAssets: 964.121ms (199.857ms without children)
		CompileScripts: 763.182ms
		ReloadNativeAssets: 0.001ms
		UnloadImportedAssets: 0.298ms
		EnsureUptoDateAssetsAreRegisteredWithGuidPM: 0.344ms
		InitializingProgressBar: 0.000ms
		PostProcessAllAssetNotificationsAddChangedAssets: 0.000ms
		OnDemandSchedulerStart: 0.439ms
	PostProcessAllAssets: 25.702ms
	GatherAllCurrentPrimaryArtifactRevisions: 0.001ms
	UnloadStreamsBegin: 1.977ms
	PersistCurrentRevisions: 0.104ms
	UnloadStreamsEnd: 0.001ms
	GenerateScriptTypeHashes: 1.684ms
	Untracked: 1628.778ms

Application.AssetDatabase Initial Refresh End
Scanning for USB devices : 6.009ms
Initializing Unity extensions:
[Licensing::Client] Successfully resolved entitlement details
UpdateMenuTitleForLanguage: 10
[MODES] ModeService[none].Initialize
[MODES] ModeService[none].LoadModes
[MODES] Loading mode Default (0) for mode-current-id-LDraw-Importer
Unloading 3 Unused Serialized files (Serialized files now loaded: 0)
Unloading 2868 unused Assets / (1.0 MB). Loaded Objects now: 3368.
Memory consumption went from 107.8 MB to 106.8 MB.
Total: 15.399285 ms (FindLiveObjects: 0.379143 ms CreateObjectMapping: 0.239251 ms MarkObjects: 12.616862 ms  DeleteObjects: 2.163285 ms)

[ServicesCore]: To use Unity's dashboard services, you need to link your Unity project to a project ID. To do this, go to Project Settings to select your organization, select your project and then link a project ID. You also need to make sure your organization has access to the required products. Visit https://dashboard.unity3d.com to sign up.
UnityEngine.Debug:ExtractStackTraceNoAlloc (byte*,int,string)
UnityEngine.StackTraceUtility:ExtractStackTrace () (at /home/bokken/build/output/unity/unity/Runtime/Export/Scripting/StackTrace.cs:37)
UnityEngine.DebugLogHandler:Internal_Log (UnityEngine.LogType,UnityEngine.LogOption,string,UnityEngine.Object)
UnityEngine.DebugLogHandler:LogFormat (UnityEngine.LogType,UnityEngine.Object,string,object[])
UnityEngine.Logger:LogWarning (string,object)
Unity.Services.Core.Internal.CoreLogger:LogWarning (object) (at /home/cytrix/project/Lets3DGame/ldraw_importer_unity/Library/PackageCache/com.unity.services.core@9e81a5e38245/Runtime/Core.Internal/Logging/CoreLogger.cs:15)
Unity.Services.Core.Editor.ProjectUnlinkBuildWarning:OnPreprocessBuild (UnityEditor.Build.Reporting.BuildReport) (at /home/cytrix/project/Lets3DGame/ldraw_importer_unity/Library/PackageCache/com.unity.services.core@9e81a5e38245/Editor/Core/Build/ProjectUnlinkBuildWarning.cs:29)
UnityEditor.Build.BuildPipelineInterfaces/<>c__DisplayClass16_0:<OnBuildPreProcess>b__1 (UnityEditor.Build.IPreprocessBuildWithReport) (at /home/bokken/build/output/unity/unity/Editor/Mono/BuildPipeline/BuildPipelineInterfaces.cs:503)
UnityEditor.Build.BuildPipelineInterfaces:InvokeCallbackInterfacesPair<UnityEditor.Build.IPreprocessBuild, UnityEditor.Build.IPreprocessBuildWithReport> (System.Collections.Generic.List`1<UnityEditor.Build.IPreprocessBuild>,System.Action`1<UnityEditor.Build.IPreprocessBuild>,System.Collections.Generic.List`1<UnityEditor.Build.IPreprocessBuildWithReport>,System.Action`1<UnityEditor.Build.IPreprocessBuildWithReport>,bool) (at /home/bokken/build/output/unity/unity/Editor/Mono/BuildPipeline/BuildPipelineInterfaces.cs:469)
UnityEditor.Build.BuildPipelineInterfaces:OnBuildPreProcess (UnityEditor.Build.Reporting.BuildReport) (at /home/bokken/build/output/unity/unity/Editor/Mono/BuildPipeline/BuildPipelineInterfaces.cs:501)
UnityEditor.BuildPipeline:BuildPlayerInternalNoCheck (string[],string,string,UnityEditor.BuildTargetGroup,UnityEditor.BuildTarget,int,UnityEditor.BuildOptions,string[],bool)
UnityEditor.BuildPipeline:BuildPlayerInternal (string[],string,string,UnityEditor.BuildTargetGroup,UnityEditor.BuildTarget,int,UnityEditor.BuildOptions,string[]) (at /home/bokken/build/output/unity/unity/Editor/Mono/BuildPipeline.bindings.cs:534)
UnityEditor.BuildPipeline:BuildPlayer (string[],string,string,UnityEditor.BuildTargetGroup,UnityEditor.BuildTarget,int,UnityEditor.BuildOptions,string[]) (at /home/bokken/build/output/unity/unity/Editor/Mono/BuildPipeline.bindings.cs:418)
UnityEditor.BuildPipeline:BuildPlayer (UnityEditor.BuildPlayerOptions) (at /home/bokken/build/output/unity/unity/Editor/Mono/BuildPipeline.bindings.cs:364)
BuildScript:BuildHeadlessLinux () (at Assets/Editor/BuildScript.cs:15)

(Filename: /home/cytrix/project/Lets3DGame/ldraw_importer_unity/Library/PackageCache/com.unity.services.core@9e81a5e38245/Editor/Core/Build/ProjectUnlinkBuildWarning.cs Line: 29)

Launched and connected shader compiler UnityShaderCompiler after 0.02 seconds
[40m[32minfo[39m[22m[49m: Microsoft.AspNetCore.Hosting.Diagnostics[1]
      Request starting HTTP/2 POST http://ilpp/UnityILPP.PostProcessing/Ping application/grpc -
[40m[32minfo[39m[22m[49m: Microsoft.AspNetCore.Routing.EndpointMiddleware[0]
      Executing endpoint 'gRPC - /UnityILPP.PostProcessing/Ping'
[40m[32minfo[39m[22m[49m: Microsoft.AspNetCore.Routing.EndpointMiddleware[1]
      Executed endpoint 'gRPC - /UnityILPP.PostProcessing/Ping'
[40m[32minfo[39m[22m[49m: Microsoft.AspNetCore.Hosting.Diagnostics[2]
      Request finished HTTP/2 POST http://ilpp/UnityILPP.PostProcessing/Ping application/grpc - - 200 - application/grpc 3.9505ms
Starting: /home/cytrix/Unity/Hub/Editor/6000.0.37f1/Editor/Data/bee_backend --dont-print-to-structured-log --ipc --defer-dag-verification --dagfile="Library/Bee/2400b0aESkipCompile.dag" --continue-on-failure --profile="Library/Bee/backend1.traceevents" ScriptAssembliesAndTypeDB
WorkingDir: /media/cytrix/usbdata1/project/Lets3DGame/ldraw_importer_unity
ExitCode: 0 Duration: 0s166ms
*** Tundra build success (0.12 seconds), 0 items updated, 3 evaluated
Asset Pipeline Refresh (id=ffec1acde2e41435f9e08511a492a4f0): Total: 0.072 seconds - Initiated by RefreshV2(NoUpdateAssetOptions)
[ScriptCompilation] Requested script compilation because: Recompiling scripts for player build.
BuildPlayer: start building target 24
[40m[32minfo[39m[22m[49m: Microsoft.AspNetCore.Hosting.Diagnostics[1]
      Request starting HTTP/2 POST http://ilpp/UnityILPP.PostProcessing/Ping application/grpc -
[40m[32minfo[39m[22m[49m: Microsoft.AspNetCore.Routing.EndpointMiddleware[0]
      Executing endpoint 'gRPC - /UnityILPP.PostProcessing/Ping'
[40m[32minfo[39m[22m[49m: Microsoft.AspNetCore.Routing.EndpointMiddleware[1]
      Executed endpoint 'gRPC - /UnityILPP.PostProcessing/Ping'
[40m[32minfo[39m[22m[49m: Microsoft.AspNetCore.Hosting.Diagnostics[2]
      Request finished HTTP/2 POST http://ilpp/UnityILPP.PostProcessing/Ping application/grpc - - 200 - application/grpc 1.0960ms
Starting: /home/cytrix/Unity/Hub/Editor/6000.0.37f1/Editor/Data/bee_backend --dont-print-to-structured-log --ipc --defer-dag-verification --dagfile="Library/Bee/2400b0aP.dag" --continue-on-failure --profile="Library/Bee/backend1.traceevents" ScriptAssembliesAndTypeDB
WorkingDir: /media/cytrix/usbdata1/project/Lets3DGame/ldraw_importer_unity
Total cache size 268358160
Total cache size after purge 268358160, took 00:00:00.3395462
ExitCode: 3 Duration: 1s456ms
[230/387    0s] CopyFiles Library/Bee/PlayerScriptAssemblies/UnityEngine.UI.dll
[235/387    0s] CopyFiles Library/Bee/PlayerScriptAssemblies/UnityEngine.Purchasing.SecurityCore.dll
[239/387    0s] CopyFiles Library/Bee/PlayerScriptAssemblies/Unity.Analytics.DataPrivacy.dll
[247/387    0s] CopyFiles Library/Bee/PlayerScriptAssemblies/UnityEngine.UI.pdb
[250/387    0s] CopyFiles Library/Bee/PlayerScriptAssemblies/UnityEngine.Purchasing.WinRTCore.dll
[251/387    0s] CopyFiles Library/Bee/PlayerScriptAssemblies/UnityEngine.Purchasing.WinRTCore.pdb
[253/387    0s] CopyFiles Library/Bee/PlayerScriptAssemblies/UnityEngine.SpatialTracking.dll
[256/387    0s] CopyFiles Library/Bee/PlayerScriptAssemblies/Unity.Analytics.DataPrivacy.pdb
[257/387    0s] CopyFiles Library/Bee/PlayerScriptAssemblies/Unity.AI.Navigation.dll
[258/387    0s] CopyFiles Library/Bee/PlayerScriptAssemblies/Unity.AI.Navigation.pdb
[266/387    0s] CopyFiles Library/Bee/PlayerScriptAssemblies/UnityEngine.Purchasing.SecurityCore.pdb
[268/387    0s] CopyFiles Library/Bee/PlayerScriptAssemblies/UnityEngine.SpatialTracking.pdb
[269/387    0s] CopyFiles Library/Bee/PlayerScriptAssemblies/Unity.Multiplayer.Center.Common.dll
[272/387    0s] CopyFiles Library/Bee/PlayerScriptAssemblies/Unity.Multiplayer.Center.Common.pdb
[273/387    0s] CopyFiles Library/Bee/PlayerScriptAssemblies/UnityEngine.Purchasing.SecurityStub.pdb
[275/387    0s] CopyFiles Library/Bee/PlayerScriptAssemblies/UnityEngine.Purchasing.WinRTStub.dll
[276/387    0s] CopyFiles Library/Bee/PlayerScriptAssemblies/Unity.Timeline.dll
[277/387    0s] CopyFiles Library/Bee/PlayerScriptAssemblies/UnityEngine.Purchasing.WinRTStub.pdb
[278/387    0s] CopyFiles Library/Bee/PlayerScriptAssemblies/UnityEngine.Advertisements.pdb
[279/387    0s] CopyFiles Library/Bee/PlayerScriptAssemblies/Unity.Services.Core.dll
[280/387    0s] CopyFiles Library/Bee/PlayerScriptAssemblies/UnityEngine.Purchasing.SecurityStub.dll
[281/387    0s] CopyFiles Library/Bee/PlayerScriptAssemblies/Unity.Timeline.pdb
[283/387    0s] CopyFiles Library/Bee/PlayerScriptAssemblies/Unity.TextMeshPro.pdb
[284/387    0s] CopyFiles Library/Bee/PlayerScriptAssemblies/UnityEngine.XR.LegacyInputHelpers.dll
[285/387    0s] CopyFiles Library/Bee/PlayerScriptAssemblies/UnityEngine.Advertisements.dll
[287/387    0s] CopyFiles Library/Bee/PlayerScriptAssemblies/Unity.Services.Core.Analytics.pdb
[288/387    0s] CopyFiles Library/Bee/PlayerScriptAssemblies/Unity.Services.Core.pdb
[289/387    0s] CopyFiles Library/Bee/PlayerScriptAssemblies/UnityEngine.XR.LegacyInputHelpers.pdb
[294/387    0s] CopyFiles Library/Bee/PlayerScriptAssemblies/Unity.Services.Core.Analytics.dll
[302/387    0s] CopyFiles Library/Bee/PlayerScriptAssemblies/Unity.Services.Core.Internal.pdb
[303/387    0s] CopyFiles Library/Bee/PlayerScriptAssemblies/Unity.Services.Core.Internal.dll
[304/387    0s] CopyFiles Library/Bee/PlayerScriptAssemblies/Unity.TextMeshPro.dll
[317/387    0s] CopyFiles Library/Bee/PlayerScriptAssemblies/Unity.Services.Core.Configuration.dll
[318/387    0s] CopyFiles Library/Bee/PlayerScriptAssemblies/Unity.Services.Core.Device.dll
[319/387    0s] CopyFiles Library/Bee/PlayerScriptAssemblies/Unity.Services.Core.Environments.Internal.dll
[322/387    0s] CopyFiles Library/Bee/PlayerScriptAssemblies/Unity.Services.Core.Telemetry.dll
[323/387    0s] CopyFiles Library/Bee/PlayerScriptAssemblies/Unity.Services.Core.Environments.Internal.pdb
[325/387    0s] CopyFiles Library/Bee/PlayerScriptAssemblies/Unity.Services.Core.Telemetry.pdb
[326/387    0s] CopyFiles Library/Bee/PlayerScriptAssemblies/Unity.Services.Core.Device.pdb
[327/387    0s] CopyFiles Library/Bee/PlayerScriptAssemblies/Unity.Services.Core.Networking.pdb
[329/387    0s] CopyFiles Library/Bee/PlayerScriptAssemblies/Unity.Services.Core.Environments.pdb
[333/387    0s] CopyFiles Library/Bee/PlayerScriptAssemblies/Purchasing.Common.dll
[336/387    0s] CopyFiles Library/Bee/PlayerScriptAssemblies/Unity.Services.Core.Configuration.pdb
[339/387    0s] CopyFiles Library/Bee/PlayerScriptAssemblies/Purchasing.Common.pdb
[341/387    0s] CopyFiles Library/Bee/PlayerScriptAssemblies/UnityEngine.Purchasing.AppleCore.dll
[342/387    0s] CopyFiles Library/Bee/PlayerScriptAssemblies/Unity.Services.Analytics.dll
[343/387    0s] CopyFiles Library/Bee/PlayerScriptAssemblies/Unity.Services.Core.Threading.dll
[345/387    0s] CopyFiles Library/Bee/PlayerScriptAssemblies/Unity.Services.Core.Scheduler.pdb
[347/387    0s] CopyFiles Library/Bee/PlayerScriptAssemblies/Unity.Services.Core.Scheduler.dll
[348/387    0s] CopyFiles Library/Bee/PlayerScriptAssemblies/Unity.Services.Core.Networking.dll
[352/387    0s] CopyFiles Library/Bee/PlayerScriptAssemblies/UnityEngine.Purchasing.AppleCore.pdb
[353/387    0s] CopyFiles Library/Bee/PlayerScriptAssemblies/Unity.Services.Core.Threading.pdb
[357/387    0s] CopyFiles Library/Bee/PlayerScriptAssemblies/Unity.Services.Analytics.pdb
[358/387    0s] CopyFiles Library/Bee/PlayerScriptAssemblies/Unity.Services.Core.Registration.pdb
[359/387    0s] CopyFiles Library/Bee/PlayerScriptAssemblies/Unity.Services.Core.Environments.dll
[360/387    0s] CopyFiles Library/Bee/PlayerScriptAssemblies/Unity.Services.Core.Registration.dll
[362/387    0s] CopyFiles Library/Bee/PlayerScriptAssemblies/UnityEngine.Purchasing.AppleStub.pdb
[364/387    0s] CopyFiles Library/Bee/PlayerScriptAssemblies/UnityEngine.Purchasing.AppleStub.dll
[365/387    0s] CopyFiles Library/Bee/PlayerScriptAssemblies/UnityEngine.Purchasing.AppleMacosStub.pdb
[366/387    0s] CopyFiles Library/Bee/PlayerScriptAssemblies/UnityEngine.Purchasing.pdb
[367/387    0s] CopyFiles Library/Bee/PlayerScriptAssemblies/UnityEngine.Purchasing.AppleMacosStub.dll
[368/387    0s] CopyFiles Library/Bee/PlayerScriptAssemblies/Unity.Services.Core.Components.dll
[370/387    0s] CopyFiles Library/Bee/PlayerScriptAssemblies/UnityEngine.Purchasing.dll
[371/387    0s] CopyFiles Library/Bee/PlayerScriptAssemblies/Unity.Services.Core.Components.pdb
[377/387    0s] CopyFiles Library/Bee/PlayerScriptAssemblies/UnityEngine.Purchasing.Stores.pdb
[379/387    0s] CopyFiles Library/Bee/PlayerScriptAssemblies/UnityEngine.Purchasing.Stores.dll
[380/387    0s] CopyFiles Library/Bee/PlayerScriptAssemblies/UnityEngine.Purchasing.Codeless.pdb
[381/387    0s] CopyFiles Library/Bee/PlayerScriptAssemblies/UnityEngine.Purchasing.Codeless.dll
[382/387    1s] Csc Library/Bee/artifacts/2400b0aP.dag/Assembly-CSharp.dll (+2 others)
##### CommandLine
"/home/cytrix/Unity/Hub/Editor/6000.0.37f1/Editor/Data/NetCoreRuntime/dotnet" exec "/home/cytrix/Unity/Hub/Editor/6000.0.37f1/Editor/Data/DotNetSdkRoslyn/csc.dll" /nostdlib /noconfig /shared "@Library/Bee/artifacts/2400b0aP.dag/Assembly-CSharp.rsp" "@Library/Bee/artifacts/2400b0aP.dag/Assembly-CSharp.rsp2"
##### Contents of Library/Bee/artifacts/2400b0aP.dag/Assembly-CSharp.rsp
-target:library
-out:"Library/Bee/artifacts/2400b0aP.dag/Assembly-CSharp.dll"
-refout:"Library/Bee/artifacts/2400b0aP.dag/Assembly-CSharp.ref.dll"
-define:UNITY_6000_0_37
-define:UNITY_6000_0
-define:UNITY_6000
-define:UNITY_5_3_OR_NEWER
-define:UNITY_5_4_OR_NEWER
-define:UNITY_5_5_OR_NEWER
-define:UNITY_5_6_OR_NEWER
-define:UNITY_2017_1_OR_NEWER
-define:UNITY_2017_2_OR_NEWER
-define:UNITY_2017_3_OR_NEWER
-define:UNITY_2017_4_OR_NEWER
-define:UNITY_2018_1_OR_NEWER
-define:UNITY_2018_2_OR_NEWER
-define:UNITY_2018_3_OR_NEWER
-define:UNITY_2018_4_OR_NEWER
-define:UNITY_2019_1_OR_NEWER
-define:UNITY_2019_2_OR_NEWER
-define:UNITY_2019_3_OR_NEWER
-define:UNITY_2019_4_OR_NEWER
-define:UNITY_2020_1_OR_NEWER
-define:UNITY_2020_2_OR_NEWER
-define:UNITY_2020_3_OR_NEWER
-define:UNITY_2021_1_OR_NEWER
-define:UNITY_2021_2_OR_NEWER
-define:UNITY_2021_3_OR_NEWER
-define:UNITY_2022_1_OR_NEWER
-define:UNITY_2022_2_OR_NEWER
-define:UNITY_2022_3_OR_NEWER
-define:UNITY_2023_1_OR_NEWER
-define:UNITY_2023_2_OR_NEWER
-define:UNITY_2023_3_OR_NEWER
-define:UNITY_6000_0_OR_NEWER
-define:PLATFORM_ARCH_64
-define:UNITY_64
-define:UNITY_ANALYTICS
-define:ENABLE_AUDIO
-define:ENABLE_CACHING
-define:ENABLE_CLOTH
-define:ENABLE_MICROPHONE
-define:ENABLE_MULTIPLE_DISPLAYS
-define:ENABLE_PHYSICS
-define:ENABLE_TEXTURE_STREAMING
-define:ENABLE_VIRTUALTEXTURING
-define:ENABLE_LZMA
-define:ENABLE_UNITYEVENTS
-define:ENABLE_VR
-define:ENABLE_WEBCAM
-define:ENABLE_UNITYWEBREQUEST
-define:ENABLE_WWW
-define:ENABLE_CLOUD_SERVICES
-define:ENABLE_CLOUD_SERVICES_ADS
-define:ENABLE_CLOUD_SERVICES_USE_WEBREQUEST
-define:ENABLE_CLOUD_SERVICES_CRASH_REPORTING
-define:ENABLE_CLOUD_SERVICES_PURCHASING
-define:ENABLE_CLOUD_SERVICES_ANALYTICS
-define:ENABLE_CLOUD_SERVICES_BUILD
-define:ENABLE_EDITOR_GAME_SERVICES
-define:ENABLE_UNITY_GAME_SERVICES_ANALYTICS_SUPPORT
-define:ENABLE_CLOUD_LICENSE
-define:ENABLE_EDITOR_HUB_LICENSE
-define:ENABLE_WEBSOCKET_CLIENT
-define:ENABLE_GENERATE_NATIVE_PLUGINS_FOR_ASSEMBLIES_API
-define:ENABLE_DIRECTOR_AUDIO
-define:ENABLE_DIRECTOR_TEXTURE
-define:ENABLE_MANAGED_JOBS
-define:ENABLE_MANAGED_TRANSFORM_JOBS
-define:ENABLE_MANAGED_ANIMATION_JOBS
-define:ENABLE_MANAGED_AUDIO_JOBS
-define:ENABLE_MANAGED_UNITYTLS
-define:INCLUDE_DYNAMIC_GI
-define:ENABLE_SCRIPTING_GC_WBARRIERS
-define:PLATFORM_SUPPORTS_MONO
-define:RENDER_SOFTWARE_CURSOR
-define:ENABLE_MARSHALLING_TESTS
-define:ENABLE_VIDEO
-define:ENABLE_NAVIGATION_OFFMESHLINK_TO_NAVMESHLINK
-define:ENABLE_ACCELERATOR_CLIENT_DEBUGGING
-define:TEXTCORE_1_0_OR_NEWER
-define:EDITOR_ONLY_NAVMESH_BUILDER_DEPRECATED
-define:PLATFORM_STANDALONE_LINUX
-define:PLATFORM_STANDALONE
-define:UNITY_STANDALONE_LINUX
-define:UNITY_STANDALONE
-define:UNITY_STANDALONE_LINUX_API
-define:ENABLE_RUNTIME_GI
-define:ENABLE_MOVIES
-define:ENABLE_NETWORK
-define:ENABLE_CRUNCH_TEXTURE_COMPRESSION
-define:ENABLE_CLUSTER_SYNC
-define:ENABLE_CLUSTERINPUT
-define:ENABLE_SPATIALTRACKING
-define:ENABLE_MODULAR_UNITYENGINE_ASSEMBLIES
-define:PLATFORM_SUPPORTS_SPLIT_GRAPHICS_JOBS
-define:PLATFORM_USES_EXPLICIT_MEMORY_MANAGER_INITIALIZER
-define:ENABLE_MONO
-define:NET_STANDARD_2_0
-define:NET_STANDARD
-define:NET_STANDARD_2_1
-define:NETSTANDARD
-define:NETSTANDARD2_1
-define:UNITY_SERVER
-define:ENABLE_CUSTOM_RENDER_TEXTURE
-define:ENABLE_DIRECTOR
-define:ENABLE_LOCALIZATION
-define:ENABLE_SPRITES
-define:ENABLE_TERRAIN
-define:ENABLE_TILEMAP
-define:ENABLE_TIMELINE
-define:ENABLE_LEGACY_INPUT_MANAGER
-define:TEXTCORE_FONT_ENGINE_1_5_OR_NEWER
-define:TEXTCORE_TEXT_ENGINE_1_5_OR_NEWER
-define:CSHARP_7_OR_LATER
-define:CSHARP_7_3_OR_NEWER
-r:"/home/cytrix/Unity/Hub/Editor/6000.0.37f1/Editor/Data/NetStandard/Extensions/2.0.0/System.Runtime.InteropServices.WindowsRuntime.dll"
-r:"/home/cytrix/Unity/Hub/Editor/6000.0.37f1/Editor/Data/NetStandard/compat/2.1.0/shims/netfx/System.ComponentModel.Composition.dll"
-r:"/home/cytrix/Unity/Hub/Editor/6000.0.37f1/Editor/Data/NetStandard/compat/2.1.0/shims/netfx/System.Core.dll"
-r:"/home/cytrix/Unity/Hub/Editor/6000.0.37f1/Editor/Data/NetStandard/compat/2.1.0/shims/netfx/System.Data.dll"
-r:"/home/cytrix/Unity/Hub/Editor/6000.0.37f1/Editor/Data/NetStandard/compat/2.1.0/shims/netfx/System.Drawing.dll"
-r:"/home/cytrix/Unity/Hub/Editor/6000.0.37f1/Editor/Data/NetStandard/compat/2.1.0/shims/netfx/System.IO.Compression.FileSystem.dll"
-r:"/home/cytrix/Unity/Hub/Editor/6000.0.37f1/Editor/Data/NetStandard/compat/2.1.0/shims/netfx/System.Net.dll"
-r:"/home/cytrix/Unity/Hub/Editor/6000.0.37f1/Editor/Data/NetStandard/compat/2.1.0/shims/netfx/System.Numerics.dll"
-r:"/home/cytrix/Unity/Hub/Editor/6000.0.37f1/Editor/Data/NetStandard/compat/2.1.0/shims/netfx/System.Runtime.Serialization.dll"
-r:"/home/cytrix/Unity/Hub/Editor/6000.0.37f1/Editor/Data/NetStandard/compat/2.1.0/shims/netfx/System.ServiceModel.Web.dll"
-r:"/home/cytrix/Unity/Hub/Editor/6000.0.37f1/Editor/Data/NetStandard/compat/2.1.0/shims/netfx/System.Transactions.dll"
-r:"/home/cytrix/Unity/Hub/Editor/6000.0.37f1/Editor/Data/NetStandard/compat/2.1.0/shims/netfx/System.Web.dll"
-r:"/home/cytrix/Unity/Hub/Editor/6000.0.37f1/Editor/Data/NetStandard/compat/2.1.0/shims/netfx/System.Windows.dll"
-r:"/home/cytrix/Unity/Hub/Editor/6000.0.37f1/Editor/Data/NetStandard/compat/2.1.0/shims/netfx/System.Xml.Linq.dll"
-r:"/home/cytrix/Unity/Hub/Editor/6000.0.37f1/Editor/Data/NetStandard/compat/2.1.0/shims/netfx/System.Xml.Serialization.dll"
-r:"/home/cytrix/Unity/Hub/Editor/6000.0.37f1/Editor/Data/NetStandard/compat/2.1.0/shims/netfx/System.Xml.dll"
-r:"/home/cytrix/Unity/Hub/Editor/6000.0.37f1/Editor/Data/NetStandard/compat/2.1.0/shims/netfx/System.dll"
-r:"/home/cytrix/Unity/Hub/Editor/6000.0.37f1/Editor/Data/NetStandard/compat/2.1.0/shims/netfx/mscorlib.dll"
-r:"/home/cytrix/Unity/Hub/Editor/6000.0.37f1/Editor/Data/NetStandard/compat/2.1.0/shims/netstandard/Microsoft.Win32.Primitives.dll"
-r:"/home/cytrix/Unity/Hub/Editor/6000.0.37f1/Editor/Data/NetStandard/compat/2.1.0/shims/netstandard/System.AppContext.dll"
-r:"/home/cytrix/Unity/Hub/Editor/6000.0.37f1/Editor/Data/NetStandard/compat/2.1.0/shims/netstandard/System.Buffers.dll"
-r:"/home/cytrix/Unity/Hub/Editor/6000.0.37f1/Editor/Data/NetStandard/compat/2.1.0/shims/netstandard/System.Collections.Concurrent.dll"
-r:"/home/cytrix/Unity/Hub/Editor/6000.0.37f1/Editor/Data/NetStandard/compat/2.1.0/shims/netstandard/System.Collections.NonGeneric.dll"
-r:"/home/cytrix/Unity/Hub/Editor/6000.0.37f1/Editor/Data/NetStandard/compat/2.1.0/shims/netstandard/System.Collections.Specialized.dll"
-r:"/home/cytrix/Unity/Hub/Editor/6000.0.37f1/Editor/Data/NetStandard/compat/2.1.0/shims/netstandard/System.Collections.dll"
-r:"/home/cytrix/Unity/Hub/Editor/6000.0.37f1/Editor/Data/NetStandard/compat/2.1.0/shims/netstandard/System.ComponentModel.EventBasedAsync.dll"
-r:"/home/cytrix/Unity/Hub/Editor/6000.0.37f1/Editor/Data/NetStandard/compat/2.1.0/shims/netstandard/System.ComponentModel.Primitives.dll"
-r:"/home/cytrix/Unity/Hub/Editor/6000.0.37f1/Editor/Data/NetStandard/compat/2.1.0/shims/netstandard/System.ComponentModel.TypeConverter.dll"
-r:"/home/cytrix/Unity/Hub/Editor/6000.0.37f1/Editor/Data/NetStandard/compat/2.1.0/shims/netstandard/System.ComponentModel.dll"
-r:"/home/cytrix/Unity/Hub/Editor/6000.0.37f1/Editor/Data/NetStandard/compat/2.1.0/shims/netstandard/System.Console.dll"
-r:"/home/cytrix/Unity/Hub/Editor/6000.0.37f1/Editor/Data/NetStandard/compat/2.1.0/shims/netstandard/System.Data.Common.dll"
-r:"/home/cytrix/Unity/Hub/Editor/6000.0.37f1/Editor/Data/NetStandard/compat/2.1.0/shims/netstandard/System.Diagnostics.Contracts.dll"
-r:"/home/cytrix/Unity/Hub/Editor/6000.0.37f1/Editor/Data/NetStandard/compat/2.1.0/shims/netstandard/System.Diagnostics.Debug.dll"
-r:"/home/cytrix/Unity/Hub/Editor/6000.0.37f1/Editor/Data/NetStandard/compat/2.1.0/shims/netstandard/System.Diagnostics.FileVersionInfo.dll"
-r:"/home/cytrix/Unity/Hub/Editor/6000.0.37f1/Editor/Data/NetStandard/compat/2.1.0/shims/netstandard/System.Diagnostics.Process.dll"
-r:"/home/cytrix/Unity/Hub/Editor/6000.0.37f1/Editor/Data/NetStandard/compat/2.1.0/shims/netstandard/System.Diagnostics.StackTrace.dll"
-r:"/home/cytrix/Unity/Hub/Editor/6000.0.37f1/Editor/Data/NetStandard/compat/2.1.0/shims/netstandard/System.Diagnostics.TextWriterTraceListener.dll"
-r:"/home/cytrix/Unity/Hub/Editor/6000.0.37f1/Editor/Data/NetStandard/compat/2.1.0/shims/netstandard/System.Diagnostics.Tools.dll"
-r:"/home/cytrix/Unity/Hub/Editor/6000.0.37f1/Editor/Data/NetStandard/compat/2.1.0/shims/netstandard/System.Diagnostics.TraceSource.dll"
-r:"/home/cytrix/Unity/Hub/Editor/6000.0.37f1/Editor/Data/NetStandard/compat/2.1.0/shims/netstandard/System.Diagnostics.Tracing.dll"
-r:"/home/cytrix/Unity/Hub/Editor/6000.0.37f1/Editor/Data/NetStandard/compat/2.1.0/shims/netstandard/System.Drawing.Primitives.dll"
-r:"/home/cytrix/Unity/Hub/Editor/6000.0.37f1/Editor/Data/NetStandard/compat/2.1.0/shims/netstandard/System.Dynamic.Runtime.dll"
-r:"/home/cytrix/Unity/Hub/Editor/6000.0.37f1/Editor/Data/NetStandard/compat/2.1.0/shims/netstandard/System.Globalization.Calendars.dll"
-r:"/home/cytrix/Unity/Hub/Editor/6000.0.37f1/Editor/Data/NetStandard/compat/2.1.0/shims/netstandard/System.Globalization.Extensions.dll"
-r:"/home/cytrix/Unity/Hub/Editor/6000.0.37f1/Editor/Data/NetStandard/compat/2.1.0/shims/netstandard/System.Globalization.dll"
-r:"/home/cytrix/Unity/Hub/Editor/6000.0.37f1/Editor/Data/NetStandard/compat/2.1.0/shims/netstandard/System.IO.Compression.ZipFile.dll"
-r:"/home/cytrix/Unity/Hub/Editor/6000.0.37f1/Editor/Data/NetStandard/compat/2.1.0/shims/netstandard/System.IO.Compression.dll"
-r:"/home/cytrix/Unity/Hub/Editor/6000.0.37f1/Editor/Data/NetStandard/compat/2.1.0/shims/netstandard/System.IO.FileSystem.DriveInfo.dll"
-r:"/home/cytrix/Unity/Hub/Editor/6000.0.37f1/Editor/Data/NetStandard/compat/2.1.0/shims/netstandard/System.IO.FileSystem.Primitives.dll"
-r:"/home/cytrix/Unity/Hub/Editor/6000.0.37f1/Editor/Data/NetStandard/compat/2.1.0/shims/netstandard/System.IO.FileSystem.Watcher.dll"
-r:"/home/cytrix/Unity/Hub/Editor/6000.0.37f1/Editor/Data/NetStandard/compat/2.1.0/shims/netstandard/System.IO.FileSystem.dll"
-r:"/home/cytrix/Unity/Hub/Editor/6000.0.37f1/Editor/Data/NetStandard/compat/2.1.0/shims/netstandard/System.IO.IsolatedStorage.dll"
-r:"/home/cytrix/Unity/Hub/Editor/6000.0.37f1/Editor/Data/NetStandard/compat/2.1.0/shims/netstandard/System.IO.MemoryMappedFiles.dll"
-r:"/home/cytrix/Unity/Hub/Editor/6000.0.37f1/Editor/Data/NetStandard/compat/2.1.0/shims/netstandard/System.IO.Pipes.dll"
-r:"/home/cytrix/Unity/Hub/Editor/6000.0.37f1/Editor/Data/NetStandard/compat/2.1.0/shims/netstandard/System.IO.UnmanagedMemoryStream.dll"
-r:"/home/cytrix/Unity/Hub/Editor/6000.0.37f1/Editor/Data/NetStandard/compat/2.1.0/shims/netstandard/System.IO.dll"
-r:"/home/cytrix/Unity/Hub/Editor/6000.0.37f1/Editor/Data/NetStandard/compat/2.1.0/shims/netstandard/System.Linq.Expressions.dll"
-r:"/home/cytrix/Unity/Hub/Editor/6000.0.37f1/Editor/Data/NetStandard/compat/2.1.0/shims/netstandard/System.Linq.Parallel.dll"
-r:"/home/cytrix/Unity/Hub/Editor/6000.0.37f1/Editor/Data/NetStandard/compat/2.1.0/shims/netstandard/System.Linq.Queryable.dll"
-r:"/home/cytrix/Unity/Hub/Editor/6000.0.37f1/Editor/Data/NetStandard/compat/2.1.0/shims/netstandard/System.Linq.dll"
-r:"/home/cytrix/Unity/Hub/Editor/6000.0.37f1/Editor/Data/NetStandard/compat/2.1.0/shims/netstandard/System.Memory.dll"
-r:"/home/cytrix/Unity/Hub/Editor/6000.0.37f1/Editor/Data/NetStandard/compat/2.1.0/shims/netstandard/System.Net.Http.dll"
-r:"/home/cytrix/Unity/Hub/Editor/6000.0.37f1/Editor/Data/NetStandard/compat/2.1.0/shims/netstandard/System.Net.NameResolution.dll"
-r:"/home/cytrix/Unity/Hub/Editor/6000.0.37f1/Editor/Data/NetStandard/compat/2.1.0/shims/netstandard/System.Net.NetworkInformation.dll"
-r:"/home/cytrix/Unity/Hub/Editor/6000.0.37f1/Editor/Data/NetStandard/compat/2.1.0/shims/netstandard/System.Net.Ping.dll"
-r:"/home/cytrix/Unity/Hub/Editor/6000.0.37f1/Editor/Data/NetStandard/compat/2.1.0/shims/netstandard/System.Net.Primitives.dll"
-r:"/home/cytrix/Unity/Hub/Editor/6000.0.37f1/Editor/Data/NetStandard/compat/2.1.0/shims/netstandard/System.Net.Requests.dll"
-r:"/home/cytrix/Unity/Hub/Editor/6000.0.37f1/Editor/Data/NetStandard/compat/2.1.0/shims/netstandard/System.Net.Security.dll"
-r:"/home/cytrix/Unity/Hub/Editor/6000.0.37f1/Editor/Data/NetStandard/compat/2.1.0/shims/netstandard/System.Net.Sockets.dll"
-r:"/home/cytrix/Unity/Hub/Editor/6000.0.37f1/Editor/Data/NetStandard/compat/2.1.0/shims/netstandard/System.Net.WebHeaderCollection.dll"
-r:"/home/cytrix/Unity/Hub/Editor/6000.0.37f1/Editor/Data/NetStandard/compat/2.1.0/shims/netstandard/System.Net.WebSockets.Client.dll"
-r:"/home/cytrix/Unity/Hub/Editor/6000.0.37f1/Editor/Data/NetStandard/compat/2.1.0/shims/netstandard/System.Net.WebSockets.dll"
-r:"/home/cytrix/Unity/Hub/Editor/6000.0.37f1/Editor/Data/NetStandard/compat/2.1.0/shims/netstandard/System.Numerics.Vectors.dll"
-r:"/home/cytrix/Unity/Hub/Editor/6000.0.37f1/Editor/Data/NetStandard/compat/2.1.0/shims/netstandard/System.ObjectModel.dll"
-r:"/home/cytrix/Unity/Hub/Editor/6000.0.37f1/Editor/Data/NetStandard/compat/2.1.0/shims/netstandard/System.Reflection.DispatchProxy.dll"
-r:"/home/cytrix/Unity/Hub/Editor/6000.0.37f1/Editor/Data/NetStandard/compat/2.1.0/shims/netstandard/System.Reflection.Emit.ILGeneration.dll"
-r:"/home/cytrix/Unity/Hub/Editor/6000.0.37f1/Editor/Data/NetStandard/compat/2.1.0/shims/netstandard/System.Reflection.Emit.Lightweight.dll"
-r:"/home/cytrix/Unity/Hub/Editor/6000.0.37f1/Editor/Data/NetStandard/compat/2.1.0/shims/netstandard/System.Reflection.Emit.dll"
-r:"/home/cytrix/Unity/Hub/Editor/6000.0.37f1/Editor/Data/NetStandard/compat/2.1.0/shims/netstandard/System.Reflection.Extensions.dll"
-r:"/home/cytrix/Unity/Hub/Editor/6000.0.37f1/Editor/Data/NetStandard/compat/2.1.0/shims/netstandard/System.Reflection.Primitives.dll"
-r:"/home/cytrix/Unity/Hub/Editor/6000.0.37f1/Editor/Data/NetStandard/compat/2.1.0/shims/netstandard/System.Reflection.dll"
-r:"/home/cytrix/Unity/Hub/Editor/6000.0.37f1/Editor/Data/NetStandard/compat/2.1.0/shims/netstandard/System.Resources.Reader.dll"
-r:"/home/cytrix/Unity/Hub/Editor/6000.0.37f1/Editor/Data/NetStandard/compat/2.1.0/shims/netstandard/System.Resources.ResourceManager.dll"
-r:"/home/cytrix/Unity/Hub/Editor/6000.0.37f1/Editor/Data/NetStandard/compat/2.1.0/shims/netstandard/System.Resources.Writer.dll"
-r:"/home/cytrix/Unity/Hub/Editor/6000.0.37f1/Editor/Data/NetStandard/compat/2.1.0/shims/netstandard/System.Runtime.CompilerServices.VisualC.dll"
-r:"/home/cytrix/Unity/Hub/Editor/6000.0.37f1/Editor/Data/NetStandard/compat/2.1.0/shims/netstandard/System.Runtime.Extensions.dll"
-r:"/home/cytrix/Unity/Hub/Editor/6000.0.37f1/Editor/Data/NetStandard/compat/2.1.0/shims/netstandard/System.Runtime.Handles.dll"
-r:"/home/cytrix/Unity/Hub/Editor/6000.0.37f1/Editor/Data/NetStandard/compat/2.1.0/shims/netstandard/System.Runtime.InteropServices.RuntimeInformation.dll"
-r:"/home/cytrix/Unity/Hub/Editor/6000.0.37f1/Editor/Data/NetStandard/compat/2.1.0/shims/netstandard/System.Runtime.InteropServices.dll"
-r:"/home/cytrix/Unity/Hub/Editor/6000.0.37f1/Editor/Data/NetStandard/compat/2.1.0/shims/netstandard/System.Runtime.Numerics.dll"
-r:"/home/cytrix/Unity/Hub/Editor/6000.0.37f1/Editor/Data/NetStandard/compat/2.1.0/shims/netstandard/System.Runtime.Serialization.Formatters.dll"
-r:"/home/cytrix/Unity/Hub/Editor/6000.0.37f1/Editor/Data/NetStandard/compat/2.1.0/shims/netstandard/System.Runtime.Serialization.Json.dll"
-r:"/home/cytrix/Unity/Hub/Editor/6000.0.37f1/Editor/Data/NetStandard/compat/2.1.0/shims/netstandard/System.Runtime.Serialization.Primitives.dll"
-r:"/home/cytrix/Unity/Hub/Editor/6000.0.37f1/Editor/Data/NetStandard/compat/2.1.0/shims/netstandard/System.Runtime.Serialization.Xml.dll"
-r:"/home/cytrix/Unity/Hub/Editor/6000.0.37f1/Editor/Data/NetStandard/compat/2.1.0/shims/netstandard/System.Runtime.dll"
-r:"/home/cytrix/Unity/Hub/Editor/6000.0.37f1/Editor/Data/NetStandard/compat/2.1.0/shims/netstandard/System.Security.Claims.dll"
-r:"/home/cytrix/Unity/Hub/Editor/6000.0.37f1/Editor/Data/NetStandard/compat/2.1.0/shims/netstandard/System.Security.Cryptography.Algorithms.dll"
-r:"/home/cytrix/Unity/Hub/Editor/6000.0.37f1/Editor/Data/NetStandard/compat/2.1.0/shims/netstandard/System.Security.Cryptography.Csp.dll"
-r:"/home/cytrix/Unity/Hub/Editor/6000.0.37f1/Editor/Data/NetStandard/compat/2.1.0/shims/netstandard/System.Security.Cryptography.Encoding.dll"
-r:"/home/cytrix/Unity/Hub/Editor/6000.0.37f1/Editor/Data/NetStandard/compat/2.1.0/shims/netstandard/System.Security.Cryptography.Primitives.dll"
-r:"/home/cytrix/Unity/Hub/Editor/6000.0.37f1/Editor/Data/NetStandard/compat/2.1.0/shims/netstandard/System.Security.Cryptography.X509Certificates.dll"
-r:"/home/cytrix/Unity/Hub/Editor/6000.0.37f1/Editor/Data/NetStandard/compat/2.1.0/shims/netstandard/System.Security.Principal.dll"
-r:"/home/cytrix/Unity/Hub/Editor/6000.0.37f1/Editor/Data/NetStandard/compat/2.1.0/shims/netstandard/System.Security.SecureString.dll"
-r:"/home/cytrix/Unity/Hub/Editor/6000.0.37f1/Editor/Data/NetStandard/compat/2.1.0/shims/netstandard/System.Text.Encoding.Extensions.dll"
-r:"/home/cytrix/Unity/Hub/Editor/6000.0.37f1/Editor/Data/NetStandard/compat/2.1.0/shims/netstandard/System.Text.Encoding.dll"
-r:"/home/cytrix/Unity/Hub/Editor/6000.0.37f1/Editor/Data/NetStandard/compat/2.1.0/shims/netstandard/System.Text.RegularExpressions.dll"
-r:"/home/cytrix/Unity/Hub/Editor/6000.0.37f1/Editor/Data/NetStandard/compat/2.1.0/shims/netstandard/System.Threading.Overlapped.dll"
-r:"/home/cytrix/Unity/Hub/Editor/6000.0.37f1/Editor/Data/NetStandard/compat/2.1.0/shims/netstandard/System.Threading.Tasks.Extensions.dll"
-r:"/home/cytrix/Unity/Hub/Editor/6000.0.37f1/Editor/Data/NetStandard/compat/2.1.0/shims/netstandard/System.Threading.Tasks.Parallel.dll"
-r:"/home/cytrix/Unity/Hub/Editor/6000.0.37f1/Editor/Data/NetStandard/compat/2.1.0/shims/netstandard/System.Threading.Tasks.dll"
-r:"/home/cytrix/Unity/Hub/Editor/6000.0.37f1/Editor/Data/NetStandard/compat/2.1.0/shims/netstandard/System.Threading.Thread.dll"
-r:"/home/cytrix/Unity/Hub/Editor/6000.0.37f1/Editor/Data/NetStandard/compat/2.1.0/shims/netstandard/System.Threading.ThreadPool.dll"
-r:"/home/cytrix/Unity/Hub/Editor/6000.0.37f1/Editor/Data/NetStandard/compat/2.1.0/shims/netstandard/System.Threading.Timer.dll"
-r:"/home/cytrix/Unity/Hub/Editor/6000.0.37f1/Editor/Data/NetStandard/compat/2.1.0/shims/netstandard/System.Threading.dll"
-r:"/home/cytrix/Unity/Hub/Editor/6000.0.37f1/Editor/Data/NetStandard/compat/2.1.0/shims/netstandard/System.ValueTuple.dll"
-r:"/home/cytrix/Unity/Hub/Editor/6000.0.37f1/Editor/Data/NetStandard/compat/2.1.0/shims/netstandard/System.Xml.ReaderWriter.dll"
-r:"/home/cytrix/Unity/Hub/Editor/6000.0.37f1/Editor/Data/NetStandard/compat/2.1.0/shims/netstandard/System.Xml.XDocument.dll"
-r:"/home/cytrix/Unity/Hub/Editor/6000.0.37f1/Editor/Data/NetStandard/compat/2.1.0/shims/netstandard/System.Xml.XPath.XDocument.dll"
-r:"/home/cytrix/Unity/Hub/Editor/6000.0.37f1/Editor/Data/NetStandard/compat/2.1.0/shims/netstandard/System.Xml.XPath.dll"
-r:"/home/cytrix/Unity/Hub/Editor/6000.0.37f1/Editor/Data/NetStandard/compat/2.1.0/shims/netstandard/System.Xml.XmlDocument.dll"
-r:"/home/cytrix/Unity/Hub/Editor/6000.0.37f1/Editor/Data/NetStandard/compat/2.1.0/shims/netstandard/System.Xml.XmlSerializer.dll"
-r:"/home/cytrix/Unity/Hub/Editor/6000.0.37f1/Editor/Data/NetStandard/ref/2.1.0/netstandard.dll"
-r:"/home/cytrix/Unity/Hub/Editor/6000.0.37f1/Editor/Data/PlaybackEngines/LinuxStandaloneSupport/Variations/mono/Managed/UnityEngine.AIModule.dll"
-r:"/home/cytrix/Unity/Hub/Editor/6000.0.37f1/Editor/Data/PlaybackEngines/LinuxStandaloneSupport/Variations/mono/Managed/UnityEngine.AccessibilityModule.dll"
-r:"/home/cytrix/Unity/Hub/Editor/6000.0.37f1/Editor/Data/PlaybackEngines/LinuxStandaloneSupport/Variations/mono/Managed/UnityEngine.AndroidJNIModule.dll"
-r:"/home/cytrix/Unity/Hub/Editor/6000.0.37f1/Editor/Data/PlaybackEngines/LinuxStandaloneSupport/Variations/mono/Managed/UnityEngine.AnimationModule.dll"
-r:"/home/cytrix/Unity/Hub/Editor/6000.0.37f1/Editor/Data/PlaybackEngines/LinuxStandaloneSupport/Variations/mono/Managed/UnityEngine.AssetBundleModule.dll"
-r:"/home/cytrix/Unity/Hub/Editor/6000.0.37f1/Editor/Data/PlaybackEngines/LinuxStandaloneSupport/Variations/mono/Managed/UnityEngine.AudioModule.dll"
-r:"/home/cytrix/Unity/Hub/Editor/6000.0.37f1/Editor/Data/PlaybackEngines/LinuxStandaloneSupport/Variations/mono/Managed/UnityEngine.ClothModule.dll"
-r:"/home/cytrix/Unity/Hub/Editor/6000.0.37f1/Editor/Data/PlaybackEngines/LinuxStandaloneSupport/Variations/mono/Managed/UnityEngine.ClusterInputModule.dll"
-r:"/home/cytrix/Unity/Hub/Editor/6000.0.37f1/Editor/Data/PlaybackEngines/LinuxStandaloneSupport/Variations/mono/Managed/UnityEngine.ClusterRendererModule.dll"
-r:"/home/cytrix/Unity/Hub/Editor/6000.0.37f1/Editor/Data/PlaybackEngines/LinuxStandaloneSupport/Variations/mono/Managed/UnityEngine.ContentLoadModule.dll"
-r:"/home/cytrix/Unity/Hub/Editor/6000.0.37f1/Editor/Data/PlaybackEngines/LinuxStandaloneSupport/Variations/mono/Managed/UnityEngine.CoreModule.dll"
-r:"/home/cytrix/Unity/Hub/Editor/6000.0.37f1/Editor/Data/PlaybackEngines/LinuxStandaloneSupport/Variations/mono/Managed/UnityEngine.CrashReportingModule.dll"
-r:"/home/cytrix/Unity/Hub/Editor/6000.0.37f1/Editor/Data/PlaybackEngines/LinuxStandaloneSupport/Variations/mono/Managed/UnityEngine.DSPGraphModule.dll"
-r:"/home/cytrix/Unity/Hub/Editor/6000.0.37f1/Editor/Data/PlaybackEngines/LinuxStandaloneSupport/Variations/mono/Managed/UnityEngine.DirectorModule.dll"
-r:"/home/cytrix/Unity/Hub/Editor/6000.0.37f1/Editor/Data/PlaybackEngines/LinuxStandaloneSupport/Variations/mono/Managed/UnityEngine.GIModule.dll"
-r:"/home/cytrix/Unity/Hub/Editor/6000.0.37f1/Editor/Data/PlaybackEngines/LinuxStandaloneSupport/Variations/mono/Managed/UnityEngine.GameCenterModule.dll"
-r:"/home/cytrix/Unity/Hub/Editor/6000.0.37f1/Editor/Data/PlaybackEngines/LinuxStandaloneSupport/Variations/mono/Managed/UnityEngine.GraphicsStateCollectionSerializerModule.dll"
-r:"/home/cytrix/Unity/Hub/Editor/6000.0.37f1/Editor/Data/PlaybackEngines/LinuxStandaloneSupport/Variations/mono/Managed/UnityEngine.GridModule.dll"
-r:"/home/cytrix/Unity/Hub/Editor/6000.0.37f1/Editor/Data/PlaybackEngines/LinuxStandaloneSupport/Variations/mono/Managed/UnityEngine.HierarchyCoreModule.dll"
-r:"/home/cytrix/Unity/Hub/Editor/6000.0.37f1/Editor/Data/PlaybackEngines/LinuxStandaloneSupport/Variations/mono/Managed/UnityEngine.HotReloadModule.dll"
-r:"/home/cytrix/Unity/Hub/Editor/6000.0.37f1/Editor/Data/PlaybackEngines/LinuxStandaloneSupport/Variations/mono/Managed/UnityEngine.IMGUIModule.dll"
-r:"/home/cytrix/Unity/Hub/Editor/6000.0.37f1/Editor/Data/PlaybackEngines/LinuxStandaloneSupport/Variations/mono/Managed/UnityEngine.ImageConversionModule.dll"
-r:"/home/cytrix/Unity/Hub/Editor/6000.0.37f1/Editor/Data/PlaybackEngines/LinuxStandaloneSupport/Variations/mono/Managed/UnityEngine.InputForUIModule.dll"
-r:"/home/cytrix/Unity/Hub/Editor/6000.0.37f1/Editor/Data/PlaybackEngines/LinuxStandaloneSupport/Variations/mono/Managed/UnityEngine.InputLegacyModule.dll"
-r:"/home/cytrix/Unity/Hub/Editor/6000.0.37f1/Editor/Data/PlaybackEngines/LinuxStandaloneSupport/Variations/mono/Managed/UnityEngine.InputModule.dll"
-r:"/home/cytrix/Unity/Hub/Editor/6000.0.37f1/Editor/Data/PlaybackEngines/LinuxStandaloneSupport/Variations/mono/Managed/UnityEngine.JSONSerializeModule.dll"
-r:"/home/cytrix/Unity/Hub/Editor/6000.0.37f1/Editor/Data/PlaybackEngines/LinuxStandaloneSupport/Variations/mono/Managed/UnityEngine.LocalizationModule.dll"
-r:"/home/cytrix/Unity/Hub/Editor/6000.0.37f1/Editor/Data/PlaybackEngines/LinuxStandaloneSupport/Variations/mono/Managed/UnityEngine.MarshallingModule.dll"
-r:"/home/cytrix/Unity/Hub/Editor/6000.0.37f1/Editor/Data/PlaybackEngines/LinuxStandaloneSupport/Variations/mono/Managed/UnityEngine.MultiplayerModule.dll"
-r:"/home/cytrix/Unity/Hub/Editor/6000.0.37f1/Editor/Data/PlaybackEngines/LinuxStandaloneSupport/Variations/mono/Managed/UnityEngine.ParticleSystemModule.dll"
-r:"/home/cytrix/Unity/Hub/Editor/6000.0.37f1/Editor/Data/PlaybackEngines/LinuxStandaloneSupport/Variations/mono/Managed/UnityEngine.PerformanceReportingModule.dll"
-r:"/home/cytrix/Unity/Hub/Editor/6000.0.37f1/Editor/Data/PlaybackEngines/LinuxStandaloneSupport/Variations/mono/Managed/UnityEngine.Physics2DModule.dll"
-r:"/home/cytrix/Unity/Hub/Editor/6000.0.37f1/Editor/Data/PlaybackEngines/LinuxStandaloneSupport/Variations/mono/Managed/UnityEngine.PhysicsModule.dll"
-r:"/home/cytrix/Unity/Hub/Editor/6000.0.37f1/Editor/Data/PlaybackEngines/LinuxStandaloneSupport/Variations/mono/Managed/UnityEngine.PropertiesModule.dll"
-r:"/home/cytrix/Unity/Hub/Editor/6000.0.37f1/Editor/Data/PlaybackEngines/LinuxStandaloneSupport/Variations/mono/Managed/UnityEngine.RuntimeInitializeOnLoadManagerInitializerModule.dll"
-r:"/home/cytrix/Unity/Hub/Editor/6000.0.37f1/Editor/Data/PlaybackEngines/LinuxStandaloneSupport/Variations/mono/Managed/UnityEngine.ScreenCaptureModule.dll"
-r:"/home/cytrix/Unity/Hub/Editor/6000.0.37f1/Editor/Data/PlaybackEngines/LinuxStandaloneSupport/Variations/mono/Managed/UnityEngine.ShaderVariantAnalyticsModule.dll"
-r:"/home/cytrix/Unity/Hub/Editor/6000.0.37f1/Editor/Data/PlaybackEngines/LinuxStandaloneSupport/Variations/mono/Managed/UnityEngine.SharedInternalsModule.dll"
-r:"/home/cytrix/Unity/Hub/Editor/6000.0.37f1/Editor/Data/PlaybackEngines/LinuxStandaloneSupport/Variations/mono/Managed/UnityEngine.SpriteMaskModule.dll"
-r:"/home/cytrix/Unity/Hub/Editor/6000.0.37f1/Editor/Data/PlaybackEngines/LinuxStandaloneSupport/Variations/mono/Managed/UnityEngine.SpriteShapeModule.dll"
-r:"/home/cytrix/Unity/Hub/Editor/6000.0.37f1/Editor/Data/PlaybackEngines/LinuxStandaloneSupport/Variations/mono/Managed/UnityEngine.StreamingModule.dll"
-r:"/home/cytrix/Unity/Hub/Editor/6000.0.37f1/Editor/Data/PlaybackEngines/LinuxStandaloneSupport/Variations/mono/Managed/UnityEngine.SubstanceModule.dll"
-r:"/home/cytrix/Unity/Hub/Editor/6000.0.37f1/Editor/Data/PlaybackEngines/LinuxStandaloneSupport/Variations/mono/Managed/UnityEngine.SubsystemsModule.dll"
-r:"/home/cytrix/Unity/Hub/Editor/6000.0.37f1/Editor/Data/PlaybackEngines/LinuxStandaloneSupport/Variations/mono/Managed/UnityEngine.TLSModule.dll"
-r:"/home/cytrix/Unity/Hub/Editor/6000.0.37f1/Editor/Data/PlaybackEngines/LinuxStandaloneSupport/Variations/mono/Managed/UnityEngine.TerrainModule.dll"
-r:"/home/cytrix/Unity/Hub/Editor/6000.0.37f1/Editor/Data/PlaybackEngines/LinuxStandaloneSupport/Variations/mono/Managed/UnityEngine.TerrainPhysicsModule.dll"
-r:"/home/cytrix/Unity/Hub/Editor/6000.0.37f1/Editor/Data/PlaybackEngines/LinuxStandaloneSupport/Variations/mono/Managed/UnityEngine.TextCoreFontEngineModule.dll"
-r:"/home/cytrix/Unity/Hub/Editor/6000.0.37f1/Editor/Data/PlaybackEngines/LinuxStandaloneSupport/Variations/mono/Managed/UnityEngine.TextCoreTextEngineModule.dll"
-r:"/home/cytrix/Unity/Hub/Editor/6000.0.37f1/Editor/Data/PlaybackEngines/LinuxStandaloneSupport/Variations/mono/Managed/UnityEngine.TextRenderingModule.dll"
-r:"/home/cytrix/Unity/Hub/Editor/6000.0.37f1/Editor/Data/PlaybackEngines/LinuxStandaloneSupport/Variations/mono/Managed/UnityEngine.TilemapModule.dll"
-r:"/home/cytrix/Unity/Hub/Editor/6000.0.37f1/Editor/Data/PlaybackEngines/LinuxStandaloneSupport/Variations/mono/Managed/UnityEngine.UIElementsModule.dll"
-r:"/home/cytrix/Unity/Hub/Editor/6000.0.37f1/Editor/Data/PlaybackEngines/LinuxStandaloneSupport/Variations/mono/Managed/UnityEngine.UIModule.dll"
-r:"/home/cytrix/Unity/Hub/Editor/6000.0.37f1/Editor/Data/PlaybackEngines/LinuxStandaloneSupport/Variations/mono/Managed/UnityEngine.UmbraModule.dll"
-r:"/home/cytrix/Unity/Hub/Editor/6000.0.37f1/Editor/Data/PlaybackEngines/LinuxStandaloneSupport/Variations/mono/Managed/UnityEngine.UnityAnalyticsCommonModule.dll"
-r:"/home/cytrix/Unity/Hub/Editor/6000.0.37f1/Editor/Data/PlaybackEngines/LinuxStandaloneSupport/Variations/mono/Managed/UnityEngine.UnityAnalyticsModule.dll"
-r:"/home/cytrix/Unity/Hub/Editor/6000.0.37f1/Editor/Data/PlaybackEngines/LinuxStandaloneSupport/Variations/mono/Managed/UnityEngine.UnityConnectModule.dll"
-r:"/home/cytrix/Unity/Hub/Editor/6000.0.37f1/Editor/Data/PlaybackEngines/LinuxStandaloneSupport/Variations/mono/Managed/UnityEngine.UnityCurlModule.dll"
-r:"/home/cytrix/Unity/Hub/Editor/6000.0.37f1/Editor/Data/PlaybackEngines/LinuxStandaloneSupport/Variations/mono/Managed/UnityEngine.UnityTestProtocolModule.dll"
-r:"/home/cytrix/Unity/Hub/Editor/6000.0.37f1/Editor/Data/PlaybackEngines/LinuxStandaloneSupport/Variations/mono/Managed/UnityEngine.UnityWebRequestAssetBundleModule.dll"
-r:"/home/cytrix/Unity/Hub/Editor/6000.0.37f1/Editor/Data/PlaybackEngines/LinuxStandaloneSupport/Variations/mono/Managed/UnityEngine.UnityWebRequestAudioModule.dll"
-r:"/home/cytrix/Unity/Hub/Editor/6000.0.37f1/Editor/Data/PlaybackEngines/LinuxStandaloneSupport/Variations/mono/Managed/UnityEngine.UnityWebRequestModule.dll"
-r:"/home/cytrix/Unity/Hub/Editor/6000.0.37f1/Editor/Data/PlaybackEngines/LinuxStandaloneSupport/Variations/mono/Managed/UnityEngine.UnityWebRequestTextureModule.dll"
-r:"/home/cytrix/Unity/Hub/Editor/6000.0.37f1/Editor/Data/PlaybackEngines/LinuxStandaloneSupport/Variations/mono/Managed/UnityEngine.UnityWebRequestWWWModule.dll"
-r:"/home/cytrix/Unity/Hub/Editor/6000.0.37f1/Editor/Data/PlaybackEngines/LinuxStandaloneSupport/Variations/mono/Managed/UnityEngine.VFXModule.dll"
-r:"/home/cytrix/Unity/Hub/Editor/6000.0.37f1/Editor/Data/PlaybackEngines/LinuxStandaloneSupport/Variations/mono/Managed/UnityEngine.VRModule.dll"
-r:"/home/cytrix/Unity/Hub/Editor/6000.0.37f1/Editor/Data/PlaybackEngines/LinuxStandaloneSupport/Variations/mono/Managed/UnityEngine.VehiclesModule.dll"
-r:"/home/cytrix/Unity/Hub/Editor/6000.0.37f1/Editor/Data/PlaybackEngines/LinuxStandaloneSupport/Variations/mono/Managed/UnityEngine.VideoModule.dll"
-r:"/home/cytrix/Unity/Hub/Editor/6000.0.37f1/Editor/Data/PlaybackEngines/LinuxStandaloneSupport/Variations/mono/Managed/UnityEngine.VirtualTexturingModule.dll"
-r:"/home/cytrix/Unity/Hub/Editor/6000.0.37f1/Editor/Data/PlaybackEngines/LinuxStandaloneSupport/Variations/mono/Managed/UnityEngine.WindModule.dll"
-r:"/home/cytrix/Unity/Hub/Editor/6000.0.37f1/Editor/Data/PlaybackEngines/LinuxStandaloneSupport/Variations/mono/Managed/UnityEngine.XRModule.dll"
-r:"/home/cytrix/Unity/Hub/Editor/6000.0.37f1/Editor/Data/PlaybackEngines/LinuxStandaloneSupport/Variations/mono/Managed/UnityEngine.dll"
-r:"/home/cytrix/project/Lets3DGame/ldraw_importer_unity/Library/PackageCache/com.unity.analytics@6cc66d58ac08/AnalyticsStandardEvents/Unity.Analytics.StandardEvents.dll"
-r:"/home/cytrix/project/Lets3DGame/ldraw_importer_unity/Library/PackageCache/com.unity.analytics@6cc66d58ac08/Unity.Analytics.Tracker.dll"
-r:"/home/cytrix/project/Lets3DGame/ldraw_importer_unity/Library/PackageCache/com.unity.ext.nunit@60ef35ffd3cd/net40/unity-custom/nunit.framework.dll"
-r:"/home/cytrix/project/Lets3DGame/ldraw_importer_unity/Library/PackageCache/com.unity.nuget.newtonsoft-json@74deb55db2a0/Runtime/AOT/Newtonsoft.Json.dll"
-r:"Library/Bee/artifacts/2400b0aP.dag/Purchasing.Common.ref.dll"
-r:"Library/Bee/artifacts/2400b0aP.dag/Unity.AI.Navigation.ref.dll"
-r:"Library/Bee/artifacts/2400b0aP.dag/Unity.Analytics.DataPrivacy.ref.dll"
-r:"Library/Bee/artifacts/2400b0aP.dag/Unity.Multiplayer.Center.Common.ref.dll"
-r:"Library/Bee/artifacts/2400b0aP.dag/Unity.Services.Analytics.ref.dll"
-r:"Library/Bee/artifacts/2400b0aP.dag/Unity.Services.Core.Analytics.ref.dll"
-r:"Library/Bee/artifacts/2400b0aP.dag/Unity.Services.Core.Components.ref.dll"
-r:"Library/Bee/artifacts/2400b0aP.dag/Unity.Services.Core.Environments.ref.dll"
-r:"Library/Bee/artifacts/2400b0aP.dag/Unity.Services.Core.ref.dll"
-r:"Library/Bee/artifacts/2400b0aP.dag/Unity.TextMeshPro.ref.dll"
-r:"Library/Bee/artifacts/2400b0aP.dag/Unity.Timeline.ref.dll"
-r:"Library/Bee/artifacts/2400b0aP.dag/UnityEngine.Advertisements.ref.dll"
-r:"Library/Bee/artifacts/2400b0aP.dag/UnityEngine.Purchasing.Codeless.ref.dll"
-r:"Library/Bee/artifacts/2400b0aP.dag/UnityEngine.Purchasing.SecurityCore.ref.dll"
-r:"Library/Bee/artifacts/2400b0aP.dag/UnityEngine.Purchasing.SecurityStub.ref.dll"
-r:"Library/Bee/artifacts/2400b0aP.dag/UnityEngine.Purchasing.Stores.ref.dll"
-r:"Library/Bee/artifacts/2400b0aP.dag/UnityEngine.Purchasing.ref.dll"
-r:"Library/Bee/artifacts/2400b0aP.dag/UnityEngine.SpatialTracking.ref.dll"
-r:"Library/Bee/artifacts/2400b0aP.dag/UnityEngine.UI.ref.dll"
-r:"Library/Bee/artifacts/2400b0aP.dag/UnityEngine.XR.LegacyInputHelpers.ref.dll"
-analyzer:"/home/cytrix/Unity/Hub/Editor/6000.0.37f1/Editor/Data/Tools/Unity.SourceGenerators/Unity.Properties.SourceGenerator.dll"
-analyzer:"/home/cytrix/Unity/Hub/Editor/6000.0.37f1/Editor/Data/Tools/Unity.SourceGenerators/Unity.SourceGenerators.dll"
-analyzer:"/home/cytrix/Unity/Hub/Editor/6000.0.37f1/Editor/Data/Tools/Unity.SourceGenerators/Unity.UIToolkit.SourceGenerator.dll"
"Assets/LDraw-Importer/Scripts/Commands/LDrawCommands.cs"
"Assets/LDraw-Importer/Scripts/Commands/LDrawLine.cs"
"Assets/LDraw-Importer/Scripts/Commands/LDrawPart.cs"
"Assets/LDraw-Importer/Scripts/Commands/LDrawPrimitive.cs"
"Assets/LDraw-Importer/Scripts/Commands/LDrawQuad.cs"
"Assets/LDraw-Importer/Scripts/Commands/LDrawShortcut.cs"
"Assets/LDraw-Importer/Scripts/Commands/LDrawSubFile.cs"
"Assets/LDraw-Importer/Scripts/Commands/LDrawSubpart.cs"
"Assets/LDraw-Importer/Scripts/Commands/LDrawTriangle.cs"
"Assets/LDraw-Importer/Scripts/DemoScript.cs"
"Assets/LDraw-Importer/Scripts/LDrawConfig.cs"
"Assets/LDraw-Importer/Scripts/LDrawModel.cs"
"Assets/LDraw-Importer/Scripts/Utility/MatrixExtention.cs"
"Assets/LDraw-Importer/Scripts/Utility/TransformExtention.cs"
"Assets/MergeChildrenMeshes.cs"
"Assets/Scripts/SceneLoadHandler.cs"
"Assets/Triangle.Net-for-Unity/Assets/TriangleNet/Demo/Scripts/MathUtils.cs"
"Assets/Triangle.Net-for-Unity/Assets/TriangleNet/Demo/Scripts/MeshDrawer/MeshDrawer.cs"
"Assets/Triangle.Net-for-Unity/Assets/TriangleNet/Demo/Scripts/TriangulationTest.cs"
"Assets/Triangle.Net-for-Unity/Assets/TriangleNet/Scripts/Source/Behavior.cs"
"Assets/Triangle.Net-for-Unity/Assets/TriangleNet/Scripts/Source/Configuration.cs"
"Assets/Triangle.Net-for-Unity/Assets/TriangleNet/Scripts/Source/Enums.cs"
"Assets/Triangle.Net-for-Unity/Assets/TriangleNet/Scripts/Source/Geometry/Contour.cs"
"Assets/Triangle.Net-for-Unity/Assets/TriangleNet/Scripts/Source/Geometry/Edge.cs"
"Assets/Triangle.Net-for-Unity/Assets/TriangleNet/Scripts/Source/Geometry/ExtensionMethods.cs"
"Assets/Triangle.Net-for-Unity/Assets/TriangleNet/Scripts/Source/Geometry/IEdge.cs"
"Assets/Triangle.Net-for-Unity/Assets/TriangleNet/Scripts/Source/Geometry/IPolygon.cs"
"Assets/Triangle.Net-for-Unity/Assets/TriangleNet/Scripts/Source/Geometry/ISegment.cs"
"Assets/Triangle.Net-for-Unity/Assets/TriangleNet/Scripts/Source/Geometry/ITriangle.cs"
"Assets/Triangle.Net-for-Unity/Assets/TriangleNet/Scripts/Source/Geometry/Point.cs"
"Assets/Triangle.Net-for-Unity/Assets/TriangleNet/Scripts/Source/Geometry/Polygon.cs"
"Assets/Triangle.Net-for-Unity/Assets/TriangleNet/Scripts/Source/Geometry/Rectangle.cs"
"Assets/Triangle.Net-for-Unity/Assets/TriangleNet/Scripts/Source/Geometry/RegionPointer.cs"
"Assets/Triangle.Net-for-Unity/Assets/TriangleNet/Scripts/Source/Geometry/Segment.cs"
"Assets/Triangle.Net-for-Unity/Assets/TriangleNet/Scripts/Source/Geometry/Vertex.cs"
"Assets/Triangle.Net-for-Unity/Assets/TriangleNet/Scripts/Source/IO/DebugWriter.cs"
"Assets/Triangle.Net-for-Unity/Assets/TriangleNet/Scripts/Source/IO/FileProcessor.cs"
"Assets/Triangle.Net-for-Unity/Assets/TriangleNet/Scripts/Source/IO/IFileFormat.cs"
"Assets/Triangle.Net-for-Unity/Assets/TriangleNet/Scripts/Source/IO/IMeshFormat.cs"
"Assets/Triangle.Net-for-Unity/Assets/TriangleNet/Scripts/Source/IO/IPolygonFormat.cs"
"Assets/Triangle.Net-for-Unity/Assets/TriangleNet/Scripts/Source/IO/InputTriangle.cs"
"Assets/Triangle.Net-for-Unity/Assets/TriangleNet/Scripts/Source/IO/TriangleFormat.cs"
"Assets/Triangle.Net-for-Unity/Assets/TriangleNet/Scripts/Source/IO/TriangleReader.cs"
"Assets/Triangle.Net-for-Unity/Assets/TriangleNet/Scripts/Source/IO/TriangleWriter.cs"
"Assets/Triangle.Net-for-Unity/Assets/TriangleNet/Scripts/Source/IPredicates.cs"
"Assets/Triangle.Net-for-Unity/Assets/TriangleNet/Scripts/Source/Log.cs"
"Assets/Triangle.Net-for-Unity/Assets/TriangleNet/Scripts/Source/Logging/ILog.cs"
"Assets/Triangle.Net-for-Unity/Assets/TriangleNet/Scripts/Source/Logging/ILogItem.cs"
"Assets/Triangle.Net-for-Unity/Assets/TriangleNet/Scripts/Source/Logging/LogItem.cs"
"Assets/Triangle.Net-for-Unity/Assets/TriangleNet/Scripts/Source/MeshValidator.cs"
"Assets/Triangle.Net-for-Unity/Assets/TriangleNet/Scripts/Source/Meshing/Algorithm/Dwyer.cs"
"Assets/Triangle.Net-for-Unity/Assets/TriangleNet/Scripts/Source/Meshing/Algorithm/Incremental.cs"
"Assets/Triangle.Net-for-Unity/Assets/TriangleNet/Scripts/Source/Meshing/Algorithm/SweepLine.cs"
"Assets/Triangle.Net-for-Unity/Assets/TriangleNet/Scripts/Source/Meshing/ConstraintMesher.cs"
"Assets/Triangle.Net-for-Unity/Assets/TriangleNet/Scripts/Source/Meshing/ConstraintOptions.cs"
"Assets/Triangle.Net-for-Unity/Assets/TriangleNet/Scripts/Source/Meshing/Converter.cs"
"Assets/Triangle.Net-for-Unity/Assets/TriangleNet/Scripts/Source/Meshing/Data/BadSubseg.cs"
"Assets/Triangle.Net-for-Unity/Assets/TriangleNet/Scripts/Source/Meshing/Data/BadTriQueue.cs"
"Assets/Triangle.Net-for-Unity/Assets/TriangleNet/Scripts/Source/Meshing/Data/BadTriangle.cs"
"Assets/Triangle.Net-for-Unity/Assets/TriangleNet/Scripts/Source/Meshing/GenericMesher.cs"
"Assets/Triangle.Net-for-Unity/Assets/TriangleNet/Scripts/Source/Meshing/IConstraintMesher.cs"
"Assets/Triangle.Net-for-Unity/Assets/TriangleNet/Scripts/Source/Meshing/IMesh.cs"
"Assets/Triangle.Net-for-Unity/Assets/TriangleNet/Scripts/Source/Meshing/IQualityMesher.cs"
"Assets/Triangle.Net-for-Unity/Assets/TriangleNet/Scripts/Source/Meshing/ITriangulator.cs"
"Assets/Triangle.Net-for-Unity/Assets/TriangleNet/Scripts/Source/Meshing/Iterators/EdgeIterator.cs"
"Assets/Triangle.Net-for-Unity/Assets/TriangleNet/Scripts/Source/Meshing/Iterators/RegionIterator.cs"
"Assets/Triangle.Net-for-Unity/Assets/TriangleNet/Scripts/Source/Meshing/Iterators/VertexCirculator.cs"
"Assets/Triangle.Net-for-Unity/Assets/TriangleNet/Scripts/Source/Meshing/QualityMesher.cs"
"Assets/Triangle.Net-for-Unity/Assets/TriangleNet/Scripts/Source/Meshing/QualityOptions.cs"
"Assets/Triangle.Net-for-Unity/Assets/TriangleNet/Scripts/Source/NewLocation.cs"
"Assets/Triangle.Net-for-Unity/Assets/TriangleNet/Scripts/Source/RobustPredicates.cs"
"Assets/Triangle.Net-for-Unity/Assets/TriangleNet/Scripts/Source/Smoothing/ISmoother.cs"
"Assets/Triangle.Net-for-Unity/Assets/TriangleNet/Scripts/Source/Smoothing/SimpleSmoother.cs"
"Assets/Triangle.Net-for-Unity/Assets/TriangleNet/Scripts/Source/Smoothing/VoronoiFactory.cs"
"Assets/Triangle.Net-for-Unity/Assets/TriangleNet/Scripts/Source/Tools/AdjacencyMatrix.cs"
"Assets/Triangle.Net-for-Unity/Assets/TriangleNet/Scripts/Source/Tools/CuthillMcKee.cs"
"Assets/Triangle.Net-for-Unity/Assets/TriangleNet/Scripts/Source/Tools/Interpolation.cs"
"Assets/Triangle.Net-for-Unity/Assets/TriangleNet/Scripts/Source/Tools/IntersectionHelper.cs"
"Assets/Triangle.Net-for-Unity/Assets/TriangleNet/Scripts/Source/Tools/PolygonValidator.cs"
"Assets/Triangle.Net-for-Unity/Assets/TriangleNet/Scripts/Source/Tools/QualityMeasure.cs"
"Assets/Triangle.Net-for-Unity/Assets/TriangleNet/Scripts/Source/Tools/Statistic.cs"
"Assets/Triangle.Net-for-Unity/Assets/TriangleNet/Scripts/Source/Tools/TriangleQuadTree.cs"
"Assets/Triangle.Net-for-Unity/Assets/TriangleNet/Scripts/Source/Tools/VertexSorter.cs"
"Assets/Triangle.Net-for-Unity/Assets/TriangleNet/Scripts/Source/Topology/DCEL/DcelMesh.cs"
"Assets/Triangle.Net-for-Unity/Assets/TriangleNet/Scripts/Source/Topology/DCEL/Face.cs"
"Assets/Triangle.Net-for-Unity/Assets/TriangleNet/Scripts/Source/Topology/DCEL/HalfEdge.cs"
"Assets/Triangle.Net-for-Unity/Assets/TriangleNet/Scripts/Source/Topology/DCEL/Vertex.cs"
"Assets/Triangle.Net-for-Unity/Assets/TriangleNet/Scripts/Source/Topology/Osub.cs"
"Assets/Triangle.Net-for-Unity/Assets/TriangleNet/Scripts/Source/Topology/Otri.cs"
"Assets/Triangle.Net-for-Unity/Assets/TriangleNet/Scripts/Source/Topology/SubSegment.cs"
"Assets/Triangle.Net-for-Unity/Assets/TriangleNet/Scripts/Source/Topology/Triangle.cs"
"Assets/Triangle.Net-for-Unity/Assets/TriangleNet/Scripts/Source/TriangleLocator.cs"
"Assets/Triangle.Net-for-Unity/Assets/TriangleNet/Scripts/Source/TriangleNetMesh.cs"
"Assets/Triangle.Net-for-Unity/Assets/TriangleNet/Scripts/Source/TrianglePool.cs"
"Assets/Triangle.Net-for-Unity/Assets/TriangleNet/Scripts/Source/TriangleSampler.cs"
"Assets/Triangle.Net-for-Unity/Assets/TriangleNet/Scripts/Source/Voronoi/BoundedVoronoi.cs"
"Assets/Triangle.Net-for-Unity/Assets/TriangleNet/Scripts/Source/Voronoi/DefaultVoronoiFactory.cs"
"Assets/Triangle.Net-for-Unity/Assets/TriangleNet/Scripts/Source/Voronoi/IVoronoiFactory.cs"
"Assets/Triangle.Net-for-Unity/Assets/TriangleNet/Scripts/Source/Voronoi/Legacy/BoundedVoronoiLegacy.cs"
"Assets/Triangle.Net-for-Unity/Assets/TriangleNet/Scripts/Source/Voronoi/Legacy/IVoronoi.cs"
"Assets/Triangle.Net-for-Unity/Assets/TriangleNet/Scripts/Source/Voronoi/Legacy/SimpleVoronoi.cs"
"Assets/Triangle.Net-for-Unity/Assets/TriangleNet/Scripts/Source/Voronoi/Legacy/VoronoiRegion.cs"
"Assets/Triangle.Net-for-Unity/Assets/TriangleNet/Scripts/Source/Voronoi/StandardVoronoi.cs"
"Assets/Triangle.Net-for-Unity/Assets/TriangleNet/Scripts/Source/Voronoi/VoronoiBase.cs"
"Assets/Triangle.Net-for-Unity/Assets/TriangleNet/Scripts/UnityExtentions.cs"
-langversion:9.0
/deterministic
/optimize+
/debug:portable
/nologo
/RuntimeMetadataVersion:v4.0.30319
/nowarn:0169
/nowarn:0649
/nowarn:0282
/nowarn:1701
/nowarn:1702
/utf8output
/preferreduilang:en-US
/additionalfile:"Library/Bee/artifacts/2400b0aP.dag/Assembly-CSharp.UnityAdditionalFile.txt"
##### Custom Environment Variables
DOTNET_MULTILEVEL_LOOKUP=0
##### ExitCode
1
##### Output
Assets/LDraw-Importer/Scripts/LDrawConfig.cs(45,48): error CS0103: The name 'AssetDatabase' does not exist in the current context
Assets/LDraw-Importer/Scripts/LDrawConfig.cs(56,17): error CS0103: The name 'AssetDatabase' does not exist in the current context
Assets/LDraw-Importer/Scripts/LDrawConfig.cs(57,17): error CS0103: The name 'AssetDatabase' does not exist in the current context
Assets/LDraw-Importer/Scripts/LDrawConfig.cs(87,17): error CS0103: The name 'EditorUtility' does not exist in the current context
Assets/LDraw-Importer/Scripts/LDrawConfig.cs(152,65): error CS0103: The name 'AssetDatabase' does not exist in the current context
Assets/LDraw-Importer/Scripts/LDrawConfig.cs(165,33): error CS0103: The name 'AssetDatabase' does not exist in the current context
Assets/LDraw-Importer/Scripts/LDrawConfig.cs(172,17): error CS0103: The name 'AssetDatabase' does not exist in the current context
Assets/LDraw-Importer/Scripts/LDrawConfig.cs(223,40): error CS0103: The name 'AssetDatabase' does not exist in the current context
Assets/LDraw-Importer/Scripts/LDrawConfig.cs(243,13): error CS0103: The name 'AssetDatabase' does not exist in the current context
Assets/LDraw-Importer/Scripts/LDrawConfig.cs(244,13): error CS0103: The name 'AssetDatabase' does not exist in the current context
Assets/LDraw-Importer/Scripts/LDrawConfig.cs(274,33): error CS0103: The name 'AssetDatabase' does not exist in the current context
*** Tundra build failed (1.42 seconds), 69 items updated, 387 evaluated
## Script Compilation Error for: Csc Library/Bee/artifacts/2400b0aP.dag/Assembly-CSharp.dll (+2 others)
## CmdLine: "/home/cytrix/Unity/Hub/Editor/6000.0.37f1/Editor/Data/NetCoreRuntime/dotnet" exec "/home/cytrix/Unity/Hub/Editor/6000.0.37f1/Editor/Data/DotNetSdkRoslyn/csc.dll" /nostdlib /noconfig /shared "@Library/Bee/artifacts/2400b0aP.dag/Assembly-CSharp.rsp" "@Library/Bee/artifacts/2400b0aP.dag/Assembly-CSharp.rsp2"
## Output:
Assets/LDraw-Importer/Scripts/LDrawConfig.cs(45,48): error CS0103: The name 'AssetDatabase' does not exist in the current context
Assets/LDraw-Importer/Scripts/LDrawConfig.cs(56,17): error CS0103: The name 'AssetDatabase' does not exist in the current context
Assets/LDraw-Importer/Scripts/LDrawConfig.cs(57,17): error CS0103: The name 'AssetDatabase' does not exist in the current context
Assets/LDraw-Importer/Scripts/LDrawConfig.cs(87,17): error CS0103: The name 'EditorUtility' does not exist in the current context
Assets/LDraw-Importer/Scripts/LDrawConfig.cs(152,65): error CS0103: The name 'AssetDatabase' does not exist in the current context
Assets/LDraw-Importer/Scripts/LDrawConfig.cs(165,33): error CS0103: The name 'AssetDatabase' does not exist in the current context
Assets/LDraw-Importer/Scripts/LDrawConfig.cs(172,17): error CS0103: The name 'AssetDatabase' does not exist in the current context
Assets/LDraw-Importer/Scripts/LDrawConfig.cs(223,40): error CS0103: The name 'AssetDatabase' does not exist in the current context
Assets/LDraw-Importer/Scripts/LDrawConfig.cs(243,13): error CS0103: The name 'AssetDatabase' does not exist in the current context
Assets/LDraw-Importer/Scripts/LDrawConfig.cs(244,13): error CS0103: The name 'AssetDatabase' does not exist in the current context
Assets/LDraw-Importer/Scripts/LDrawConfig.cs(274,33): error CS0103: The name 'AssetDatabase' does not exist in the current context

Assets/LDraw-Importer/Scripts/LDrawConfig.cs(45,48): error CS0103: The name 'AssetDatabase' does not exist in the current context
Assets/LDraw-Importer/Scripts/LDrawConfig.cs(56,17): error CS0103: The name 'AssetDatabase' does not exist in the current context
Assets/LDraw-Importer/Scripts/LDrawConfig.cs(57,17): error CS0103: The name 'AssetDatabase' does not exist in the current context
Assets/LDraw-Importer/Scripts/LDrawConfig.cs(87,17): error CS0103: The name 'EditorUtility' does not exist in the current context
Assets/LDraw-Importer/Scripts/LDrawConfig.cs(152,65): error CS0103: The name 'AssetDatabase' does not exist in the current context
Assets/LDraw-Importer/Scripts/LDrawConfig.cs(165,33): error CS0103: The name 'AssetDatabase' does not exist in the current context
Assets/LDraw-Importer/Scripts/LDrawConfig.cs(172,17): error CS0103: The name 'AssetDatabase' does not exist in the current context
Assets/LDraw-Importer/Scripts/LDrawConfig.cs(223,40): error CS0103: The name 'AssetDatabase' does not exist in the current context
Assets/LDraw-Importer/Scripts/LDrawConfig.cs(243,13): error CS0103: The name 'AssetDatabase' does not exist in the current context
Assets/LDraw-Importer/Scripts/LDrawConfig.cs(244,13): error CS0103: The name 'AssetDatabase' does not exist in the current context
Assets/LDraw-Importer/Scripts/LDrawConfig.cs(274,33): error CS0103: The name 'AssetDatabase' does not exist in the current context
[ScriptCompilation] Requested script compilation because: Recompiling scripts for editor because player build failed.
Error building Player because scripts had compiler errors
Unloading 0 Unused Serialized files (Serialized files now loaded: 0)
Unloading 48 unused Assets / (2.4 KB). Loaded Objects now: 3384.
Memory consumption went from 103.8 MB to 103.8 MB.
Total: 27.234880 ms (FindLiveObjects: 0.326789 ms CreateObjectMapping: 0.196887 ms MarkObjects: 26.548440 ms  DeleteObjects: 0.161158 ms)

Build Finished, Result: Failure.
##utp:{"type":"PlayerBuildInfo","version":2,"phase":"Immediate","time":1739346810754,"processId":3870359,"steps":[{"description":"Preprocess Player","duration":18},{"description":"Prepare For Build","duration":1},{"description":"ProducePlayerScriptAssemblies","duration":2010}],"duration":2029}
Unloading 0 Unused Serialized files (Serialized files now loaded: 0)
Loaded scene 'Temp/__Backupscenes/0.backup'
	Deserialize:            1.204 ms
	Integration:            24.737 ms
	Integration of assets:  0.004 ms
	Thread Wait Time:       0.011 ms
	Total Operation Time:   25.956 ms
Unloading 0 unused Assets / (0 B). Loaded Objects now: 3384.
Memory consumption went from 103.5 MB to 103.5 MB.
Total: 25.988172 ms (FindLiveObjects: 0.320769 ms CreateObjectMapping: 0.132339 ms MarkObjects: 25.499678 ms  DeleteObjects: 0.034207 ms)

Batchmode quit successfully invoked - shutting down!
Killing ADB server in 0.037228 seconds.
[Physics::Module] Cleanup current backned.
[Physics::Module] Id: 0xf2b8ea05
Input System module state changed to: ShutdownInProgress.
Input System polling thread exited.
Input System module state changed to: Shutdown.
[Licensing::IpcConnector] License Notification channel disconnected successfully.
[Licensing::IpcConnector] License Client channel disconnected successfully.
AcceleratorClientConnectionCallback - disconnected - :0
[40m[32minfo[39m[22m[49m: Microsoft.Hosting.Lifetime[0]
      Application is shutting down...
Total cache size 268358160
Total cache size after purge 268358160, took 00:00:00.4249421
Cleanup mono
[usbmuxd] Stop listen thread
[usbmuxd] Listen thread exiting
Exiting batchmode successfully now!
