Unity Editor version:    6000.0.37f1 (090b7797214c)
Branch:                  6000.0/staging
Build type:              Release
Batch mode:              YES
System name:             Linux
Distro version:          #53-Ubuntu SMP PREEMPT_DYNAMIC Sat Jan 11 00:06:25 UTC 2025
Kernel version:          6.8.0-52-generic
Architecture:            x86_64
Available memory:        128490 MB
Using pre-set license
Pro License: YES
The selected window backend is (null) 
Desktop is 11520 x 2160 @ 60 Hz
Initialize udev device monitor.

COMMAND LINE ARGUMENTS:
Unity
-adb2
-batchMode
-noUpm
-name
AssetImportWorker10
-projectPath
/media/cytrix/usbdata1/project/Lets3DGame/ldraw_importer_unity
-logFile
Logs/AssetImportWorker10.log
-srvPort
44255
-job-worker-count
13
-background-job-worker-count
8
-gc-helper-count
1
Successfully changed project path to: /media/cytrix/usbdata1/project/Lets3DGame/ldraw_importer_unity

(Unity:694276): Gtk-CRITICAL **: 15:32:40.810: gtk_label_set_text: assertion 'GTK_IS_LABEL (label)' failed

(Unity:694276): Gtk-CRITICAL **: 15:32:40.813: gtk_label_set_text: assertion 'GTK_IS_LABEL (label)' failed
/media/cytrix/usbdata1/project/Lets3DGame/ldraw_importer_unity
[UnityMemory] Configuration Parameters - Can be set up in boot.config
    "memorysetup-bucket-allocator-granularity=16"
    "memorysetup-bucket-allocator-bucket-count=8"
    "memorysetup-bucket-allocator-block-size=33554432"
    "memorysetup-bucket-allocator-block-count=8"
    "memorysetup-main-allocator-block-size=16777216"
    "memorysetup-thread-allocator-block-size=16777216"
    "memorysetup-gfx-main-allocator-block-size=16777216"
    "memorysetup-gfx-thread-allocator-block-size=16777216"
    "memorysetup-cache-allocator-block-size=4194304"
    "memorysetup-typetree-allocator-block-size=2097152"
    "memorysetup-profiler-bucket-allocator-granularity=16"
    "memorysetup-profiler-bucket-allocator-bucket-count=8"
    "memorysetup-profiler-bucket-allocator-block-size=33554432"
    "memorysetup-profiler-bucket-allocator-block-count=8"
    "memorysetup-profiler-allocator-block-size=16777216"
    "memorysetup-profiler-editor-allocator-block-size=1048576"
    "memorysetup-temp-allocator-size-main=16777216"
    "memorysetup-job-temp-allocator-block-size=2097152"
    "memorysetup-job-temp-allocator-block-size-background=1048576"
    "memorysetup-job-temp-allocator-reduction-small-platforms=262144"
    "memorysetup-allocator-temp-initial-block-size-main=262144"
    "memorysetup-allocator-temp-initial-block-size-worker=262144"
    "memorysetup-temp-allocator-size-background-worker=32768"
    "memorysetup-temp-allocator-size-job-worker=262144"
    "memorysetup-temp-allocator-size-preload-manager=33554432"
    "memorysetup-temp-allocator-size-nav-mesh-worker=65536"
    "memorysetup-temp-allocator-size-audio-worker=65536"
    "memorysetup-temp-allocator-size-cloud-worker=32768"
    "memorysetup-temp-allocator-size-gi-baking-worker=262144"
    "memorysetup-temp-allocator-size-gi-baking-worker=262144"
    "memorysetup-temp-allocator-size-gi-baking-worker=262144"
    "memorysetup-temp-allocator-size-gi-baking-worker=262144"
    "memorysetup-temp-allocator-size-gi-baking-worker=262144"
    "memorysetup-temp-allocator-size-gfx=262144"
Player connection [126444134425920]  Target information:

Player connection [126444134425920]  * "[IP] 172.30.1.30 [Port] 0 [Flags] 2 [Guid] 679882591 [EditorId] 679882591 [Version] 1048832 [Id] LinuxEditor(16,172.30.1.30) [Debug] 1 [PackageName] LinuxEditor [ProjectName] Editor" 

Player connection [126444134425920]  * "[IP] 172.17.0.1 [Port] 0 [Flags] 2 [Guid] 679882591 [EditorId] 679882591 [Version] 1048832 [Id] LinuxEditor(16,172.30.1.30) [Debug] 1 [PackageName] LinuxEditor [ProjectName] Editor" 

Player connection [126444134425920] Host joined multi-casting on [225.0.0.222:54997]...
Player connection [126444134425920] Host joined alternative multi-casting on [225.0.0.222:34997]...
JobSystem: Creating JobQueue using job-worker-count value 13
Input System module state changed to: Initialized.
[Physics::Module] Initialized fallback backend.
[Physics::Module] Id: 0xdecafbad
Library Redirect Path: Library/
[Physics::Module] Selected backend.
[Physics::Module] Name: PhysX
[Physics::Module] Id: 0xf2b8ea05
[Physics::Module] SDK Version: 4.1.2
[Physics::Module] Integration Version: 1.0.0
[Physics::Module] Threading Mode: Multi-Threaded
Refreshing native plugins compatible for Editor in 1.31 ms, found 0 plugins.
Preloading 0 native plugins for Editor in 0.00 ms.
Initialize engine version: 6000.0.37f1 (090b7797214c)
[Subsystems] Discovering subsystems at path /home/cytrix/Unity/Hub/Editor/6000.0.37f1/Editor/Data/Resources/UnitySubsystems
[Subsystems] Discovering subsystems at path /media/cytrix/usbdata1/project/Lets3DGame/ldraw_importer_unity/Assets
kGfxThreadingModeNonThreaded is not supported on OpenGL Core. Reverting to kGfxThreadingModeDirect instead.
GfxDevice: creating device client; kGfxThreadingModeDirect
GLX Extensions: GLX_ARB_get_proc_address GLX_ARB_multisample GLX_EXT_visual_info GLX_EXT_visual_rating GLX_EXT_import_context GLX_SGI_video_sync GLX_SGIX_fbconfig GLX_SGIX_pbuffer GLX_SGI_swap_control GLX_EXT_swap_control GLX_EXT_swap_control_tear GLX_EXT_buffer_age GLX_ARB_create_context GLX_ARB_create_context_profile GLX_NV_float_buffer GLX_ARB_fbconfig_float GLX_EXT_texture_from_pixmap GLX_EXT_framebuffer_sRGB GLX_NV_copy_image GLX_EXT_create_context_es_profile GLX_EXT_create_context_es2_profile GLX_ARB_create_context_no_error GLX_ARB_create_context_robustness GLX_NV_delay_before_swap GLX_EXT_stereo_tree GLX_ARB_context_flush_control GLX_NV_robustness_video_memory_purge GLX_NV_multigpu_context 
Renderer: NVIDIA GeForce RTX 3090/PCIe/SSE2
Vendor:   NVIDIA Corporation
Version:  4.5.0 NVIDIA 550.120
GLES:     0
 GL_AMD_multi_draw_indirect GL_AMD_seamless_cubemap_per_texture GL_AMD_vertex_shader_viewport_index GL_AMD_vertex_shader_layer GL_ARB_arrays_of_arrays GL_ARB_base_instance GL_ARB_bindless_texture GL_ARB_blend_func_extended GL_ARB_buffer_storage GL_ARB_clear_buffer_object GL_ARB_clear_texture GL_ARB_clip_control GL_ARB_color_buffer_float GL_ARB_compressed_texture_pixel_storage GL_ARB_conservative_depth GL_ARB_compute_shader GL_ARB_compute_variable_group_size GL_ARB_conditional_render_inverted GL_ARB_copy_buffer GL_ARB_copy_image GL_ARB_cull_distance GL_ARB_debug_output GL_ARB_depth_buffer_float GL_ARB_depth_clamp GL_ARB_depth_texture GL_ARB_derivative_control GL_ARB_direct_state_access GL_ARB_draw_buffers GL_ARB_draw_buffers_blend GL_ARB_draw_indirect GL_ARB_draw_elements_base_vertex GL_ARB_draw_instanced GL_ARB_enhanced_layouts GL_ARB_ES2_compatibility GL_ARB_ES3_compatibility GL_ARB_ES3_1_compatibility GL_ARB_ES3_2_compatibility GL_ARB_explicit_attrib_location GL_ARB_explicit_uniform_location GL_ARB_fragmen
t_coord_conventions GL_ARB_fragment_layer_viewport GL_ARB_fragment_program GL_ARB_fragment_program_shadow GL_ARB_fragment_shader GL_ARB_fragment_shader_interlock GL_ARB_framebuffer_no_attachments GL_ARB_framebuffer_object GL_ARB_framebuffer_sRGB GL_ARB_geometry_shader4 GL_ARB_get_program_binary GL_ARB_get_texture_sub_image GL_ARB_gl_spirv GL_ARB_gpu_shader5 GL_ARB_gpu_shader_fp64 GL_ARB_gpu_shader_int64 GL_ARB_half_float_pixel GL_ARB_half_float_vertex GL_ARB_imaging GL_ARB_indirect_parameters GL_ARB_instanced_arrays GL_ARB_internalformat_query GL_ARB_internalformat_query2 GL_ARB_invalidate_subdata GL_ARB_map_buffer_alignment GL_ARB_map_buffer_range GL_ARB_multi_bind GL_ARB_multi_draw_indirect GL_ARB_multisample GL_ARB_multitexture GL_ARB_occlusion_query GL_ARB_occlusion_query2 GL_ARB_parallel_shader_compile GL_ARB_pipeline_statistics_query GL_ARB_pixel_buffer_object GL_ARB_point_parameters GL_ARB_point_sprite GL_ARB_polygon_offset_clamp GL_ARB_post_depth_coverage GL_ARB_program_interface_query GL_ARB_provoki
ng_vertex GL_ARB_query_buffer_object GL_ARB_robust_buffer_access_behavior GL_ARB_robustness GL_ARB_sample_locations GL_ARB_sample_shading GL_ARB_sampler_objects GL_ARB_seamless_cube_map GL_ARB_seamless_cubemap_per_texture GL_ARB_separate_shader_objects GL_ARB_shader_atomic_counter_ops GL_ARB_shader_atomic_counters GL_ARB_shader_ballot GL_ARB_shader_bit_encoding GL_ARB_shader_clock GL_ARB_shader_draw_parameters GL_ARB_shader_group_vote GL_ARB_shader_image_load_store GL_ARB_shader_image_size GL_ARB_shader_objects GL_ARB_shader_precision GL_ARB_shader_storage_buffer_object GL_ARB_shader_subroutine GL_ARB_shader_texture_image_samples GL_ARB_shader_texture_lod GL_ARB_shading_language_100 GL_ARB_shader_viewport_layer_array GL_ARB_shading_language_420pack GL_ARB_shading_language_include GL_ARB_shading_language_packing GL_ARB_shadow GL_ARB_sparse_buffer GL_ARB_sparse_texture GL_ARB_sparse_texture2 GL_ARB_sparse_texture_clamp GL_ARB_spirv_extensions GL_ARB_stencil_texturing GL_ARB_sync GL_ARB_tessellation_shader GL_A
RB_texture_barrier GL_ARB_texture_border_clamp GL_ARB_texture_buffer_object GL_ARB_texture_buffer_object_rgb32 GL_ARB_texture_buffer_range GL_ARB_texture_compression GL_ARB_texture_compression_bptc GL_ARB_texture_compression_rgtc GL_ARB_texture_cube_map GL_ARB_texture_cube_map_array GL_ARB_texture_env_add GL_ARB_texture_env_combine GL_ARB_texture_env_crossbar GL_ARB_texture_env_dot3 GL_ARB_texture_filter_anisotropic GL_ARB_texture_filter_minmax GL_ARB_texture_float GL_ARB_texture_gather GL_ARB_texture_mirror_clamp_to_edge GL_ARB_texture_mirrored_repeat GL_ARB_texture_multisample GL_ARB_texture_non_power_of_two GL_ARB_texture_query_levels GL_ARB_texture_query_lod GL_ARB_texture_rectangle GL_ARB_texture_rg GL_ARB_texture_rgb10_a2ui GL_ARB_texture_stencil8 GL_ARB_texture_storage GL_ARB_texture_storage_multisample GL_ARB_texture_swizzle GL_ARB_texture_view GL_ARB_timer_query GL_ARB_transform_feedback2 GL_ARB_transform_feedback3 GL_ARB_transform_feedback_instanced GL_ARB_transform_feedback_overflow_query GL_ARB_t
ranspose_matrix GL_ARB_uniform_buffer_object GL_ARB_vertex_array_bgra GL_ARB_vertex_array_object GL_ARB_vertex_attrib_64bit GL_ARB_vertex_attrib_binding GL_ARB_vertex_buffer_object GL_ARB_vertex_program GL_ARB_vertex_shader GL_ARB_vertex_type_10f_11f_11f_rev GL_ARB_vertex_type_2_10_10_10_rev GL_ARB_viewport_array GL_ARB_window_pos GL_ATI_draw_buffers GL_ATI_texture_float GL_ATI_texture_mirror_once GL_S3_s3tc GL_EXT_texture_env_add GL_EXT_abgr GL_EXT_bgra GL_EXT_bindable_uniform GL_EXT_blend_color GL_EXT_blend_equation_separate GL_EXT_blend_func_separate GL_EXT_blend_minmax GL_EXT_blend_subtract GL_EXT_compiled_vertex_array GL_EXT_Cg_shader GL_EXT_depth_bounds_test GL_EXT_direct_state_access GL_EXT_draw_buffers2 GL_EXT_draw_instanced GL_EXT_draw_range_elements GL_EXT_fog_coord GL_EXT_framebuffer_blit GL_EXT_framebuffer_multisample GL_EXTX_framebuffer_mixed_formats GL_EXT_framebuffer_multisample_blit_scaled GL_EXT_framebuffer_object GL_EXT_framebuffer_sRGB GL_EXT_geometry_shader4 GL_EXT_gpu_program_parameters 
GL_EXT_gpu_shader4 GL_EXT_multi_draw_arrays GL_EXT_multiview_texture_multisample GL_EXT_multiview_timer_query GL_EXT_packed_depth_stencil GL_EXT_packed_float GL_EXT_packed_pixels GL_EXT_pixel_buffer_object GL_EXT_point_parameters GL_EXT_polygon_offset_clamp GL_EXT_post_depth_coverage GL_EXT_provoking_vertex GL_EXT_raster_multisample GL_EXT_rescale_normal GL_EXT_secondary_color GL_EXT_separate_shader_objects GL_EXT_separate_specular_color GL_EXT_shader_image_load_formatted GL_EXT_shader_image_load_store GL_EXT_shader_integer_mix GL_EXT_shadow_funcs GL_EXT_sparse_texture2 GL_EXT_stencil_two_side GL_EXT_stencil_wrap GL_EXT_texture3D GL_EXT_texture_array GL_EXT_texture_buffer_object GL_EXT_texture_compression_dxt1 GL_EXT_texture_compression_latc GL_EXT_texture_compression_rgtc GL_EXT_texture_compression_s3tc GL_EXT_texture_cube_map GL_EXT_texture_edge_clamp GL_EXT_texture_env_combine GL_EXT_texture_env_dot3 GL_EXT_texture_filter_anisotropic GL_EXT_texture_filter_minmax GL_EXT_texture_integer GL_EXT_texture_lod G
L_EXT_texture_lod_bias GL_EXT_texture_mirror_clamp GL_EXT_texture_object GL_EXT_texture_shadow_lod GL_EXT_texture_shared_exponent GL_EXT_texture_sRGB GL_EXT_texture_sRGB_R8 GL_EXT_texture_sRGB_decode GL_EXT_texture_storage GL_EXT_texture_swizzle GL_EXT_timer_query GL_EXT_transform_feedback2 GL_EXT_vertex_array GL_EXT_vertex_array_bgra GL_EXT_vertex_attrib_64bit GL_EXT_window_rectangles GL_EXT_x11_sync_object GL_EXT_import_sync_object GL_NV_robustness_video_memory_purge GL_IBM_rasterpos_clip GL_IBM_texture_mirrored_repeat GL_KHR_context_flush_control GL_KHR_debug GL_EXT_memory_object GL_EXT_memory_object_fd GL_NV_memory_object_sparse GL_KHR_parallel_shader_compile GL_KHR_no_error GL_KHR_robust_buffer_access_behavior GL_KHR_robustness GL_EXT_semaphore GL_EXT_semaphore_fd GL_NV_timeline_semaphore GL_KHR_shader_subgroup GL_KTX_buffer_region GL_NV_alpha_to_coverage_dither_control GL_NV_bindless_multi_draw_indirect GL_NV_bindless_multi_draw_indirect_count GL_NV_bindless_texture GL_NV_blend_equation_advanced GL_NV_
blend_equation_advanced_coherent GL_NVX_blend_equation_advanced_multi_draw_buffers GL_NV_blend_minmax_factor GL_NV_blend_square GL_NV_clip_space_w_scaling GL_NV_command_list GL_NV_compute_program5 GL_NV_compute_shader_derivatives GL_NV_conditional_render GL_NV_conservative_raster GL_NV_conservative_raster_dilate GL_NV_conservative_raster_pre_snap GL_NV_conservative_raster_pre_snap_triangles GL_NV_conservative_raster_underestimation GL_NV_copy_depth_to_color GL_NV_copy_image GL_NV_depth_buffer_float GL_NV_depth_clamp GL_NV_draw_texture GL_NV_draw_vulkan_image GL_NV_ES1_1_compatibility GL_NV_ES3_1_compatibility GL_NV_explicit_multisample GL_NV_feature_query GL_NV_fence GL_NV_fill_rectangle GL_NV_float_buffer GL_NV_fog_distance GL_NV_fragment_coverage_to_color GL_NV_fragment_program GL_NV_fragment_program_option GL_NV_fragment_program2 GL_NV_fragment_shader_barycentric GL_NV_fragment_shader_interlock GL_NV_framebuffer_mixed_samples GL_NV_framebuffer_multisample_coverage GL_NV_geometry_shader4 GL_NV_geometry_sha
der_passthrough GL_NV_gpu_program4 GL_NV_internalformat_sample_query GL_NV_gpu_program4_1 GL_NV_gpu_program5 GL_NV_gpu_program5_mem_extended GL_NV_gpu_program_fp64 GL_NV_gpu_shader5 GL_NV_half_float GL_NV_light_max_exponent GL_NV_memory_attachment GL_NV_mesh_shader GL_NV_multisample_coverage GL_NV_multisample_filter_hint GL_NV_occlusion_query GL_NV_packed_depth_stencil GL_NV_parameter_buffer_object GL_NV_parameter_buffer_object2 GL_NV_path_rendering GL_NV_path_rendering_shared_edge GL_NV_pixel_data_range GL_NV_point_sprite GL_NV_primitive_restart GL_NV_primitive_shading_rate GL_NV_query_resource GL_NV_query_resource_tag GL_NV_register_combiners GL_NV_register_combiners2 GL_NV_representative_fragment_test GL_NV_sample_locations GL_NV_sample_mask_override_coverage GL_NV_scissor_exclusive GL_NV_shader_atomic_counters GL_NV_shader_atomic_float GL_NV_shader_atomic_float64 GL_NV_shader_atomic_fp16_vector GL_NV_shader_atomic_int64 GL_NV_shader_buffer_load GL_NV_shader_storage_buffer_object GL_NV_shader_subgroup_par
titioned GL_NV_shader_texture_footprint GL_NV_shading_rate_image GL_NV_stereo_view_rendering GL_NV_texgen_reflection GL_NV_texture_barrier GL_NV_texture_compression_vtc GL_NV_texture_dirty_tile_map GL_NV_texture_env_combine4 GL_NV_texture_multisample GL_NV_texture_rectangle GL_NV_texture_rectangle_compressed GL_NV_texture_shader GL_NV_texture_shader2 GL_NV_texture_shader3 GL_NV_transform_feedback GL_NV_transform_feedback2 GL_NV_uniform_buffer_unified_memory GL_NV_uniform_buffer_std430_layout GL_NV_vdpau_interop GL_NV_vdpau_interop2 GL_NV_vertex_array_range GL_NV_vertex_array_range2 GL_NV_vertex_attrib_integer_64bit GL_NV_vertex_buffer_unified_memory GL_NV_vertex_program GL_NV_vertex_program1_1 GL_NV_vertex_program2 GL_NV_vertex_program2_option GL_NV_vertex_program3 GL_NV_viewport_array2 GL_NV_viewport_swizzle GL_NVX_conditional_render GL_NV_gpu_multicast GL_NVX_progress_fence GL_NVX_gpu_memory_info GL_NVX_nvenc_interop GL_NV_shader_thread_group GL_NV_shader_thread_shuffle GL_KHR_blend_equation_advanced GL_KH
R_blend_equation_advanced_coherent GL_OVR_multiview GL_OVR_multiview2 GL_SGIS_generate_mipmap GL_SGIS_texture_lod GL_SGIX_depth_texture GL_SGIX_shadow GL_SUN_slice_accum
OPENGL LOG: Creating OpenGL 4.5 graphics device ; Context level  <OpenGL 4.5> ; Context handle -1162506280
Initialize mono
Mono path[0] = '/home/cytrix/Unity/Hub/Editor/6000.0.37f1/Editor/Data/Managed'
Mono path[1] = '/home/cytrix/Unity/Hub/Editor/6000.0.37f1/Editor/Data/MonoBleedingEdge/lib/mono/unityjit-linux'
Mono config path = '/home/cytrix/Unity/Hub/Editor/6000.0.37f1/Editor/Data/MonoBleedingEdge/etc'
Using monoOptions --debugger-agent=transport=dt_socket,embedding=1,server=y,suspend=n,address=127.0.0.1:56276
Begin MonoManager ReloadAssembly
Registering precompiled unity dll's ...
Register platform support module: /home/cytrix/Unity/Hub/Editor/6000.0.37f1/Editor/Data/PlaybackEngines/WebGLSupport/UnityEditor.WebGL.Extensions.dll
Register platform support module: /home/cytrix/Unity/Hub/Editor/6000.0.37f1/Editor/Data/PlaybackEngines/AndroidPlayer/UnityEditor.Android.Extensions.dll
Register platform support module: /home/cytrix/Unity/Hub/Editor/6000.0.37f1/Editor/Data/PlaybackEngines/iOSSupport/UnityEditor.iOS.Extensions.dll
Register platform support module: /home/cytrix/Unity/Hub/Editor/6000.0.37f1/Editor/Data/PlaybackEngines/LinuxStandaloneSupport/UnityEditor.LinuxStandalone.Extensions.dll
Registered in 0.006986 seconds.
- Loaded All Assemblies, in  0.376 seconds
Native extension for LinuxStandalone target not found
[usbmuxd] Start listen thread
[usbmuxd] Listen thread started
Native extension for iOS target not found
Native extension for Android target not found
Android Extension - Scanning For ADB Devices 281 ms
Native extension for WebGL target not found
Mono: successfully reloaded assembly
- Finished resetting the current domain, in  0.729 seconds
Domain Reload Profiling: 1104ms
	BeginReloadAssembly (72ms)
		ExecutionOrderSort (0ms)
		DisableScriptedObjects (0ms)
		BackupInstance (0ms)
		ReleaseScriptingObjects (0ms)
		CreateAndSetChildDomain (1ms)
	RebuildCommonClasses (37ms)
	RebuildNativeTypeToScriptingClass (9ms)
	initialDomainReloadingComplete (76ms)
	LoadAllAssembliesAndSetupDomain (181ms)
		LoadAssemblies (74ms)
		RebuildTransferFunctionScriptingTraits (0ms)
		AnalyzeDomain (173ms)
			TypeCache.Refresh (172ms)
				TypeCache.ScanAssembly (154ms)
			BuildScriptInfoCaches (0ms)
			ResolveRequiredComponents (0ms)
	FinalizeReload (729ms)
		ReleaseScriptCaches (0ms)
		RebuildScriptCaches (0ms)
		SetupLoadedEditorAssemblies (686ms)
			LogAssemblyErrors (0ms)
			InitializePlatformSupportModulesInManaged (437ms)
			SetLoadedEditorAssemblies (8ms)
			BeforeProcessingInitializeOnLoad (70ms)
			ProcessInitializeOnLoadAttributes (116ms)
			ProcessInitializeOnLoadMethodAttributes (55ms)
			AfterProcessingInitializeOnLoad (0ms)
			EditorAssembliesLoaded (0ms)
		ExecutionOrderSort2 (0ms)
		AwakeInstancesAfterBackupRestoration (0ms)
========================================================================
Worker process is ready to serve import requests
Import Worker Mode flag is 0x00
Begin MonoManager ReloadAssembly
Symbol file LoadedFromMemory is not a mono symbol file
- Loaded All Assemblies, in  0.603 seconds
Refreshing native plugins compatible for Editor in 1.19 ms, found 0 plugins.
Native extension for LinuxStandalone target not found
Native extension for iOS target not found
Native extension for Android target not found
Native extension for WebGL target not found
Refreshing native plugins compatible for Editor in 1.32 ms, found 0 plugins.
Package Manager log level set to [2]
[Package Manager] Failed to launch server process. Reason: Unity was launched with the -noUpm command-line argument
[Package Manager] Unable to send message (not connected to server process).
[Package Manager] Cannot connect to Unity Package Manager local server
Mono: successfully reloaded assembly
- Finished resetting the current domain, in  0.799 seconds
Domain Reload Profiling: 1401ms
	BeginReloadAssembly (154ms)
		ExecutionOrderSort (0ms)
		DisableScriptedObjects (6ms)
		BackupInstance (0ms)
		ReleaseScriptingObjects (0ms)
		CreateAndSetChildDomain (52ms)
	RebuildCommonClasses (40ms)
	RebuildNativeTypeToScriptingClass (9ms)
	initialDomainReloadingComplete (39ms)
	LoadAllAssembliesAndSetupDomain (360ms)
		LoadAssemblies (280ms)
		RebuildTransferFunctionScriptingTraits (0ms)
		AnalyzeDomain (146ms)
			TypeCache.Refresh (113ms)
				TypeCache.ScanAssembly (93ms)
			BuildScriptInfoCaches (29ms)
			ResolveRequiredComponents (2ms)
	FinalizeReload (800ms)
		ReleaseScriptCaches (0ms)
		RebuildScriptCaches (0ms)
		SetupLoadedEditorAssemblies (677ms)
			LogAssemblyErrors (0ms)
			InitializePlatformSupportModulesInManaged (62ms)
			SetLoadedEditorAssemblies (9ms)
			BeforeProcessingInitializeOnLoad (101ms)
			ProcessInitializeOnLoadAttributes (341ms)
			ProcessInitializeOnLoadMethodAttributes (162ms)
			AfterProcessingInitializeOnLoad (3ms)
			EditorAssembliesLoaded (0ms)
		ExecutionOrderSort2 (0ms)
		AwakeInstancesAfterBackupRestoration (3ms)
AutoLocale: current locale expects 'C' but got 'ko_KR.UTF-8'Launched and connected shader compiler UnityShaderCompiler after 0.02 seconds
Refreshing native plugins compatible for Editor in 2.57 ms, found 0 plugins.
Preloading 0 native plugins for Editor in 0.00 ms.
Unloading 8 Unused Serialized files (Serialized files now loaded: 0)
Unloading 2847 unused Assets / (1.5 MB). Loaded Objects now: 3334.
Memory consumption went from 79.4 MB to 77.9 MB.
Total: 21.553375 ms (FindLiveObjects: 0.565774 ms CreateObjectMapping: 0.511812 ms MarkObjects: 18.305409 ms  DeleteObjects: 2.168958 ms)

========================================================================
Received Import Request.
  Time since last request: 94631.395451 seconds.
  path: Assets/LDraw-Importer/GeneratedMeshes/2-4ring5.asset
  artifactKey: Guid(bc982d6254c6a04498b4ab40f2a01b7b) Importer(815301076,1909f56bfc062723c751e8b465ee728b)
Start importing Assets/LDraw-Importer/GeneratedMeshes/2-4ring5.asset using Guid(bc982d6254c6a04498b4ab40f2a01b7b) Importer(815301076,1909f56bfc062723c751e8b465ee728b) (PreviewImporter) -> (artifact id: '0e104d946572537b66e81efafc8cede4') in 0.12211213 seconds
Number of updated asset objects reloaded before import = 0Number of asset objects unloaded after import = 2

========================================================================
Received Import Request.
  Time since last request: 0.564023 seconds.
  path: Assets/LDraw-Importer/GeneratedMeshes/3-16cys2.asset
  artifactKey: Guid(66533877ea02dbb4fb216750d584bf80) Importer(815301076,1909f56bfc062723c751e8b465ee728b)
Start importing Assets/LDraw-Importer/GeneratedMeshes/3-16cys2.asset using Guid(66533877ea02dbb4fb216750d584bf80) Importer(815301076,1909f56bfc062723c751e8b465ee728b) (PreviewImporter) -> (artifact id: '27d21f339dfd58983e3cc8d0d3ab6801') in 0.010511499 seconds
Number of updated asset objects reloaded before import = 0Number of asset objects unloaded after import = 2

========================================================================
Received Import Request.
  Time since last request: 0.000057 seconds.
  path: Assets/LDraw-Importer/GeneratedMeshes/4-4aring.asset
  artifactKey: Guid(643d6a7c19a4ba44cbb61a64dd80f238) Importer(815301076,1909f56bfc062723c751e8b465ee728b)
Start importing Assets/LDraw-Importer/GeneratedMeshes/4-4aring.asset using Guid(643d6a7c19a4ba44cbb61a64dd80f238) Importer(815301076,1909f56bfc062723c751e8b465ee728b) (PreviewImporter) -> (artifact id: '3c522567cd647dc481ec9c7e272dc21d') in 0.014478099 seconds
Number of updated asset objects reloaded before import = 0Number of asset objects unloaded after import = 2

========================================================================
Received Import Request.
  Time since last request: 0.011854 seconds.
  path: Assets/LDraw-Importer/GeneratedMeshes/4-4con4.asset
  artifactKey: Guid(24385ce632d77b34387652518bf997ce) Importer(815301076,1909f56bfc062723c751e8b465ee728b)
Start importing Assets/LDraw-Importer/GeneratedMeshes/4-4con4.asset using Guid(24385ce632d77b34387652518bf997ce) Importer(815301076,1909f56bfc062723c751e8b465ee728b) (PreviewImporter) -> (artifact id: 'c2529ead311428de8ead4fbe3d966cf4') in 0.010051143 seconds
Number of updated asset objects reloaded before import = 0Number of asset objects unloaded after import = 2

========================================================================
Received Import Request.
  Time since last request: 0.000057 seconds.
  path: Assets/LDraw-Importer/GeneratedMeshes/4-4con9.asset
  artifactKey: Guid(7fa527b138326a54dabe4e4ba20b8433) Importer(815301076,1909f56bfc062723c751e8b465ee728b)
Start importing Assets/LDraw-Importer/GeneratedMeshes/4-4con9.asset using Guid(7fa527b138326a54dabe4e4ba20b8433) Importer(815301076,1909f56bfc062723c751e8b465ee728b) (PreviewImporter) -> (artifact id: '1f8a9a846992a596343d0341dd73a836') in 0.007856534 seconds
Number of updated asset objects reloaded before import = 0Number of asset objects unloaded after import = 2

========================================================================
Received Import Request.
  Time since last request: 0.067314 seconds.
  path: Assets/LDraw-Importer/GeneratedMeshes/4-4con18.asset
  artifactKey: Guid(27e505397e016bb41b6ba048783c6ef2) Importer(815301076,1909f56bfc062723c751e8b465ee728b)
Start importing Assets/LDraw-Importer/GeneratedMeshes/4-4con18.asset using Guid(27e505397e016bb41b6ba048783c6ef2) Importer(815301076,1909f56bfc062723c751e8b465ee728b) (PreviewImporter) -> (artifact id: 'ef5d2869a5034f4fcaea801114b23754') in 0.009778676 seconds
Number of updated asset objects reloaded before import = 0Number of asset objects unloaded after import = 2

========================================================================
Received Import Request.
  Time since last request: 0.000119 seconds.
  path: Assets/LDraw-Importer/GeneratedMeshes/4-4cyls.asset
  artifactKey: Guid(f2604466f2ed7e94c80f1ac322eb610d) Importer(815301076,1909f56bfc062723c751e8b465ee728b)
Start importing Assets/LDraw-Importer/GeneratedMeshes/4-4cyls.asset using Guid(f2604466f2ed7e94c80f1ac322eb610d) Importer(815301076,1909f56bfc062723c751e8b465ee728b) (PreviewImporter) -> (artifact id: 'e561caf24486ebe83f05c400afca0352') in 0.004097022 seconds
Number of updated asset objects reloaded before import = 0Number of asset objects unloaded after import = 2

========================================================================
Received Import Request.
  Time since last request: 0.037766 seconds.
  path: Assets/LDraw-Importer/GeneratedMeshes/4-4rin11.asset
  artifactKey: Guid(d9ae998c58e75674daa90abb3ede16c3) Importer(815301076,1909f56bfc062723c751e8b465ee728b)
Start importing Assets/LDraw-Importer/GeneratedMeshes/4-4rin11.asset using Guid(d9ae998c58e75674daa90abb3ede16c3) Importer(815301076,1909f56bfc062723c751e8b465ee728b) (PreviewImporter) -> (artifact id: 'a59fbe5596d4c74be4b9ff924fe9455a') in 0.013119585 seconds
Number of updated asset objects reloaded before import = 0Number of asset objects unloaded after import = 2

========================================================================
Received Import Request.
  Time since last request: 0.000077 seconds.
  path: Assets/LDraw-Importer/GeneratedMeshes/4-4rin17.asset
  artifactKey: Guid(f318021e6ba544742b7464fd8008475c) Importer(815301076,1909f56bfc062723c751e8b465ee728b)
Start importing Assets/LDraw-Importer/GeneratedMeshes/4-4rin17.asset using Guid(f318021e6ba544742b7464fd8008475c) Importer(815301076,1909f56bfc062723c751e8b465ee728b) (PreviewImporter) -> (artifact id: '013dba875fc8f5703f9211e06ac73e10') in 0.00451537 seconds
Number of updated asset objects reloaded before import = 0Number of asset objects unloaded after import = 2

========================================================================
Received Import Request.
  Time since last request: 0.381793 seconds.
  path: Assets/LDraw-Importer/GeneratedMeshes/4-4rin29.asset
  artifactKey: Guid(92552b216d0c89647ae118d7a85f3b02) Importer(815301076,1909f56bfc062723c751e8b465ee728b)
Start importing Assets/LDraw-Importer/GeneratedMeshes/4-4rin29.asset using Guid(92552b216d0c89647ae118d7a85f3b02) Importer(815301076,1909f56bfc062723c751e8b465ee728b) (PreviewImporter) -> (artifact id: '6118efdd93d3d4d2cbb1004406391572') in 0.011511812 seconds
Number of updated asset objects reloaded before import = 0Number of asset objects unloaded after import = 2

========================================================================
Received Import Request.
  Time since last request: 0.000056 seconds.
  path: Assets/LDraw-Importer/GeneratedMeshes/4-4rin97.asset
  artifactKey: Guid(897b1c18b6db5294d86461c2861001c6) Importer(815301076,1909f56bfc062723c751e8b465ee728b)
Start importing Assets/LDraw-Importer/GeneratedMeshes/4-4rin97.asset using Guid(897b1c18b6db5294d86461c2861001c6) Importer(815301076,1909f56bfc062723c751e8b465ee728b) (PreviewImporter) -> (artifact id: '5a524bb1e3b6fd3e4e9dbb4786f8eb45') in 0.007171146 seconds
Number of updated asset objects reloaded before import = 0Number of asset objects unloaded after import = 2

========================================================================
Received Import Request.
  Time since last request: 0.080137 seconds.
  path: Assets/LDraw-Importer/GeneratedMeshes/4-4ring7.asset
  artifactKey: Guid(2c16e56551c53e5488f6eafb031f0d39) Importer(815301076,1909f56bfc062723c751e8b465ee728b)
Start importing Assets/LDraw-Importer/GeneratedMeshes/4-4ring7.asset using Guid(2c16e56551c53e5488f6eafb031f0d39) Importer(815301076,1909f56bfc062723c751e8b465ee728b) (PreviewImporter) -> (artifact id: '799f37312bccfd761f30bb5dbabbb788') in 0.009525535 seconds
Number of updated asset objects reloaded before import = 0Number of asset objects unloaded after import = 2

========================================================================
Received Import Request.
  Time since last request: 0.000110 seconds.
  path: Assets/LDraw-Importer/GeneratedMeshes/5-16cyli.asset
  artifactKey: Guid(6e93e8ed3d5139342a6361611c89be91) Importer(815301076,1909f56bfc062723c751e8b465ee728b)
Start importing Assets/LDraw-Importer/GeneratedMeshes/5-16cyli.asset using Guid(6e93e8ed3d5139342a6361611c89be91) Importer(815301076,1909f56bfc062723c751e8b465ee728b) (PreviewImporter) -> (artifact id: '33b4841a2fc1dfa1fb028a88013dc944') in 0.006498005 seconds
Number of updated asset objects reloaded before import = 0Number of asset objects unloaded after import = 2

========================================================================
Received Import Request.
  Time since last request: 0.065509 seconds.
  path: Assets/LDraw-Importer/GeneratedMeshes/7-8ring2.asset
  artifactKey: Guid(24cb5222158ab6744bd7d657a97e5251) Importer(815301076,1909f56bfc062723c751e8b465ee728b)
Start importing Assets/LDraw-Importer/GeneratedMeshes/7-8ring2.asset using Guid(24cb5222158ab6744bd7d657a97e5251) Importer(815301076,1909f56bfc062723c751e8b465ee728b) (PreviewImporter) -> (artifact id: '3c3f58746f71d684ce6e0976be8b1011') in 0.009102123 seconds
Number of updated asset objects reloaded before import = 0Number of asset objects unloaded after import = 2

========================================================================
Received Import Request.
  Time since last request: 0.000042 seconds.
  path: Assets/LDraw-Importer/GeneratedMeshes/522.asset
  artifactKey: Guid(95a79a90d72b1eb4e936f06c48f27b1c) Importer(815301076,1909f56bfc062723c751e8b465ee728b)
Start importing Assets/LDraw-Importer/GeneratedMeshes/522.asset using Guid(95a79a90d72b1eb4e936f06c48f27b1c) Importer(815301076,1909f56bfc062723c751e8b465ee728b) (PreviewImporter) -> (artifact id: '81da9e290be56206dd11f41f26f76866') in 0.009798397 seconds
Number of updated asset objects reloaded before import = 0Number of asset objects unloaded after import = 2

========================================================================
Received Import Request.
  Time since last request: 3.289547 seconds.
  path: Assets/LDraw-Importer/GeneratedMeshes/633s01.asset
  artifactKey: Guid(5d20a8e61a389b243979beb09d729712) Importer(815301076,1909f56bfc062723c751e8b465ee728b)
Start importing Assets/LDraw-Importer/GeneratedMeshes/633s01.asset using Guid(5d20a8e61a389b243979beb09d729712) Importer(815301076,1909f56bfc062723c751e8b465ee728b) (PreviewImporter) -> (artifact id: '0deede74722534184ce75f087b7304a2') in 0.009724191 seconds
Number of updated asset objects reloaded before import = 0Number of asset objects unloaded after import = 2

========================================================================
Received Import Request.
  Time since last request: 0.000101 seconds.
  path: Assets/LDraw-Importer/GeneratedMeshes/635.asset
  artifactKey: Guid(67b9fe800f6fcc744bd5697bf5a55e8e) Importer(815301076,1909f56bfc062723c751e8b465ee728b)
Start importing Assets/LDraw-Importer/GeneratedMeshes/635.asset using Guid(67b9fe800f6fcc744bd5697bf5a55e8e) Importer(815301076,1909f56bfc062723c751e8b465ee728b) (PreviewImporter) -> (artifact id: '5def8b21c74b9ddda679674b2e21b77b') in 0.010343558 seconds
Number of updated asset objects reloaded before import = 0Number of asset objects unloaded after import = 2

========================================================================
Received Import Request.
  Time since last request: 0.053100 seconds.
  path: Assets/LDraw-Importer/GeneratedMeshes/973p15b.asset
  artifactKey: Guid(c31126db208b1e149bafcd22a60bfe3c) Importer(815301076,1909f56bfc062723c751e8b465ee728b)
Start importing Assets/LDraw-Importer/GeneratedMeshes/973p15b.asset using Guid(c31126db208b1e149bafcd22a60bfe3c) Importer(815301076,1909f56bfc062723c751e8b465ee728b) (PreviewImporter) -> (artifact id: '9e42adc936bcb898d7fe3aa134f73cf5') in 0.010102426 seconds
Number of updated asset objects reloaded before import = 0Number of asset objects unloaded after import = 2

========================================================================
Received Import Request.
  Time since last request: 0.000120 seconds.
  path: Assets/LDraw-Importer/GeneratedMeshes/973p72.asset
  artifactKey: Guid(2fc8fd3b40c76f049890fb903da87bb8) Importer(815301076,1909f56bfc062723c751e8b465ee728b)
Start importing Assets/LDraw-Importer/GeneratedMeshes/973p72.asset using Guid(2fc8fd3b40c76f049890fb903da87bb8) Importer(815301076,1909f56bfc062723c751e8b465ee728b) (PreviewImporter) -> (artifact id: '03b947e01e51bdfdfcdcc95b359f10f5') in 0.005436206 seconds
Number of updated asset objects reloaded before import = 0Number of asset objects unloaded after import = 2

========================================================================
Received Import Request.
  Time since last request: 0.000121 seconds.
  path: Assets/LDraw-Importer/GeneratedMeshes/973pm0.asset
  artifactKey: Guid(38a54bc417bc895488d3f7bd92b2f3b6) Importer(815301076,1909f56bfc062723c751e8b465ee728b)
Start importing Assets/LDraw-Importer/GeneratedMeshes/973pm0.asset using Guid(38a54bc417bc895488d3f7bd92b2f3b6) Importer(815301076,1909f56bfc062723c751e8b465ee728b) (PreviewImporter) -> (artifact id: '63a810e41fa91b8d8d56a8fdf0a1028e') in 0.013860039 seconds
Number of updated asset objects reloaded before import = 0Number of asset objects unloaded after import = 2

========================================================================
Received Import Request.
  Time since last request: 0.000130 seconds.
  path: Assets/LDraw-Importer/GeneratedMeshes/973ps1.asset
  artifactKey: Guid(2690b6b85d8294d40be756032aad1e42) Importer(815301076,1909f56bfc062723c751e8b465ee728b)
Start importing Assets/LDraw-Importer/GeneratedMeshes/973ps1.asset using Guid(2690b6b85d8294d40be756032aad1e42) Importer(815301076,1909f56bfc062723c751e8b465ee728b) (PreviewImporter) -> (artifact id: 'd54d3019623c8dd6212f4234ae0c5cd5') in 0.006768249 seconds
Number of updated asset objects reloaded before import = 0Number of asset objects unloaded after import = 2

========================================================================
Received Import Request.
  Time since last request: 0.000147 seconds.
  path: Assets/LDraw-Importer/GeneratedMeshes/973ps1s01.asset
  artifactKey: Guid(97107a18d9c201544886fd149ebad538) Importer(815301076,1909f56bfc062723c751e8b465ee728b)
Start importing Assets/LDraw-Importer/GeneratedMeshes/973ps1s01.asset using Guid(97107a18d9c201544886fd149ebad538) Importer(815301076,1909f56bfc062723c751e8b465ee728b) (PreviewImporter) -> (artifact id: 'd7c9fd33b06141e25b6aa66f82573425') in 0.008693289 seconds
Number of updated asset objects reloaded before import = 0Number of asset objects unloaded after import = 2

========================================================================
Received Import Request.
  Time since last request: 0.275671 seconds.
  path: Assets/LDraw-Importer/GeneratedMeshes/973psa.asset
  artifactKey: Guid(97bac2d126b793e45a533360ea0a0706) Importer(815301076,1909f56bfc062723c751e8b465ee728b)
Start importing Assets/LDraw-Importer/GeneratedMeshes/973psa.asset using Guid(97bac2d126b793e45a533360ea0a0706) Importer(815301076,1909f56bfc062723c751e8b465ee728b) (PreviewImporter) -> (artifact id: 'd038a89bcd5d091675e503b6744086b1') in 0.011989426 seconds
Number of updated asset objects reloaded before import = 0Number of asset objects unloaded after import = 2

========================================================================
Received Import Request.
  Time since last request: 0.000205 seconds.
  path: Assets/LDraw-Importer/GeneratedMeshes/2397.asset
  artifactKey: Guid(8a48f347d1b295b48911d4aa8c130d01) Importer(815301076,1909f56bfc062723c751e8b465ee728b)
Start importing Assets/LDraw-Importer/GeneratedMeshes/2397.asset using Guid(8a48f347d1b295b48911d4aa8c130d01) Importer(815301076,1909f56bfc062723c751e8b465ee728b) (PreviewImporter) -> (artifact id: '805cdc99b496b17c17929b128366c1ed') in 0.009409042 seconds
Number of updated asset objects reloaded before import = 0Number of asset objects unloaded after import = 2

========================================================================
Received Import Request.
  Time since last request: 0.000085 seconds.
  path: Assets/LDraw-Importer/GeneratedMeshes/2439.asset
  artifactKey: Guid(e7b1d82659f961047abace7a68ddb9c6) Importer(815301076,1909f56bfc062723c751e8b465ee728b)
Start importing Assets/LDraw-Importer/GeneratedMeshes/2439.asset using Guid(e7b1d82659f961047abace7a68ddb9c6) Importer(815301076,1909f56bfc062723c751e8b465ee728b) (PreviewImporter) -> (artifact id: 'cdbc8a7dd2066036ae665c51d9c615b6') in 0.009807768 seconds
Number of updated asset objects reloaded before import = 0Number of asset objects unloaded after import = 2

========================================================================
Received Import Request.
  Time since last request: 0.000108 seconds.
  path: Assets/LDraw-Importer/GeneratedMeshes/2431s01.asset
  artifactKey: Guid(0eccd09d5f5d821468df0adf409ad24d) Importer(815301076,1909f56bfc062723c751e8b465ee728b)
Start importing Assets/LDraw-Importer/GeneratedMeshes/2431s01.asset using Guid(0eccd09d5f5d821468df0adf409ad24d) Importer(815301076,1909f56bfc062723c751e8b465ee728b) (PreviewImporter) -> (artifact id: '7f391808832add25ad494edfe38e6a6f') in 0.006283527 seconds
Number of updated asset objects reloaded before import = 0Number of asset objects unloaded after import = 2

========================================================================
Received Import Request.
  Time since last request: 0.000114 seconds.
  path: Assets/LDraw-Importer/GeneratedMeshes/2357.asset
  artifactKey: Guid(40e90f6d213835e4c865380b48c4ccc3) Importer(815301076,1909f56bfc062723c751e8b465ee728b)
Start importing Assets/LDraw-Importer/GeneratedMeshes/2357.asset using Guid(40e90f6d213835e4c865380b48c4ccc3) Importer(815301076,1909f56bfc062723c751e8b465ee728b) (PreviewImporter) -> (artifact id: 'b7fc74ceca2b35fe12d23e924d56410d') in 0.00929444 seconds
Number of updated asset objects reloaded before import = 0Number of asset objects unloaded after import = 2

========================================================================
Received Import Request.
  Time since last request: 2.960942 seconds.
  path: Assets/LDraw-Importer/GeneratedMeshes/2452.asset
  artifactKey: Guid(fd37ca7d1b2cfbd4cb576892f32474f0) Importer(815301076,1909f56bfc062723c751e8b465ee728b)
Start importing Assets/LDraw-Importer/GeneratedMeshes/2452.asset using Guid(fd37ca7d1b2cfbd4cb576892f32474f0) Importer(815301076,1909f56bfc062723c751e8b465ee728b) (PreviewImporter) -> (artifact id: '14018d0726563e8a8b6ef8f4c70d83d5') in 0.011350593 seconds
Number of updated asset objects reloaded before import = 0Number of asset objects unloaded after import = 2

========================================================================
Received Import Request.
  Time since last request: 0.000088 seconds.
  path: Assets/LDraw-Importer/GeneratedMeshes/2465s01.asset
  artifactKey: Guid(daa50aa967c82814aada310e01aca076) Importer(815301076,1909f56bfc062723c751e8b465ee728b)
Start importing Assets/LDraw-Importer/GeneratedMeshes/2465s01.asset using Guid(daa50aa967c82814aada310e01aca076) Importer(815301076,1909f56bfc062723c751e8b465ee728b) (PreviewImporter) -> (artifact id: 'e29f63171897d1d76d84fdded3ab8ebb') in 0.011396656 seconds
Number of updated asset objects reloaded before import = 0Number of asset objects unloaded after import = 2

========================================================================
Received Import Request.
  Time since last request: 0.029443 seconds.
  path: Assets/LDraw-Importer/GeneratedMeshes/2515s02.asset
  artifactKey: Guid(56aa4506f0d7f9d4f99abd40d763c5c1) Importer(815301076,1909f56bfc062723c751e8b465ee728b)
Start importing Assets/LDraw-Importer/GeneratedMeshes/2515s02.asset using Guid(56aa4506f0d7f9d4f99abd40d763c5c1) Importer(815301076,1909f56bfc062723c751e8b465ee728b) (PreviewImporter) -> (artifact id: 'c6686239920c9e742df434dfa298d215') in 0.021619089 seconds
Number of updated asset objects reloaded before import = 0Number of asset objects unloaded after import = 2

========================================================================
Received Import Request.
  Time since last request: 0.049408 seconds.
  path: Assets/LDraw-Importer/GeneratedMeshes/2730.asset
  artifactKey: Guid(d36b695a6caa25041a636bde3336ef6f) Importer(815301076,1909f56bfc062723c751e8b465ee728b)
Start importing Assets/LDraw-Importer/GeneratedMeshes/2730.asset using Guid(d36b695a6caa25041a636bde3336ef6f) Importer(815301076,1909f56bfc062723c751e8b465ee728b) (PreviewImporter) -> (artifact id: '734b85e7e98c76ab8bbbeddf9ebdf4c4') in 0.006351518 seconds
Number of updated asset objects reloaded before import = 0Number of asset objects unloaded after import = 2

========================================================================
Received Import Request.
  Time since last request: 0.000128 seconds.
  path: Assets/LDraw-Importer/GeneratedMeshes/2865s04.asset
  artifactKey: Guid(5ced4bddf3f47df428b76b44185c5c34) Importer(815301076,1909f56bfc062723c751e8b465ee728b)
Start importing Assets/LDraw-Importer/GeneratedMeshes/2865s04.asset using Guid(5ced4bddf3f47df428b76b44185c5c34) Importer(815301076,1909f56bfc062723c751e8b465ee728b) (PreviewImporter) -> (artifact id: 'da051c1c1623a3932806ee39daa28d46') in 0.010379293 seconds
Number of updated asset objects reloaded before import = 0Number of asset objects unloaded after import = 2

========================================================================
Received Import Request.
  Time since last request: 0.037622 seconds.
  path: Assets/LDraw-Importer/GeneratedMeshes/2917s01.asset
  artifactKey: Guid(5a04f45de2b778a4d8419c91e475755c) Importer(815301076,1909f56bfc062723c751e8b465ee728b)
Start importing Assets/LDraw-Importer/GeneratedMeshes/2917s01.asset using Guid(5a04f45de2b778a4d8419c91e475755c) Importer(815301076,1909f56bfc062723c751e8b465ee728b) (PreviewImporter) -> (artifact id: '4cc1b9e410913ae0b87fa2dc91ed1baf') in 0.005833779 seconds
Number of updated asset objects reloaded before import = 0Number of asset objects unloaded after import = 2

========================================================================
Received Import Request.
  Time since last request: 0.000153 seconds.
  path: Assets/LDraw-Importer/GeneratedMeshes/2923.asset
  artifactKey: Guid(7903e44ddaf35b046a8f07b0ea6e43cc) Importer(815301076,1909f56bfc062723c751e8b465ee728b)
Start importing Assets/LDraw-Importer/GeneratedMeshes/2923.asset using Guid(7903e44ddaf35b046a8f07b0ea6e43cc) Importer(815301076,1909f56bfc062723c751e8b465ee728b) (PreviewImporter) -> (artifact id: '684fe17d17d94dae6d0542f496f0f11a') in 0.005857659 seconds
Number of updated asset objects reloaded before import = 0Number of asset objects unloaded after import = 2

========================================================================
Received Import Request.
  Time since last request: 0.000196 seconds.
  path: Assets/LDraw-Importer/GeneratedMeshes/3004s01.asset
  artifactKey: Guid(bd0f6c49db74a4e48ac239b2cc4178ec) Importer(815301076,1909f56bfc062723c751e8b465ee728b)
Start importing Assets/LDraw-Importer/GeneratedMeshes/3004s01.asset using Guid(bd0f6c49db74a4e48ac239b2cc4178ec) Importer(815301076,1909f56bfc062723c751e8b465ee728b) (PreviewImporter) -> (artifact id: '5f51a013f48b5799dd7fec418a57eb19') in 0.004657844 seconds
Number of updated asset objects reloaded before import = 0Number of asset objects unloaded after import = 2

========================================================================
Received Import Request.
  Time since last request: 0.000139 seconds.
  path: Assets/LDraw-Importer/GeneratedMeshes/3008.asset
  artifactKey: Guid(d25ad773d7f654047937daa81f7fbddd) Importer(815301076,1909f56bfc062723c751e8b465ee728b)
Start importing Assets/LDraw-Importer/GeneratedMeshes/3008.asset using Guid(d25ad773d7f654047937daa81f7fbddd) Importer(815301076,1909f56bfc062723c751e8b465ee728b) (PreviewImporter) -> (artifact id: '3465b4b6782d6fc76bdf89d83e261497') in 0.011915993 seconds
Number of updated asset objects reloaded before import = 0Number of asset objects unloaded after import = 2

========================================================================
Received Import Request.
  Time since last request: 0.000050 seconds.
  path: Assets/LDraw-Importer/GeneratedMeshes/3028.asset
  artifactKey: Guid(c7d6d7c7cec0fad4a9d71716966d1c3d) Importer(815301076,1909f56bfc062723c751e8b465ee728b)
Start importing Assets/LDraw-Importer/GeneratedMeshes/3028.asset using Guid(c7d6d7c7cec0fad4a9d71716966d1c3d) Importer(815301076,1909f56bfc062723c751e8b465ee728b) (PreviewImporter) -> (artifact id: '59eb91a196cd94a0c745ee1a03f46e15') in 0.00465502 seconds
Number of updated asset objects reloaded before import = 0Number of asset objects unloaded after import = 2

========================================================================
Received Import Request.
  Time since last request: 0.000123 seconds.
  path: Assets/LDraw-Importer/GeneratedMeshes/3035.asset
  artifactKey: Guid(109a180d3b49ba44db34d013c0ede5d6) Importer(815301076,1909f56bfc062723c751e8b465ee728b)
Start importing Assets/LDraw-Importer/GeneratedMeshes/3035.asset using Guid(109a180d3b49ba44db34d013c0ede5d6) Importer(815301076,1909f56bfc062723c751e8b465ee728b) (PreviewImporter) -> (artifact id: '9940889ba33b17d17117aef6f907fe29') in 0.006730009 seconds
Number of updated asset objects reloaded before import = 0Number of asset objects unloaded after import = 2

========================================================================
Received Import Request.
  Time since last request: 0.000367 seconds.
  path: Assets/LDraw-Importer/GeneratedMeshes/3036.asset
  artifactKey: Guid(d802bcc7998343e4cb81f9970eca8a50) Importer(815301076,1909f56bfc062723c751e8b465ee728b)
Start importing Assets/LDraw-Importer/GeneratedMeshes/3036.asset using Guid(d802bcc7998343e4cb81f9970eca8a50) Importer(815301076,1909f56bfc062723c751e8b465ee728b) (PreviewImporter) -> (artifact id: '9279984507b243c998021b9cd6900bf0') in 0.00367082 seconds
Number of updated asset objects reloaded before import = 0Number of asset objects unloaded after import = 2

========================================================================
Received Import Request.
  Time since last request: 0.000185 seconds.
  path: Assets/LDraw-Importer/GeneratedMeshes/3048a.asset
  artifactKey: Guid(3fb84260c2f10ee4fbfc8425538862b0) Importer(815301076,1909f56bfc062723c751e8b465ee728b)
Start importing Assets/LDraw-Importer/GeneratedMeshes/3048a.asset using Guid(3fb84260c2f10ee4fbfc8425538862b0) Importer(815301076,1909f56bfc062723c751e8b465ee728b) (PreviewImporter) -> (artifact id: '929de05491b9dc0ca63b81eaa4a182ad') in 0.006844364 seconds
Number of updated asset objects reloaded before import = 0Number of asset objects unloaded after import = 2

========================================================================
Received Import Request.
  Time since last request: 0.000055 seconds.
  path: Assets/LDraw-Importer/GeneratedMeshes/3065.asset
  artifactKey: Guid(2f44563359216c845bfe704b3c74332c) Importer(815301076,1909f56bfc062723c751e8b465ee728b)
Start importing Assets/LDraw-Importer/GeneratedMeshes/3065.asset using Guid(2f44563359216c845bfe704b3c74332c) Importer(815301076,1909f56bfc062723c751e8b465ee728b) (PreviewImporter) -> (artifact id: '2efee97c2528ea8dff7deb03147e013d') in 0.00459559 seconds
Number of updated asset objects reloaded before import = 0Number of asset objects unloaded after import = 2

========================================================================
Received Import Request.
  Time since last request: 0.000114 seconds.
  path: Assets/LDraw-Importer/GeneratedMeshes/3069bp52.asset
  artifactKey: Guid(a6e4b117a8443224cb4f221cc92d88a2) Importer(815301076,1909f56bfc062723c751e8b465ee728b)
Start importing Assets/LDraw-Importer/GeneratedMeshes/3069bp52.asset using Guid(a6e4b117a8443224cb4f221cc92d88a2) Importer(815301076,1909f56bfc062723c751e8b465ee728b) (PreviewImporter) -> (artifact id: 'aa7647448ae9df37262b56a80fa21afb') in 0.005297139 seconds
Number of updated asset objects reloaded before import = 0Number of asset objects unloaded after import = 2

========================================================================
Received Import Request.
  Time since last request: 0.000011 seconds.
  path: Assets/LDraw-Importer/GeneratedMeshes/3068bps1s03.asset
  artifactKey: Guid(a0c36c2d10a64d4478041ff3ad2db507) Importer(815301076,1909f56bfc062723c751e8b465ee728b)
Start importing Assets/LDraw-Importer/GeneratedMeshes/3068bps1s03.asset using Guid(a0c36c2d10a64d4478041ff3ad2db507) Importer(815301076,1909f56bfc062723c751e8b465ee728b) (PreviewImporter) -> (artifact id: 'd3df81726c139cd39dc258fb859e2945') in 0.005984533 seconds
Number of updated asset objects reloaded before import = 0Number of asset objects unloaded after import = 2

========================================================================
Received Import Request.
  Time since last request: 0.000036 seconds.
  path: Assets/LDraw-Importer/GeneratedMeshes/3195p03.asset
  artifactKey: Guid(1f93286b872b0fb48b062e138033ea85) Importer(815301076,1909f56bfc062723c751e8b465ee728b)
Start importing Assets/LDraw-Importer/GeneratedMeshes/3195p03.asset using Guid(1f93286b872b0fb48b062e138033ea85) Importer(815301076,1909f56bfc062723c751e8b465ee728b) (PreviewImporter) -> (artifact id: '2b4b43a3dbc786ca52fa731597b50e59') in 0.006701097 seconds
Number of updated asset objects reloaded before import = 0Number of asset objects unloaded after import = 2

========================================================================
Received Import Request.
  Time since last request: 0.000033 seconds.
  path: Assets/LDraw-Importer/GeneratedMeshes/3030.asset
  artifactKey: Guid(04004716f3a17ba4ba8a04a1a664e2ab) Importer(815301076,1909f56bfc062723c751e8b465ee728b)
Start importing Assets/LDraw-Importer/GeneratedMeshes/3030.asset using Guid(04004716f3a17ba4ba8a04a1a664e2ab) Importer(815301076,1909f56bfc062723c751e8b465ee728b) (PreviewImporter) -> (artifact id: 'e2dd1cb15f1462028bffd65ab82f3985') in 0.006662921 seconds
Number of updated asset objects reloaded before import = 0Number of asset objects unloaded after import = 2

========================================================================
Received Import Request.
  Time since last request: 0.000076 seconds.
  path: Assets/LDraw-Importer/GeneratedMeshes/3005.asset
  artifactKey: Guid(b135633b5a4b7614d9b81298be36c243) Importer(815301076,1909f56bfc062723c751e8b465ee728b)
Start importing Assets/LDraw-Importer/GeneratedMeshes/3005.asset using Guid(b135633b5a4b7614d9b81298be36c243) Importer(815301076,1909f56bfc062723c751e8b465ee728b) (PreviewImporter) -> (artifact id: '4255fa6645eba9990d5352ac28706174') in 0.008636156 seconds
Number of updated asset objects reloaded before import = 0Number of asset objects unloaded after import = 2

========================================================================
Received Import Request.
  Time since last request: 1.531873 seconds.
  path: Assets/LDraw-Importer/GeneratedMeshes/3298s01.asset
  artifactKey: Guid(1f7904601ab971f4c843e1da5ded2697) Importer(815301076,1909f56bfc062723c751e8b465ee728b)
Start importing Assets/LDraw-Importer/GeneratedMeshes/3298s01.asset using Guid(1f7904601ab971f4c843e1da5ded2697) Importer(815301076,1909f56bfc062723c751e8b465ee728b) (PreviewImporter) -> (artifact id: '7764c4a2b565473854809f41f74de698') in 0.010841748 seconds
Number of updated asset objects reloaded before import = 0Number of asset objects unloaded after import = 2

========================================================================
Received Import Request.
  Time since last request: 0.000144 seconds.
  path: Assets/LDraw-Importer/GeneratedMeshes/3625s01.asset
  artifactKey: Guid(28ca2105885b4934ea4b79d6e55005ab) Importer(815301076,1909f56bfc062723c751e8b465ee728b)
Start importing Assets/LDraw-Importer/GeneratedMeshes/3625s01.asset using Guid(28ca2105885b4934ea4b79d6e55005ab) Importer(815301076,1909f56bfc062723c751e8b465ee728b) (PreviewImporter) -> (artifact id: '07dbe892ea24612baa1ba24cc1e90ae9') in 0.010868194 seconds
Number of updated asset objects reloaded before import = 0Number of asset objects unloaded after import = 2

========================================================================
Received Import Request.
  Time since last request: 0.000124 seconds.
  path: Assets/LDraw-Importer/GeneratedMeshes/3460.asset
  artifactKey: Guid(da3ca642b12cfba44a29d0cd5f860c29) Importer(815301076,1909f56bfc062723c751e8b465ee728b)
Start importing Assets/LDraw-Importer/GeneratedMeshes/3460.asset using Guid(da3ca642b12cfba44a29d0cd5f860c29) Importer(815301076,1909f56bfc062723c751e8b465ee728b) (PreviewImporter) -> (artifact id: 'ff7e08400ec97a4184b2c8f5137b6229') in 0.0081941 seconds
Number of updated asset objects reloaded before import = 0Number of asset objects unloaded after import = 2

========================================================================
Received Import Request.
  Time since last request: 0.000033 seconds.
  path: Assets/LDraw-Importer/GeneratedMeshes/3456.asset
  artifactKey: Guid(79e3b667182809a438ab2ce2d997ec1f) Importer(815301076,1909f56bfc062723c751e8b465ee728b)
Start importing Assets/LDraw-Importer/GeneratedMeshes/3456.asset using Guid(79e3b667182809a438ab2ce2d997ec1f) Importer(815301076,1909f56bfc062723c751e8b465ee728b) (PreviewImporter) -> (artifact id: '47e37db63a7f50709901bfcb7dd70ea9') in 0.007560416 seconds
Number of updated asset objects reloaded before import = 0Number of asset objects unloaded after import = 2

========================================================================
Received Import Request.
  Time since last request: 0.000062 seconds.
  path: Assets/LDraw-Importer/GeneratedMeshes/3626bps3s01.asset
  artifactKey: Guid(703692c81ace9b84b8e30635954d0a5f) Importer(815301076,1909f56bfc062723c751e8b465ee728b)
Start importing Assets/LDraw-Importer/GeneratedMeshes/3626bps3s01.asset using Guid(703692c81ace9b84b8e30635954d0a5f) Importer(815301076,1909f56bfc062723c751e8b465ee728b) (PreviewImporter) -> (artifact id: '2e322df8bb88266fa03bd6a5ba3b9282') in 0.008432079 seconds
Number of updated asset objects reloaded before import = 0Number of asset objects unloaded after import = 2

========================================================================
Received Import Request.
  Time since last request: 0.002449 seconds.
  path: Assets/LDraw-Importer/GeneratedMeshes/3626pm0.asset
  artifactKey: Guid(c57e4a5c42eb20e45a9b3244ad89b1a3) Importer(815301076,1909f56bfc062723c751e8b465ee728b)
Start importing Assets/LDraw-Importer/GeneratedMeshes/3626pm0.asset using Guid(c57e4a5c42eb20e45a9b3244ad89b1a3) Importer(815301076,1909f56bfc062723c751e8b465ee728b) (PreviewImporter) -> (artifact id: 'a108b36facaab7c4b513994429526857') in 0.009447874 seconds
Number of updated asset objects reloaded before import = 0Number of asset objects unloaded after import = 2

========================================================================
Received Import Request.
  Time since last request: 0.072963 seconds.
  path: Assets/LDraw-Importer/GeneratedMeshes/3660s01.asset
  artifactKey: Guid(438e4b2bbb8bc614e8417e7f623f74db) Importer(815301076,1909f56bfc062723c751e8b465ee728b)
Start importing Assets/LDraw-Importer/GeneratedMeshes/3660s01.asset using Guid(438e4b2bbb8bc614e8417e7f623f74db) Importer(815301076,1909f56bfc062723c751e8b465ee728b) (PreviewImporter) -> (artifact id: '086ea00f80650667fd87c3f6f3ddf6d8') in 0.055557759 seconds
Number of updated asset objects reloaded before import = 0Number of asset objects unloaded after import = 2

========================================================================
Received Import Request.
  Time since last request: 0.000170 seconds.
  path: Assets/LDraw-Importer/GeneratedMeshes/3816ps5.asset
  artifactKey: Guid(5087d2c2bab9bc949bbee99a0d4b4844) Importer(815301076,1909f56bfc062723c751e8b465ee728b)
Start importing Assets/LDraw-Importer/GeneratedMeshes/3816ps5.asset using Guid(5087d2c2bab9bc949bbee99a0d4b4844) Importer(815301076,1909f56bfc062723c751e8b465ee728b) (PreviewImporter) -> (artifact id: 'acff84f287ac1cc03757bf79eabc6634') in 0.010395789 seconds
Number of updated asset objects reloaded before import = 0Number of asset objects unloaded after import = 2

========================================================================
Received Import Request.
  Time since last request: 0.000333 seconds.
  path: Assets/LDraw-Importer/GeneratedMeshes/3679.asset
  artifactKey: Guid(810ee7e62a3e0814f837698e26983e9a) Importer(815301076,1909f56bfc062723c751e8b465ee728b)
Start importing Assets/LDraw-Importer/GeneratedMeshes/3679.asset using Guid(810ee7e62a3e0814f837698e26983e9a) Importer(815301076,1909f56bfc062723c751e8b465ee728b) (PreviewImporter) -> (artifact id: '74691646128d804c6cc41b7fa47775c9') in 0.004493247 seconds
Number of updated asset objects reloaded before import = 0Number of asset objects unloaded after import = 2

========================================================================
Received Import Request.
  Time since last request: 0.000063 seconds.
  path: Assets/LDraw-Importer/GeneratedMeshes/3730.asset
  artifactKey: Guid(4d73089015c4ac1469ba8c1431abcb0d) Importer(815301076,1909f56bfc062723c751e8b465ee728b)
Start importing Assets/LDraw-Importer/GeneratedMeshes/3730.asset using Guid(4d73089015c4ac1469ba8c1431abcb0d) Importer(815301076,1909f56bfc062723c751e8b465ee728b) (PreviewImporter) -> (artifact id: '74d41128d12bdaaa38d489ae830f1fb8') in 0.005167933 seconds
Number of updated asset objects reloaded before import = 0Number of asset objects unloaded after import = 2

========================================================================
Received Import Request.
  Time since last request: 0.000085 seconds.
  path: Assets/LDraw-Importer/GeneratedMeshes/3680s01.asset
  artifactKey: Guid(3175ea22d40bc85409b0c0de96d9cc40) Importer(815301076,1909f56bfc062723c751e8b465ee728b)
Start importing Assets/LDraw-Importer/GeneratedMeshes/3680s01.asset using Guid(3175ea22d40bc85409b0c0de96d9cc40) Importer(815301076,1909f56bfc062723c751e8b465ee728b) (PreviewImporter) -> (artifact id: '9023f1a3a2add89ab35ac54ad27a9f58') in 0.003777167 seconds
Number of updated asset objects reloaded before import = 0Number of asset objects unloaded after import = 2

========================================================================
Received Import Request.
  Time since last request: 0.000044 seconds.
  path: Assets/LDraw-Importer/GeneratedMeshes/3820.asset
  artifactKey: Guid(bf7a8d1859c9e6741b762112494c0f9c) Importer(815301076,1909f56bfc062723c751e8b465ee728b)
Start importing Assets/LDraw-Importer/GeneratedMeshes/3820.asset using Guid(bf7a8d1859c9e6741b762112494c0f9c) Importer(815301076,1909f56bfc062723c751e8b465ee728b) (PreviewImporter) -> (artifact id: 'cac3156d578824731b82a1936af02e24') in 0.003925177 seconds
Number of updated asset objects reloaded before import = 0Number of asset objects unloaded after import = 2

========================================================================
Received Import Request.
  Time since last request: 0.000030 seconds.
  path: Assets/LDraw-Importer/GeneratedMeshes/3829a.asset
  artifactKey: Guid(0160fbb5cfe01144a9118d5b9ce3ccef) Importer(815301076,1909f56bfc062723c751e8b465ee728b)
Start importing Assets/LDraw-Importer/GeneratedMeshes/3829a.asset using Guid(0160fbb5cfe01144a9118d5b9ce3ccef) Importer(815301076,1909f56bfc062723c751e8b465ee728b) (PreviewImporter) -> (artifact id: '6021293a6fce2b7483e55b728603eec2') in 0.003621704 seconds
Number of updated asset objects reloaded before import = 0Number of asset objects unloaded after import = 2

========================================================================
Received Import Request.
  Time since last request: 0.000110 seconds.
  path: Assets/LDraw-Importer/GeneratedMeshes/3853.asset
  artifactKey: Guid(c6c2d8381f01a714ba42ce6b9e130b5a) Importer(815301076,1909f56bfc062723c751e8b465ee728b)
Start importing Assets/LDraw-Importer/GeneratedMeshes/3853.asset using Guid(c6c2d8381f01a714ba42ce6b9e130b5a) Importer(815301076,1909f56bfc062723c751e8b465ee728b) (PreviewImporter) -> (artifact id: '59b246581a8b898c36f5a0f30b295b45') in 0.005474767 seconds
Number of updated asset objects reloaded before import = 0Number of asset objects unloaded after import = 2

========================================================================
Received Import Request.
  Time since last request: 0.000011 seconds.
  path: Assets/LDraw-Importer/GeneratedMeshes/3743.asset
  artifactKey: Guid(1027863b6c23d7e43bf8ecd611cb0a33) Importer(815301076,1909f56bfc062723c751e8b465ee728b)
Start importing Assets/LDraw-Importer/GeneratedMeshes/3743.asset using Guid(1027863b6c23d7e43bf8ecd611cb0a33) Importer(815301076,1909f56bfc062723c751e8b465ee728b) (PreviewImporter) -> (artifact id: '718ae1d7432a3699788788a8f9f11f65') in 0.004979041 seconds
Number of updated asset objects reloaded before import = 0Number of asset objects unloaded after import = 2

========================================================================
Received Import Request.
  Time since last request: 0.000061 seconds.
  path: Assets/LDraw-Importer/GeneratedMeshes/3794a.asset
  artifactKey: Guid(b3b03360a98eee54db24d3120768108b) Importer(815301076,1909f56bfc062723c751e8b465ee728b)
Start importing Assets/LDraw-Importer/GeneratedMeshes/3794a.asset using Guid(b3b03360a98eee54db24d3120768108b) Importer(815301076,1909f56bfc062723c751e8b465ee728b) (PreviewImporter) -> (artifact id: '187cde7112831c44ce070ad06ad7756e') in 0.004913132 seconds
Number of updated asset objects reloaded before import = 0Number of asset objects unloaded after import = 2

========================================================================
Received Import Request.
  Time since last request: 0.000063 seconds.
  path: Assets/LDraw-Importer/GeneratedMeshes/3839b.asset
  artifactKey: Guid(cb9560e044d8c4f41be290ec24bfd166) Importer(815301076,1909f56bfc062723c751e8b465ee728b)
Start importing Assets/LDraw-Importer/GeneratedMeshes/3839b.asset using Guid(cb9560e044d8c4f41be290ec24bfd166) Importer(815301076,1909f56bfc062723c751e8b465ee728b) (PreviewImporter) -> (artifact id: '0b9faa3c419baaf2234af416ece922aa') in 0.009499864 seconds
Number of updated asset objects reloaded before import = 0Number of asset objects unloaded after import = 2

========================================================================
Received Import Request.
  Time since last request: 1.950233 seconds.
  path: Assets/LDraw-Importer/GeneratedMeshes/3940.asset
  artifactKey: Guid(33f595d00481fa94a88631bb2cfeb85d) Importer(815301076,1909f56bfc062723c751e8b465ee728b)
Start importing Assets/LDraw-Importer/GeneratedMeshes/3940.asset using Guid(33f595d00481fa94a88631bb2cfeb85d) Importer(815301076,1909f56bfc062723c751e8b465ee728b) (PreviewImporter) -> (artifact id: '619c896260e16ce250d4a767cf164680') in 0.015796716 seconds
Number of updated asset objects reloaded before import = 0Number of asset objects unloaded after import = 2

========================================================================
Received Import Request.
  Time since last request: 0.000041 seconds.
  path: Assets/LDraw-Importer/GeneratedMeshes/3943b.asset
  artifactKey: Guid(f4f883fb7437bd84e92e6ac73cff5952) Importer(815301076,1909f56bfc062723c751e8b465ee728b)
Start importing Assets/LDraw-Importer/GeneratedMeshes/3943b.asset using Guid(f4f883fb7437bd84e92e6ac73cff5952) Importer(815301076,1909f56bfc062723c751e8b465ee728b) (PreviewImporter) -> (artifact id: '9e4ec2f6ce3e879909b37cba954daaa5') in 0.009438093 seconds
Number of updated asset objects reloaded before import = 0Number of asset objects unloaded after import = 2

========================================================================
Received Import Request.
  Time since last request: 0.088537 seconds.
  path: Assets/LDraw-Importer/GeneratedMeshes/4022.asset
  artifactKey: Guid(5c5f3f32be4b1f046bb1476572ee1f30) Importer(815301076,1909f56bfc062723c751e8b465ee728b)
Start importing Assets/LDraw-Importer/GeneratedMeshes/4022.asset using Guid(5c5f3f32be4b1f046bb1476572ee1f30) Importer(815301076,1909f56bfc062723c751e8b465ee728b) (PreviewImporter) -> (artifact id: '088f1c1596e4ddf1b837c6539de9baee') in 0.012443523 seconds
Number of updated asset objects reloaded before import = 0Number of asset objects unloaded after import = 2

========================================================================
Received Import Request.
  Time since last request: 0.000091 seconds.
  path: Assets/LDraw-Importer/GeneratedMeshes/4079.asset
  artifactKey: Guid(021229e4cd70a9142aa528ff963af01c) Importer(815301076,1909f56bfc062723c751e8b465ee728b)
Start importing Assets/LDraw-Importer/GeneratedMeshes/4079.asset using Guid(021229e4cd70a9142aa528ff963af01c) Importer(815301076,1909f56bfc062723c751e8b465ee728b) (PreviewImporter) -> (artifact id: 'c63149192717fbfa5965b103a9f4ab25') in 0.010237291 seconds
Number of updated asset objects reloaded before import = 0Number of asset objects unloaded after import = 2

========================================================================
Received Import Request.
  Time since last request: 0.119071 seconds.
  path: Assets/LDraw-Importer/GeneratedMeshes/4286.asset
  artifactKey: Guid(5f982edbe404b10458cf37536318a4a9) Importer(815301076,1909f56bfc062723c751e8b465ee728b)
Start importing Assets/LDraw-Importer/GeneratedMeshes/4286.asset using Guid(5f982edbe404b10458cf37536318a4a9) Importer(815301076,1909f56bfc062723c751e8b465ee728b) (PreviewImporter) -> (artifact id: 'd0527c05b272ea520ea2ff6663e6c94b') in 0.011732551 seconds
Number of updated asset objects reloaded before import = 0Number of asset objects unloaded after import = 2

========================================================================
Received Import Request.
  Time since last request: 0.000022 seconds.
  path: Assets/LDraw-Importer/GeneratedMeshes/4515s01.asset
  artifactKey: Guid(9d71c99d14c7bb242821b290faf358cd) Importer(815301076,1909f56bfc062723c751e8b465ee728b)
Start importing Assets/LDraw-Importer/GeneratedMeshes/4515s01.asset using Guid(9d71c99d14c7bb242821b290faf358cd) Importer(815301076,1909f56bfc062723c751e8b465ee728b) (PreviewImporter) -> (artifact id: 'e86f319d49138c0e1e2b46b902213a5d') in 0.010114098 seconds
Number of updated asset objects reloaded before import = 0Number of asset objects unloaded after import = 2

========================================================================
Received Import Request.
  Time since last request: 0.000063 seconds.
  path: Assets/LDraw-Importer/GeneratedMeshes/4595.asset
  artifactKey: Guid(c88d2ef41e6aa0b4eb8f92869c606bfa) Importer(815301076,1909f56bfc062723c751e8b465ee728b)
Start importing Assets/LDraw-Importer/GeneratedMeshes/4595.asset using Guid(c88d2ef41e6aa0b4eb8f92869c606bfa) Importer(815301076,1909f56bfc062723c751e8b465ee728b) (PreviewImporter) -> (artifact id: '0f3a73f08cc76aca30f29e77968dd8e9') in 0.008138544 seconds
Number of updated asset objects reloaded before import = 0Number of asset objects unloaded after import = 2

========================================================================
Received Import Request.
  Time since last request: 0.000092 seconds.
  path: Assets/LDraw-Importer/GeneratedMeshes/4719.asset
  artifactKey: Guid(367549fb3241db343a9357be71559e4e) Importer(815301076,1909f56bfc062723c751e8b465ee728b)
Start importing Assets/LDraw-Importer/GeneratedMeshes/4719.asset using Guid(367549fb3241db343a9357be71559e4e) Importer(815301076,1909f56bfc062723c751e8b465ee728b) (PreviewImporter) -> (artifact id: '7c3b47bb4f76e2d8daf5dff67bea32dc') in 0.005998799 seconds
Number of updated asset objects reloaded before import = 0Number of asset objects unloaded after import = 2

========================================================================
Received Import Request.
  Time since last request: 0.000122 seconds.
  path: Assets/LDraw-Importer/GeneratedMeshes/4735.asset
  artifactKey: Guid(3044b9c3c80df0849a3f86eec3b47132) Importer(815301076,1909f56bfc062723c751e8b465ee728b)
Start importing Assets/LDraw-Importer/GeneratedMeshes/4735.asset using Guid(3044b9c3c80df0849a3f86eec3b47132) Importer(815301076,1909f56bfc062723c751e8b465ee728b) (PreviewImporter) -> (artifact id: '7f23d37f8ae9b2bbacdc4008460dd1af') in 0.005045356 seconds
Number of updated asset objects reloaded before import = 0Number of asset objects unloaded after import = 2

========================================================================
Received Import Request.
  Time since last request: 0.000091 seconds.
  path: Assets/LDraw-Importer/GeneratedMeshes/4864b.asset
  artifactKey: Guid(c28ed54ffd577d54ba6e5e00cfda59e5) Importer(815301076,1909f56bfc062723c751e8b465ee728b)
Start importing Assets/LDraw-Importer/GeneratedMeshes/4864b.asset using Guid(c28ed54ffd577d54ba6e5e00cfda59e5) Importer(815301076,1909f56bfc062723c751e8b465ee728b) (PreviewImporter) -> (artifact id: '04fea83e1cf38a711e4c9c1259092241') in 0.006274537 seconds
Number of updated asset objects reloaded before import = 0Number of asset objects unloaded after import = 2

========================================================================
Received Import Request.
  Time since last request: 0.000065 seconds.
  path: Assets/LDraw-Importer/GeneratedMeshes/4871.asset
  artifactKey: Guid(cfb7537dd2f4a1842ac370557f489354) Importer(815301076,1909f56bfc062723c751e8b465ee728b)
Start importing Assets/LDraw-Importer/GeneratedMeshes/4871.asset using Guid(cfb7537dd2f4a1842ac370557f489354) Importer(815301076,1909f56bfc062723c751e8b465ee728b) (PreviewImporter) -> (artifact id: 'a51f401a12d9049cdadb8c919ea810e8') in 0.004092985 seconds
Number of updated asset objects reloaded before import = 0Number of asset objects unloaded after import = 2

========================================================================
Received Import Request.
  Time since last request: 0.000071 seconds.
  path: Assets/LDraw-Importer/GeneratedMeshes/6019.asset
  artifactKey: Guid(eaa96d19e3af71b46a71016ad24d2db8) Importer(815301076,1909f56bfc062723c751e8b465ee728b)
Start importing Assets/LDraw-Importer/GeneratedMeshes/6019.asset using Guid(eaa96d19e3af71b46a71016ad24d2db8) Importer(815301076,1909f56bfc062723c751e8b465ee728b) (PreviewImporter) -> (artifact id: '01d1232301c0465574b47124ec162483') in 0.004576371 seconds
Number of updated asset objects reloaded before import = 0Number of asset objects unloaded after import = 2

========================================================================
Received Import Request.
  Time since last request: 0.000074 seconds.
  path: Assets/LDraw-Importer/GeneratedMeshes/6104.asset
  artifactKey: Guid(425cb65f39f6631469224870a78db2c2) Importer(815301076,1909f56bfc062723c751e8b465ee728b)
Start importing Assets/LDraw-Importer/GeneratedMeshes/6104.asset using Guid(425cb65f39f6631469224870a78db2c2) Importer(815301076,1909f56bfc062723c751e8b465ee728b) (PreviewImporter) -> (artifact id: 'a2f7a935e0414cbd2a1e65d9f4b3e372') in 0.005140449 seconds
Number of updated asset objects reloaded before import = 0Number of asset objects unloaded after import = 2

========================================================================
Received Import Request.
  Time since last request: 0.000056 seconds.
  path: Assets/LDraw-Importer/GeneratedMeshes/6126s01.asset
  artifactKey: Guid(46365f0a02a521742be91aa5008fdfca) Importer(815301076,1909f56bfc062723c751e8b465ee728b)
Start importing Assets/LDraw-Importer/GeneratedMeshes/6126s01.asset using Guid(46365f0a02a521742be91aa5008fdfca) Importer(815301076,1909f56bfc062723c751e8b465ee728b) (PreviewImporter) -> (artifact id: 'a2be0349e73a79bf952b3b1748f36239') in 0.005658024 seconds
Number of updated asset objects reloaded before import = 0Number of asset objects unloaded after import = 2

========================================================================
Received Import Request.
  Time since last request: 0.000031 seconds.
  path: Assets/LDraw-Importer/GeneratedMeshes/6536.asset
  artifactKey: Guid(a4272ebf93056f6488c4d0af722f59d9) Importer(815301076,1909f56bfc062723c751e8b465ee728b)
Start importing Assets/LDraw-Importer/GeneratedMeshes/6536.asset using Guid(a4272ebf93056f6488c4d0af722f59d9) Importer(815301076,1909f56bfc062723c751e8b465ee728b) (PreviewImporter) -> (artifact id: '39d9980b371c008b2944de999830fa55') in 0.006390651 seconds
Number of updated asset objects reloaded before import = 0Number of asset objects unloaded after import = 2

========================================================================
Received Import Request.
  Time since last request: 0.000089 seconds.
  path: Assets/LDraw-Importer/GeneratedMeshes/6232.asset
  artifactKey: Guid(98cd9e8d1b044734fb1fead3c6a13f6d) Importer(815301076,1909f56bfc062723c751e8b465ee728b)
Start importing Assets/LDraw-Importer/GeneratedMeshes/6232.asset using Guid(98cd9e8d1b044734fb1fead3c6a13f6d) Importer(815301076,1909f56bfc062723c751e8b465ee728b) (PreviewImporter) -> (artifact id: '7d0625487cacc8576e42323048738bb8') in 0.003986265 seconds
Number of updated asset objects reloaded before import = 0Number of asset objects unloaded after import = 2

========================================================================
Received Import Request.
  Time since last request: 0.000133 seconds.
  path: Assets/LDraw-Importer/GeneratedMeshes/4746.asset
  artifactKey: Guid(ef76396f74af513429d2a0f31dace5da) Importer(815301076,1909f56bfc062723c751e8b465ee728b)
Start importing Assets/LDraw-Importer/GeneratedMeshes/4746.asset using Guid(ef76396f74af513429d2a0f31dace5da) Importer(815301076,1909f56bfc062723c751e8b465ee728b) (PreviewImporter) -> (artifact id: 'b9b0809eb38c4eadd983ed0129b9db2c') in 0.005200466 seconds
Number of updated asset objects reloaded before import = 0Number of asset objects unloaded after import = 2

========================================================================
Received Import Request.
  Time since last request: 0.854343 seconds.
  path: Assets/LDraw-Importer/GeneratedMeshes/10049s01.asset
  artifactKey: Guid(d9f40d4c19496f548874ef1878e08302) Importer(815301076,1909f56bfc062723c751e8b465ee728b)
Start importing Assets/LDraw-Importer/GeneratedMeshes/10049s01.asset using Guid(d9f40d4c19496f548874ef1878e08302) Importer(815301076,1909f56bfc062723c751e8b465ee728b) (PreviewImporter) -> (artifact id: '574b4fa12fadc42df7a93bf1506b3fc2') in 0.011448164 seconds
Number of updated asset objects reloaded before import = 0Number of asset objects unloaded after import = 2

========================================================================
Received Import Request.
  Time since last request: 0.000061 seconds.
  path: Assets/LDraw-Importer/GeneratedMeshes/10175-1 - rigid3mmhose-1.asset
  artifactKey: Guid(3c1e32e4dab2d2a48938736f3404e343) Importer(815301076,1909f56bfc062723c751e8b465ee728b)
Start importing Assets/LDraw-Importer/GeneratedMeshes/10175-1 - rigid3mmhose-1.asset using Guid(3c1e32e4dab2d2a48938736f3404e343) Importer(815301076,1909f56bfc062723c751e8b465ee728b) (PreviewImporter) -> (artifact id: '415c7dd9039ee14f6fdb32de0cd9af4c') in 0.009006706 seconds
Number of updated asset objects reloaded before import = 0Number of asset objects unloaded after import = 2

========================================================================
Received Import Request.
  Time since last request: 0.039164 seconds.
  path: Assets/LDraw-Importer/GeneratedMeshes/10179 - 33299s01.asset
  artifactKey: Guid(e67f0882dd0fb4f468360b3427851e03) Importer(815301076,1909f56bfc062723c751e8b465ee728b)
Start importing Assets/LDraw-Importer/GeneratedMeshes/10179 - 33299s01.asset using Guid(e67f0882dd0fb4f468360b3427851e03) Importer(815301076,1909f56bfc062723c751e8b465ee728b) (PreviewImporter) -> (artifact id: 'a1e4fa5b7a8b98588c5bd31aecc7517d') in 0.009934211 seconds
Number of updated asset objects reloaded before import = 0Number of asset objects unloaded after import = 2

========================================================================
Received Import Request.
  Time since last request: 0.000064 seconds.
  path: Assets/LDraw-Importer/GeneratedMeshes/14719s01.asset
  artifactKey: Guid(cb97e0be6603d1340ab5c21775d04688) Importer(815301076,1909f56bfc062723c751e8b465ee728b)
Start importing Assets/LDraw-Importer/GeneratedMeshes/14719s01.asset using Guid(cb97e0be6603d1340ab5c21775d04688) Importer(815301076,1909f56bfc062723c751e8b465ee728b) (PreviewImporter) -> (artifact id: '73080801d8e8f69faa12983462154a22') in 0.011387368 seconds
Number of updated asset objects reloaded before import = 0Number of asset objects unloaded after import = 2

========================================================================
Received Import Request.
  Time since last request: 0.753648 seconds.
  path: Assets/LDraw-Importer/GeneratedMeshes/15535s02.asset
  artifactKey: Guid(86562adc3bc68a34cb0e95428b168d20) Importer(815301076,1909f56bfc062723c751e8b465ee728b)
Start importing Assets/LDraw-Importer/GeneratedMeshes/15535s02.asset using Guid(86562adc3bc68a34cb0e95428b168d20) Importer(815301076,1909f56bfc062723c751e8b465ee728b) (PreviewImporter) -> (artifact id: '039716e3619d2d0cce71260dd48023df') in 0.010110636 seconds
Number of updated asset objects reloaded before import = 0Number of asset objects unloaded after import = 2

========================================================================
Received Import Request.
  Time since last request: 0.000123 seconds.
  path: Assets/LDraw-Importer/GeneratedMeshes/24246s01.asset
  artifactKey: Guid(5bbd51460e946b4419bf6a0082071446) Importer(815301076,1909f56bfc062723c751e8b465ee728b)
Start importing Assets/LDraw-Importer/GeneratedMeshes/24246s01.asset using Guid(5bbd51460e946b4419bf6a0082071446) Importer(815301076,1909f56bfc062723c751e8b465ee728b) (PreviewImporter) -> (artifact id: '7a11c7964213b4a94557dce0b678b254') in 0.008461016 seconds
Number of updated asset objects reloaded before import = 0Number of asset objects unloaded after import = 2

========================================================================
Received Import Request.
  Time since last request: 0.000086 seconds.
  path: Assets/LDraw-Importer/GeneratedMeshes/24246.asset
  artifactKey: Guid(087789f9e78d8294181bfd901225f7e8) Importer(815301076,1909f56bfc062723c751e8b465ee728b)
Start importing Assets/LDraw-Importer/GeneratedMeshes/24246.asset using Guid(087789f9e78d8294181bfd901225f7e8) Importer(815301076,1909f56bfc062723c751e8b465ee728b) (PreviewImporter) -> (artifact id: '806f94b7247e64214a604c848abf230b') in 0.008263603 seconds
Number of updated asset objects reloaded before import = 0Number of asset objects unloaded after import = 2

========================================================================
Received Import Request.
  Time since last request: 0.000114 seconds.
  path: Assets/LDraw-Importer/GeneratedMeshes/30033s01.asset
  artifactKey: Guid(802e93606229d5c4cab67707ef2aa92e) Importer(815301076,1909f56bfc062723c751e8b465ee728b)
Start importing Assets/LDraw-Importer/GeneratedMeshes/30033s01.asset using Guid(802e93606229d5c4cab67707ef2aa92e) Importer(815301076,1909f56bfc062723c751e8b465ee728b) (PreviewImporter) -> (artifact id: 'c021eda4022a265417f2d5e38405ef04') in 0.006067335 seconds
Number of updated asset objects reloaded before import = 0Number of asset objects unloaded after import = 2

========================================================================
Received Import Request.
  Time since last request: 0.122155 seconds.
  path: Assets/LDraw-Importer/GeneratedMeshes/30236.asset
  artifactKey: Guid(37ae1246592da12429d738d83aa0b859) Importer(815301076,1909f56bfc062723c751e8b465ee728b)
Start importing Assets/LDraw-Importer/GeneratedMeshes/30236.asset using Guid(37ae1246592da12429d738d83aa0b859) Importer(815301076,1909f56bfc062723c751e8b465ee728b) (PreviewImporter) -> (artifact id: 'e31e8fe9a9ccb60110246685a5138d7d') in 0.006335225 seconds
Number of updated asset objects reloaded before import = 0Number of asset objects unloaded after import = 2

========================================================================
Received Import Request.
  Time since last request: 0.000040 seconds.
  path: Assets/LDraw-Importer/GeneratedMeshes/30361ps1s04.asset
  artifactKey: Guid(e4141174a9f437d4cb1b87bceaf3a802) Importer(815301076,1909f56bfc062723c751e8b465ee728b)
Start importing Assets/LDraw-Importer/GeneratedMeshes/30361ps1s04.asset using Guid(e4141174a9f437d4cb1b87bceaf3a802) Importer(815301076,1909f56bfc062723c751e8b465ee728b) (PreviewImporter) -> (artifact id: '6f2860a9a0cdd853b31aaf5bd04f86f4') in 0.007628714 seconds
Number of updated asset objects reloaded before import = 0Number of asset objects unloaded after import = 2

========================================================================
Received Import Request.
  Time since last request: 0.000145 seconds.
  path: Assets/LDraw-Importer/GeneratedMeshes/30361ps1s06.asset
  artifactKey: Guid(208c23b6fc26c4f408cf2db26ea580f5) Importer(815301076,1909f56bfc062723c751e8b465ee728b)
Start importing Assets/LDraw-Importer/GeneratedMeshes/30361ps1s06.asset using Guid(208c23b6fc26c4f408cf2db26ea580f5) Importer(815301076,1909f56bfc062723c751e8b465ee728b) (PreviewImporter) -> (artifact id: '53f7d86a31b6056779660d711f08cce7') in 0.007362835 seconds
Number of updated asset objects reloaded before import = 0Number of asset objects unloaded after import = 2

========================================================================
Received Import Request.
  Time since last request: 0.000172 seconds.
  path: Assets/LDraw-Importer/GeneratedMeshes/30361ps1s10.asset
  artifactKey: Guid(71579f2713fa45449bb6d34c61f1a476) Importer(815301076,1909f56bfc062723c751e8b465ee728b)
Start importing Assets/LDraw-Importer/GeneratedMeshes/30361ps1s10.asset using Guid(71579f2713fa45449bb6d34c61f1a476) Importer(815301076,1909f56bfc062723c751e8b465ee728b) (PreviewImporter) -> (artifact id: '4e787451100f54e9fb86d87dd0b64e0a') in 0.01078868 seconds
Number of updated asset objects reloaded before import = 0Number of asset objects unloaded after import = 2

========================================================================
Received Import Request.
  Time since last request: 0.042698 seconds.
  path: Assets/LDraw-Importer/GeneratedMeshes/30363s01.asset
  artifactKey: Guid(8149a054de7ca1f4bae62dbda5aa2850) Importer(815301076,1909f56bfc062723c751e8b465ee728b)
Start importing Assets/LDraw-Importer/GeneratedMeshes/30363s01.asset using Guid(8149a054de7ca1f4bae62dbda5aa2850) Importer(815301076,1909f56bfc062723c751e8b465ee728b) (PreviewImporter) -> (artifact id: '70ed1f9b9549fab34089b5d6ad1f2813') in 0.013376052 seconds
Number of updated asset objects reloaded before import = 0Number of asset objects unloaded after import = 2

========================================================================
Received Import Request.
  Time since last request: 0.000070 seconds.
  path: Assets/LDraw-Importer/GeneratedMeshes/30367ps1s09.asset
  artifactKey: Guid(09a23453ff155b64c9c6d1bb4a4dd04e) Importer(815301076,1909f56bfc062723c751e8b465ee728b)
Start importing Assets/LDraw-Importer/GeneratedMeshes/30367ps1s09.asset using Guid(09a23453ff155b64c9c6d1bb4a4dd04e) Importer(815301076,1909f56bfc062723c751e8b465ee728b) (PreviewImporter) -> (artifact id: '3bf7cfffc4c2f7f57a392a35c3e3ea86') in 0.01672589 seconds
Number of updated asset objects reloaded before import = 0Number of asset objects unloaded after import = 2

========================================================================
Received Import Request.
  Time since last request: 0.000161 seconds.
  path: Assets/LDraw-Importer/GeneratedMeshes/30367ps1s06.asset
  artifactKey: Guid(84951e986af9e6b4c90ea057f1be3d72) Importer(815301076,1909f56bfc062723c751e8b465ee728b)
Start importing Assets/LDraw-Importer/GeneratedMeshes/30367ps1s06.asset using Guid(84951e986af9e6b4c90ea057f1be3d72) Importer(815301076,1909f56bfc062723c751e8b465ee728b) (PreviewImporter) -> (artifact id: '741f091ae76e8d3725cec83675870685') in 0.00794861 seconds
Number of updated asset objects reloaded before import = 0Number of asset objects unloaded after import = 2

========================================================================
Received Import Request.
  Time since last request: 7.266536 seconds.
  path: Assets/LDraw-Importer/GeneratedMeshes/30367ps1s22.asset
  artifactKey: Guid(9cee786c36b07e544959c986c048d462) Importer(815301076,1909f56bfc062723c751e8b465ee728b)
Start importing Assets/LDraw-Importer/GeneratedMeshes/30367ps1s22.asset using Guid(9cee786c36b07e544959c986c048d462) Importer(815301076,1909f56bfc062723c751e8b465ee728b) (PreviewImporter) -> (artifact id: '3afc3ca0a2577c88a512db5cccd0e373') in 0.011593208 seconds
Number of updated asset objects reloaded before import = 0Number of asset objects unloaded after import = 2

========================================================================
Received Import Request.
  Time since last request: 0.086842 seconds.
  path: Assets/LDraw-Importer/GeneratedMeshes/30372p79s01.asset
  artifactKey: Guid(8012c606c1943304b85eb7d5ee97c407) Importer(815301076,1909f56bfc062723c751e8b465ee728b)
Start importing Assets/LDraw-Importer/GeneratedMeshes/30372p79s01.asset using Guid(8012c606c1943304b85eb7d5ee97c407) Importer(815301076,1909f56bfc062723c751e8b465ee728b) (PreviewImporter) -> (artifact id: 'e9efd8abdd89546fcf4367ed767e3b30') in 0.010427547 seconds
Number of updated asset objects reloaded before import = 0Number of asset objects unloaded after import = 2

========================================================================
Received Import Request.
  Time since last request: 0.000087 seconds.
  path: Assets/LDraw-Importer/GeneratedMeshes/30381.asset
  artifactKey: Guid(0920478b887073147a27448f9deeb59b) Importer(815301076,1909f56bfc062723c751e8b465ee728b)
Start importing Assets/LDraw-Importer/GeneratedMeshes/30381.asset using Guid(0920478b887073147a27448f9deeb59b) Importer(815301076,1909f56bfc062723c751e8b465ee728b) (PreviewImporter) -> (artifact id: '00c48d7d07c82b7fd45c53d19ce51150') in 0.013786026 seconds
Number of updated asset objects reloaded before import = 0Number of asset objects unloaded after import = 2

========================================================================
Received Import Request.
  Time since last request: 0.069142 seconds.
  path: Assets/LDraw-Importer/GeneratedMeshes/30395s01.asset
  artifactKey: Guid(9cb32f68636f21e47b72c48ea27e0c91) Importer(815301076,1909f56bfc062723c751e8b465ee728b)
Start importing Assets/LDraw-Importer/GeneratedMeshes/30395s01.asset using Guid(9cb32f68636f21e47b72c48ea27e0c91) Importer(815301076,1909f56bfc062723c751e8b465ee728b) (PreviewImporter) -> (artifact id: '44607b4a5f5c1b2da38114e1114ce24a') in 0.00968085 seconds
Number of updated asset objects reloaded before import = 0Number of asset objects unloaded after import = 2

========================================================================
Received Import Request.
  Time since last request: 0.016565 seconds.
  path: Assets/LDraw-Importer/GeneratedMeshes/30503.asset
  artifactKey: Guid(a11959bb4033632428951e04e670cf1a) Importer(815301076,1909f56bfc062723c751e8b465ee728b)
Start importing Assets/LDraw-Importer/GeneratedMeshes/30503.asset using Guid(a11959bb4033632428951e04e670cf1a) Importer(815301076,1909f56bfc062723c751e8b465ee728b) (PreviewImporter) -> (artifact id: '6168a8fb707e9491690c7629f5f58d4f') in 0.009876289 seconds
Number of updated asset objects reloaded before import = 0Number of asset objects unloaded after import = 2

========================================================================
Received Import Request.
  Time since last request: 0.000071 seconds.
  path: Assets/LDraw-Importer/GeneratedMeshes/32012.asset
  artifactKey: Guid(87e952fc76479f74ba2ff90de3e726ec) Importer(815301076,1909f56bfc062723c751e8b465ee728b)
Start importing Assets/LDraw-Importer/GeneratedMeshes/32012.asset using Guid(87e952fc76479f74ba2ff90de3e726ec) Importer(815301076,1909f56bfc062723c751e8b465ee728b) (PreviewImporter) -> (artifact id: '81ce1986ae5cbd21bc927ad9652a6e79') in 0.010089602 seconds
Number of updated asset objects reloaded before import = 0Number of asset objects unloaded after import = 2

========================================================================
Received Import Request.
  Time since last request: 0.687769 seconds.
  path: Assets/LDraw-Importer/GeneratedMeshes/32018.asset
  artifactKey: Guid(85e0dda04275af54eadf9d43fefbda2f) Importer(815301076,1909f56bfc062723c751e8b465ee728b)
Start importing Assets/LDraw-Importer/GeneratedMeshes/32018.asset using Guid(85e0dda04275af54eadf9d43fefbda2f) Importer(815301076,1909f56bfc062723c751e8b465ee728b) (PreviewImporter) -> (artifact id: '4f6d0b9db4ad0a1dd868ae1f88c2cd63') in 0.016640533 seconds
Number of updated asset objects reloaded before import = 0Number of asset objects unloaded after import = 2

========================================================================
Received Import Request.
  Time since last request: 0.037660 seconds.
  path: Assets/LDraw-Importer/GeneratedMeshes/32333.asset
  artifactKey: Guid(8faaff145e9ff874096538703b794a3a) Importer(815301076,1909f56bfc062723c751e8b465ee728b)
Start importing Assets/LDraw-Importer/GeneratedMeshes/32333.asset using Guid(8faaff145e9ff874096538703b794a3a) Importer(815301076,1909f56bfc062723c751e8b465ee728b) (PreviewImporter) -> (artifact id: '2052642124b52bf100d3a738551be1d6') in 0.010931179 seconds
Number of updated asset objects reloaded before import = 0Number of asset objects unloaded after import = 2

========================================================================
Received Import Request.
  Time since last request: 0.000085 seconds.
  path: Assets/LDraw-Importer/GeneratedMeshes/32555.asset
  artifactKey: Guid(56c4a548244e0c6459433e9b21f2c5d7) Importer(815301076,1909f56bfc062723c751e8b465ee728b)
Start importing Assets/LDraw-Importer/GeneratedMeshes/32555.asset using Guid(56c4a548244e0c6459433e9b21f2c5d7) Importer(815301076,1909f56bfc062723c751e8b465ee728b) (PreviewImporter) -> (artifact id: '7998bd4abd3a1dc13a41d2fda29611e9') in 0.010256418 seconds
Number of updated asset objects reloaded before import = 0Number of asset objects unloaded after import = 2

========================================================================
Received Prepare
Refreshing native plugins compatible for Editor in 1.26 ms, found 0 plugins.
Preloading 0 native plugins for Editor in 0.00 ms.
Unloading 0 Unused Serialized files (Serialized files now loaded: 0)
Unloading 2814 unused Assets / (457.3 KB). Loaded Objects now: 3348.
Memory consumption went from 77.2 MB to 76.7 MB.
Total: 12.187102 ms (FindLiveObjects: 0.485365 ms CreateObjectMapping: 0.311577 ms MarkObjects: 10.608909 ms  DeleteObjects: 0.780289 ms)

Prepare: number of updated asset objects reloaded= 0
Editor requested this worker to shutdown with reason: Scaling down because of idle timeout
AssetImportWorker is now disconnected from the server
Process exiting

SDL leaked 2 allocations
Internal: Possible leak. All render target surfaces should be removed from IdMap when destructed using RenderTargetMap::Remove(RenderSurfaceBase* rs).
