Unity Editor version:    6000.0.37f1 (090b7797214c)
Branch:                  6000.0/staging
Build type:              Release
Batch mode:              YES
System name:             Linux
Distro version:          #53-Ubuntu SMP PREEMPT_DYNAMIC Sat Jan 11 00:06:25 UTC 2025
Kernel version:          6.8.0-52-generic
Architecture:            x86_64
Available memory:        128490 MB
Using pre-set license
Pro License: YES
The selected window backend is (null) 
Desktop is 11520 x 2160 @ 60 Hz
Initialize udev device monitor.

COMMAND LINE ARGUMENTS:
Unity
-adb2
-batchMode
-noUpm
-name
AssetImportWorker7
-projectPath
/media/cytrix/usbdata1/project/Lets3DGame/ldraw_importer_unity
-logFile
Logs/AssetImportWorker7.log
-srvPort
44255
-job-worker-count
13
-background-job-worker-count
8
-gc-helper-count
1
Successfully changed project path to: /media/cytrix/usbdata1/project/Lets3DGame/ldraw_importer_unity

(Unity:694252): Gtk-CRITICAL **: 15:32:40.529: gtk_label_set_text: assertion 'GTK_IS_LABEL (label)' failed

(Unity:694252): Gtk-CRITICAL **: 15:32:40.532: gtk_label_set_text: assertion 'GTK_IS_LABEL (label)' failed
/media/cytrix/usbdata1/project/Lets3DGame/ldraw_importer_unity
[UnityMemory] Configuration Parameters - Can be set up in boot.config
    "memorysetup-bucket-allocator-granularity=16"
    "memorysetup-bucket-allocator-bucket-count=8"
    "memorysetup-bucket-allocator-block-size=33554432"
    "memorysetup-bucket-allocator-block-count=8"
    "memorysetup-main-allocator-block-size=16777216"
    "memorysetup-thread-allocator-block-size=16777216"
    "memorysetup-gfx-main-allocator-block-size=16777216"
    "memorysetup-gfx-thread-allocator-block-size=16777216"
    "memorysetup-cache-allocator-block-size=4194304"
    "memorysetup-typetree-allocator-block-size=2097152"
    "memorysetup-profiler-bucket-allocator-granularity=16"
    "memorysetup-profiler-bucket-allocator-bucket-count=8"
    "memorysetup-profiler-bucket-allocator-block-size=33554432"
    "memorysetup-profiler-bucket-allocator-block-count=8"
    "memorysetup-profiler-allocator-block-size=16777216"
    "memorysetup-profiler-editor-allocator-block-size=1048576"
    "memorysetup-temp-allocator-size-main=16777216"
    "memorysetup-job-temp-allocator-block-size=2097152"
    "memorysetup-job-temp-allocator-block-size-background=1048576"
    "memorysetup-job-temp-allocator-reduction-small-platforms=262144"
    "memorysetup-allocator-temp-initial-block-size-main=262144"
    "memorysetup-allocator-temp-initial-block-size-worker=262144"
    "memorysetup-temp-allocator-size-background-worker=32768"
    "memorysetup-temp-allocator-size-job-worker=262144"
    "memorysetup-temp-allocator-size-preload-manager=33554432"
    "memorysetup-temp-allocator-size-nav-mesh-worker=65536"
    "memorysetup-temp-allocator-size-audio-worker=65536"
    "memorysetup-temp-allocator-size-cloud-worker=32768"
    "memorysetup-temp-allocator-size-gi-baking-worker=262144"
    "memorysetup-temp-allocator-size-gi-baking-worker=262144"
    "memorysetup-temp-allocator-size-gi-baking-worker=262144"
    "memorysetup-temp-allocator-size-gi-baking-worker=262144"
    "memorysetup-temp-allocator-size-gi-baking-worker=262144"
    "memorysetup-temp-allocator-size-gfx=262144"
Player connection [134678516397376]  Target information:

Player connection [134678516397376]  * "[IP] 172.30.1.30 [Port] 0 [Flags] 2 [Guid] 416017581 [EditorId] 416017581 [Version] 1048832 [Id] LinuxEditor(16,172.30.1.30) [Debug] 1 [PackageName] LinuxEditor [ProjectName] Editor" 

Player connection [134678516397376]  * "[IP] 172.17.0.1 [Port] 0 [Flags] 2 [Guid] 416017581 [EditorId] 416017581 [Version] 1048832 [Id] LinuxEditor(16,172.30.1.30) [Debug] 1 [PackageName] LinuxEditor [ProjectName] Editor" 

Player connection [134678516397376] Host joined multi-casting on [225.0.0.222:54997]...
Player connection [134678516397376] Host joined alternative multi-casting on [225.0.0.222:34997]...
JobSystem: Creating JobQueue using job-worker-count value 13
Input System module state changed to: Initialized.
[Physics::Module] Initialized fallback backend.
[Physics::Module] Id: 0xdecafbad
Library Redirect Path: Library/
[Physics::Module] Selected backend.
[Physics::Module] Name: PhysX
[Physics::Module] Id: 0xf2b8ea05
[Physics::Module] SDK Version: 4.1.2
[Physics::Module] Integration Version: 1.0.0
[Physics::Module] Threading Mode: Multi-Threaded
Refreshing native plugins compatible for Editor in 1.32 ms, found 0 plugins.
Preloading 0 native plugins for Editor in 0.00 ms.
Initialize engine version: 6000.0.37f1 (090b7797214c)
[Subsystems] Discovering subsystems at path /home/cytrix/Unity/Hub/Editor/6000.0.37f1/Editor/Data/Resources/UnitySubsystems
[Subsystems] Discovering subsystems at path /media/cytrix/usbdata1/project/Lets3DGame/ldraw_importer_unity/Assets
kGfxThreadingModeNonThreaded is not supported on OpenGL Core. Reverting to kGfxThreadingModeDirect instead.
GfxDevice: creating device client; kGfxThreadingModeDirect
GLX Extensions: GLX_ARB_get_proc_address GLX_ARB_multisample GLX_EXT_visual_info GLX_EXT_visual_rating GLX_EXT_import_context GLX_SGI_video_sync GLX_SGIX_fbconfig GLX_SGIX_pbuffer GLX_SGI_swap_control GLX_EXT_swap_control GLX_EXT_swap_control_tear GLX_EXT_buffer_age GLX_ARB_create_context GLX_ARB_create_context_profile GLX_NV_float_buffer GLX_ARB_fbconfig_float GLX_EXT_texture_from_pixmap GLX_EXT_framebuffer_sRGB GLX_NV_copy_image GLX_EXT_create_context_es_profile GLX_EXT_create_context_es2_profile GLX_ARB_create_context_no_error GLX_ARB_create_context_robustness GLX_NV_delay_before_swap GLX_EXT_stereo_tree GLX_ARB_context_flush_control GLX_NV_robustness_video_memory_purge GLX_NV_multigpu_context 
Renderer: NVIDIA GeForce RTX 3090/PCIe/SSE2
Vendor:   NVIDIA Corporation
Version:  4.5.0 NVIDIA 550.120
GLES:     0
 GL_AMD_multi_draw_indirect GL_AMD_seamless_cubemap_per_texture GL_AMD_vertex_shader_viewport_index GL_AMD_vertex_shader_layer GL_ARB_arrays_of_arrays GL_ARB_base_instance GL_ARB_bindless_texture GL_ARB_blend_func_extended GL_ARB_buffer_storage GL_ARB_clear_buffer_object GL_ARB_clear_texture GL_ARB_clip_control GL_ARB_color_buffer_float GL_ARB_compressed_texture_pixel_storage GL_ARB_conservative_depth GL_ARB_compute_shader GL_ARB_compute_variable_group_size GL_ARB_conditional_render_inverted GL_ARB_copy_buffer GL_ARB_copy_image GL_ARB_cull_distance GL_ARB_debug_output GL_ARB_depth_buffer_float GL_ARB_depth_clamp GL_ARB_depth_texture GL_ARB_derivative_control GL_ARB_direct_state_access GL_ARB_draw_buffers GL_ARB_draw_buffers_blend GL_ARB_draw_indirect GL_ARB_draw_elements_base_vertex GL_ARB_draw_instanced GL_ARB_enhanced_layouts GL_ARB_ES2_compatibility GL_ARB_ES3_compatibility GL_ARB_ES3_1_compatibility GL_ARB_ES3_2_compatibility GL_ARB_explicit_attrib_location GL_ARB_explicit_uniform_location GL_ARB_fragmen
t_coord_conventions GL_ARB_fragment_layer_viewport GL_ARB_fragment_program GL_ARB_fragment_program_shadow GL_ARB_fragment_shader GL_ARB_fragment_shader_interlock GL_ARB_framebuffer_no_attachments GL_ARB_framebuffer_object GL_ARB_framebuffer_sRGB GL_ARB_geometry_shader4 GL_ARB_get_program_binary GL_ARB_get_texture_sub_image GL_ARB_gl_spirv GL_ARB_gpu_shader5 GL_ARB_gpu_shader_fp64 GL_ARB_gpu_shader_int64 GL_ARB_half_float_pixel GL_ARB_half_float_vertex GL_ARB_imaging GL_ARB_indirect_parameters GL_ARB_instanced_arrays GL_ARB_internalformat_query GL_ARB_internalformat_query2 GL_ARB_invalidate_subdata GL_ARB_map_buffer_alignment GL_ARB_map_buffer_range GL_ARB_multi_bind GL_ARB_multi_draw_indirect GL_ARB_multisample GL_ARB_multitexture GL_ARB_occlusion_query GL_ARB_occlusion_query2 GL_ARB_parallel_shader_compile GL_ARB_pipeline_statistics_query GL_ARB_pixel_buffer_object GL_ARB_point_parameters GL_ARB_point_sprite GL_ARB_polygon_offset_clamp GL_ARB_post_depth_coverage GL_ARB_program_interface_query GL_ARB_provoki
ng_vertex GL_ARB_query_buffer_object GL_ARB_robust_buffer_access_behavior GL_ARB_robustness GL_ARB_sample_locations GL_ARB_sample_shading GL_ARB_sampler_objects GL_ARB_seamless_cube_map GL_ARB_seamless_cubemap_per_texture GL_ARB_separate_shader_objects GL_ARB_shader_atomic_counter_ops GL_ARB_shader_atomic_counters GL_ARB_shader_ballot GL_ARB_shader_bit_encoding GL_ARB_shader_clock GL_ARB_shader_draw_parameters GL_ARB_shader_group_vote GL_ARB_shader_image_load_store GL_ARB_shader_image_size GL_ARB_shader_objects GL_ARB_shader_precision GL_ARB_shader_storage_buffer_object GL_ARB_shader_subroutine GL_ARB_shader_texture_image_samples GL_ARB_shader_texture_lod GL_ARB_shading_language_100 GL_ARB_shader_viewport_layer_array GL_ARB_shading_language_420pack GL_ARB_shading_language_include GL_ARB_shading_language_packing GL_ARB_shadow GL_ARB_sparse_buffer GL_ARB_sparse_texture GL_ARB_sparse_texture2 GL_ARB_sparse_texture_clamp GL_ARB_spirv_extensions GL_ARB_stencil_texturing GL_ARB_sync GL_ARB_tessellation_shader GL_A
RB_texture_barrier GL_ARB_texture_border_clamp GL_ARB_texture_buffer_object GL_ARB_texture_buffer_object_rgb32 GL_ARB_texture_buffer_range GL_ARB_texture_compression GL_ARB_texture_compression_bptc GL_ARB_texture_compression_rgtc GL_ARB_texture_cube_map GL_ARB_texture_cube_map_array GL_ARB_texture_env_add GL_ARB_texture_env_combine GL_ARB_texture_env_crossbar GL_ARB_texture_env_dot3 GL_ARB_texture_filter_anisotropic GL_ARB_texture_filter_minmax GL_ARB_texture_float GL_ARB_texture_gather GL_ARB_texture_mirror_clamp_to_edge GL_ARB_texture_mirrored_repeat GL_ARB_texture_multisample GL_ARB_texture_non_power_of_two GL_ARB_texture_query_levels GL_ARB_texture_query_lod GL_ARB_texture_rectangle GL_ARB_texture_rg GL_ARB_texture_rgb10_a2ui GL_ARB_texture_stencil8 GL_ARB_texture_storage GL_ARB_texture_storage_multisample GL_ARB_texture_swizzle GL_ARB_texture_view GL_ARB_timer_query GL_ARB_transform_feedback2 GL_ARB_transform_feedback3 GL_ARB_transform_feedback_instanced GL_ARB_transform_feedback_overflow_query GL_ARB_t
ranspose_matrix GL_ARB_uniform_buffer_object GL_ARB_vertex_array_bgra GL_ARB_vertex_array_object GL_ARB_vertex_attrib_64bit GL_ARB_vertex_attrib_binding GL_ARB_vertex_buffer_object GL_ARB_vertex_program GL_ARB_vertex_shader GL_ARB_vertex_type_10f_11f_11f_rev GL_ARB_vertex_type_2_10_10_10_rev GL_ARB_viewport_array GL_ARB_window_pos GL_ATI_draw_buffers GL_ATI_texture_float GL_ATI_texture_mirror_once GL_S3_s3tc GL_EXT_texture_env_add GL_EXT_abgr GL_EXT_bgra GL_EXT_bindable_uniform GL_EXT_blend_color GL_EXT_blend_equation_separate GL_EXT_blend_func_separate GL_EXT_blend_minmax GL_EXT_blend_subtract GL_EXT_compiled_vertex_array GL_EXT_Cg_shader GL_EXT_depth_bounds_test GL_EXT_direct_state_access GL_EXT_draw_buffers2 GL_EXT_draw_instanced GL_EXT_draw_range_elements GL_EXT_fog_coord GL_EXT_framebuffer_blit GL_EXT_framebuffer_multisample GL_EXTX_framebuffer_mixed_formats GL_EXT_framebuffer_multisample_blit_scaled GL_EXT_framebuffer_object GL_EXT_framebuffer_sRGB GL_EXT_geometry_shader4 GL_EXT_gpu_program_parameters 
GL_EXT_gpu_shader4 GL_EXT_multi_draw_arrays GL_EXT_multiview_texture_multisample GL_EXT_multiview_timer_query GL_EXT_packed_depth_stencil GL_EXT_packed_float GL_EXT_packed_pixels GL_EXT_pixel_buffer_object GL_EXT_point_parameters GL_EXT_polygon_offset_clamp GL_EXT_post_depth_coverage GL_EXT_provoking_vertex GL_EXT_raster_multisample GL_EXT_rescale_normal GL_EXT_secondary_color GL_EXT_separate_shader_objects GL_EXT_separate_specular_color GL_EXT_shader_image_load_formatted GL_EXT_shader_image_load_store GL_EXT_shader_integer_mix GL_EXT_shadow_funcs GL_EXT_sparse_texture2 GL_EXT_stencil_two_side GL_EXT_stencil_wrap GL_EXT_texture3D GL_EXT_texture_array GL_EXT_texture_buffer_object GL_EXT_texture_compression_dxt1 GL_EXT_texture_compression_latc GL_EXT_texture_compression_rgtc GL_EXT_texture_compression_s3tc GL_EXT_texture_cube_map GL_EXT_texture_edge_clamp GL_EXT_texture_env_combine GL_EXT_texture_env_dot3 GL_EXT_texture_filter_anisotropic GL_EXT_texture_filter_minmax GL_EXT_texture_integer GL_EXT_texture_lod G
L_EXT_texture_lod_bias GL_EXT_texture_mirror_clamp GL_EXT_texture_object GL_EXT_texture_shadow_lod GL_EXT_texture_shared_exponent GL_EXT_texture_sRGB GL_EXT_texture_sRGB_R8 GL_EXT_texture_sRGB_decode GL_EXT_texture_storage GL_EXT_texture_swizzle GL_EXT_timer_query GL_EXT_transform_feedback2 GL_EXT_vertex_array GL_EXT_vertex_array_bgra GL_EXT_vertex_attrib_64bit GL_EXT_window_rectangles GL_EXT_x11_sync_object GL_EXT_import_sync_object GL_NV_robustness_video_memory_purge GL_IBM_rasterpos_clip GL_IBM_texture_mirrored_repeat GL_KHR_context_flush_control GL_KHR_debug GL_EXT_memory_object GL_EXT_memory_object_fd GL_NV_memory_object_sparse GL_KHR_parallel_shader_compile GL_KHR_no_error GL_KHR_robust_buffer_access_behavior GL_KHR_robustness GL_EXT_semaphore GL_EXT_semaphore_fd GL_NV_timeline_semaphore GL_KHR_shader_subgroup GL_KTX_buffer_region GL_NV_alpha_to_coverage_dither_control GL_NV_bindless_multi_draw_indirect GL_NV_bindless_multi_draw_indirect_count GL_NV_bindless_texture GL_NV_blend_equation_advanced GL_NV_
blend_equation_advanced_coherent GL_NVX_blend_equation_advanced_multi_draw_buffers GL_NV_blend_minmax_factor GL_NV_blend_square GL_NV_clip_space_w_scaling GL_NV_command_list GL_NV_compute_program5 GL_NV_compute_shader_derivatives GL_NV_conditional_render GL_NV_conservative_raster GL_NV_conservative_raster_dilate GL_NV_conservative_raster_pre_snap GL_NV_conservative_raster_pre_snap_triangles GL_NV_conservative_raster_underestimation GL_NV_copy_depth_to_color GL_NV_copy_image GL_NV_depth_buffer_float GL_NV_depth_clamp GL_NV_draw_texture GL_NV_draw_vulkan_image GL_NV_ES1_1_compatibility GL_NV_ES3_1_compatibility GL_NV_explicit_multisample GL_NV_feature_query GL_NV_fence GL_NV_fill_rectangle GL_NV_float_buffer GL_NV_fog_distance GL_NV_fragment_coverage_to_color GL_NV_fragment_program GL_NV_fragment_program_option GL_NV_fragment_program2 GL_NV_fragment_shader_barycentric GL_NV_fragment_shader_interlock GL_NV_framebuffer_mixed_samples GL_NV_framebuffer_multisample_coverage GL_NV_geometry_shader4 GL_NV_geometry_sha
der_passthrough GL_NV_gpu_program4 GL_NV_internalformat_sample_query GL_NV_gpu_program4_1 GL_NV_gpu_program5 GL_NV_gpu_program5_mem_extended GL_NV_gpu_program_fp64 GL_NV_gpu_shader5 GL_NV_half_float GL_NV_light_max_exponent GL_NV_memory_attachment GL_NV_mesh_shader GL_NV_multisample_coverage GL_NV_multisample_filter_hint GL_NV_occlusion_query GL_NV_packed_depth_stencil GL_NV_parameter_buffer_object GL_NV_parameter_buffer_object2 GL_NV_path_rendering GL_NV_path_rendering_shared_edge GL_NV_pixel_data_range GL_NV_point_sprite GL_NV_primitive_restart GL_NV_primitive_shading_rate GL_NV_query_resource GL_NV_query_resource_tag GL_NV_register_combiners GL_NV_register_combiners2 GL_NV_representative_fragment_test GL_NV_sample_locations GL_NV_sample_mask_override_coverage GL_NV_scissor_exclusive GL_NV_shader_atomic_counters GL_NV_shader_atomic_float GL_NV_shader_atomic_float64 GL_NV_shader_atomic_fp16_vector GL_NV_shader_atomic_int64 GL_NV_shader_buffer_load GL_NV_shader_storage_buffer_object GL_NV_shader_subgroup_par
titioned GL_NV_shader_texture_footprint GL_NV_shading_rate_image GL_NV_stereo_view_rendering GL_NV_texgen_reflection GL_NV_texture_barrier GL_NV_texture_compression_vtc GL_NV_texture_dirty_tile_map GL_NV_texture_env_combine4 GL_NV_texture_multisample GL_NV_texture_rectangle GL_NV_texture_rectangle_compressed GL_NV_texture_shader GL_NV_texture_shader2 GL_NV_texture_shader3 GL_NV_transform_feedback GL_NV_transform_feedback2 GL_NV_uniform_buffer_unified_memory GL_NV_uniform_buffer_std430_layout GL_NV_vdpau_interop GL_NV_vdpau_interop2 GL_NV_vertex_array_range GL_NV_vertex_array_range2 GL_NV_vertex_attrib_integer_64bit GL_NV_vertex_buffer_unified_memory GL_NV_vertex_program GL_NV_vertex_program1_1 GL_NV_vertex_program2 GL_NV_vertex_program2_option GL_NV_vertex_program3 GL_NV_viewport_array2 GL_NV_viewport_swizzle GL_NVX_conditional_render GL_NV_gpu_multicast GL_NVX_progress_fence GL_NVX_gpu_memory_info GL_NVX_nvenc_interop GL_NV_shader_thread_group GL_NV_shader_thread_shuffle GL_KHR_blend_equation_advanced GL_KH
R_blend_equation_advanced_coherent GL_OVR_multiview GL_OVR_multiview2 GL_SGIS_generate_mipmap GL_SGIS_texture_lod GL_SGIX_depth_texture GL_SGIX_shadow GL_SUN_slice_accum
OPENGL LOG: Creating OpenGL 4.5 graphics device ; Context level  <OpenGL 4.5> ; Context handle 1162195912
Initialize mono
Mono path[0] = '/home/cytrix/Unity/Hub/Editor/6000.0.37f1/Editor/Data/Managed'
Mono path[1] = '/home/cytrix/Unity/Hub/Editor/6000.0.37f1/Editor/Data/MonoBleedingEdge/lib/mono/unityjit-linux'
Mono config path = '/home/cytrix/Unity/Hub/Editor/6000.0.37f1/Editor/Data/MonoBleedingEdge/etc'
Using monoOptions --debugger-agent=transport=dt_socket,embedding=1,server=y,suspend=n,address=127.0.0.1:56252
Begin MonoManager ReloadAssembly
Registering precompiled unity dll's ...
Register platform support module: /home/cytrix/Unity/Hub/Editor/6000.0.37f1/Editor/Data/PlaybackEngines/WebGLSupport/UnityEditor.WebGL.Extensions.dll
Register platform support module: /home/cytrix/Unity/Hub/Editor/6000.0.37f1/Editor/Data/PlaybackEngines/AndroidPlayer/UnityEditor.Android.Extensions.dll
Register platform support module: /home/cytrix/Unity/Hub/Editor/6000.0.37f1/Editor/Data/PlaybackEngines/iOSSupport/UnityEditor.iOS.Extensions.dll
Register platform support module: /home/cytrix/Unity/Hub/Editor/6000.0.37f1/Editor/Data/PlaybackEngines/LinuxStandaloneSupport/UnityEditor.LinuxStandalone.Extensions.dll
Registered in 0.002208 seconds.
- Loaded All Assemblies, in  0.442 seconds
Native extension for LinuxStandalone target not found
[usbmuxd] Start listen thread
[usbmuxd] Listen thread started
Native extension for iOS target not found
Native extension for Android target not found
Android Extension - Scanning For ADB Devices 337 ms
Native extension for WebGL target not found
Mono: successfully reloaded assembly
- Finished resetting the current domain, in  0.845 seconds
Domain Reload Profiling: 1287ms
	BeginReloadAssembly (130ms)
		ExecutionOrderSort (0ms)
		DisableScriptedObjects (0ms)
		BackupInstance (0ms)
		ReleaseScriptingObjects (0ms)
		CreateAndSetChildDomain (2ms)
	RebuildCommonClasses (61ms)
	RebuildNativeTypeToScriptingClass (10ms)
	initialDomainReloadingComplete (52ms)
	LoadAllAssembliesAndSetupDomain (189ms)
		LoadAssemblies (96ms)
		RebuildTransferFunctionScriptingTraits (0ms)
		AnalyzeDomain (185ms)
			TypeCache.Refresh (184ms)
				TypeCache.ScanAssembly (168ms)
			BuildScriptInfoCaches (0ms)
			ResolveRequiredComponents (0ms)
	FinalizeReload (845ms)
		ReleaseScriptCaches (0ms)
		RebuildScriptCaches (0ms)
		SetupLoadedEditorAssemblies (804ms)
			LogAssemblyErrors (0ms)
			InitializePlatformSupportModulesInManaged (503ms)
			SetLoadedEditorAssemblies (9ms)
			BeforeProcessingInitializeOnLoad (72ms)
			ProcessInitializeOnLoadAttributes (127ms)
			ProcessInitializeOnLoadMethodAttributes (93ms)
			AfterProcessingInitializeOnLoad (0ms)
			EditorAssembliesLoaded (0ms)
		ExecutionOrderSort2 (0ms)
		AwakeInstancesAfterBackupRestoration (0ms)
========================================================================
Worker process is ready to serve import requests
Import Worker Mode flag is 0x00
Begin MonoManager ReloadAssembly
Symbol file LoadedFromMemory is not a mono symbol file
- Loaded All Assemblies, in  0.565 seconds
Refreshing native plugins compatible for Editor in 1.15 ms, found 0 plugins.
Native extension for LinuxStandalone target not found
Native extension for iOS target not found
Native extension for Android target not found
Native extension for WebGL target not found
Refreshing native plugins compatible for Editor in 1.33 ms, found 0 plugins.
Package Manager log level set to [2]
[Package Manager] Failed to launch server process. Reason: Unity was launched with the -noUpm command-line argument
[Package Manager] Unable to send message (not connected to server process).
[Package Manager] Cannot connect to Unity Package Manager local server
Mono: successfully reloaded assembly
- Finished resetting the current domain, in  0.726 seconds
Domain Reload Profiling: 1290ms
	BeginReloadAssembly (144ms)
		ExecutionOrderSort (0ms)
		DisableScriptedObjects (6ms)
		BackupInstance (0ms)
		ReleaseScriptingObjects (0ms)
		CreateAndSetChildDomain (53ms)
	RebuildCommonClasses (38ms)
	RebuildNativeTypeToScriptingClass (8ms)
	initialDomainReloadingComplete (38ms)
	LoadAllAssembliesAndSetupDomain (334ms)
		LoadAssemblies (245ms)
		RebuildTransferFunctionScriptingTraits (0ms)
		AnalyzeDomain (146ms)
			TypeCache.Refresh (113ms)
				TypeCache.ScanAssembly (93ms)
			BuildScriptInfoCaches (28ms)
			ResolveRequiredComponents (2ms)
	FinalizeReload (726ms)
		ReleaseScriptCaches (0ms)
		RebuildScriptCaches (0ms)
		SetupLoadedEditorAssemblies (609ms)
			LogAssemblyErrors (0ms)
			InitializePlatformSupportModulesInManaged (54ms)
			SetLoadedEditorAssemblies (8ms)
			BeforeProcessingInitializeOnLoad (94ms)
			ProcessInitializeOnLoadAttributes (286ms)
			ProcessInitializeOnLoadMethodAttributes (163ms)
			AfterProcessingInitializeOnLoad (3ms)
			EditorAssembliesLoaded (0ms)
		ExecutionOrderSort2 (0ms)
		AwakeInstancesAfterBackupRestoration (3ms)
AutoLocale: current locale expects 'C' but got 'ko_KR.UTF-8'Launched and connected shader compiler UnityShaderCompiler after 0.01 seconds
Refreshing native plugins compatible for Editor in 1.28 ms, found 0 plugins.
Preloading 0 native plugins for Editor in 0.00 ms.
Unloading 8 Unused Serialized files (Serialized files now loaded: 0)
Unloading 2847 unused Assets / (0.6 MB). Loaded Objects now: 3334.
Memory consumption went from 79.6 MB to 78.9 MB.
Total: 15.657597 ms (FindLiveObjects: 0.490483 ms CreateObjectMapping: 0.395540 ms MarkObjects: 13.037417 ms  DeleteObjects: 1.732738 ms)

========================================================================
Received Import Request.
  Time since last request: 94631.397407 seconds.
  path: Assets/LDraw-Importer/GeneratedMeshes/2-4ring9.asset
  artifactKey: Guid(426a3e3e7a63726479cf914641091e00) Importer(815301076,1909f56bfc062723c751e8b465ee728b)
Start importing Assets/LDraw-Importer/GeneratedMeshes/2-4ring9.asset using Guid(426a3e3e7a63726479cf914641091e00) Importer(815301076,1909f56bfc062723c751e8b465ee728b) (PreviewImporter) -> (artifact id: '400313355409c32acd2d1a398aa8280d') in 0.106192213 seconds
Number of updated asset objects reloaded before import = 0Number of asset objects unloaded after import = 2

========================================================================
Received Import Request.
  Time since last request: 0.578315 seconds.
  path: Assets/LDraw-Importer/GeneratedMeshes/3-16rin1.asset
  artifactKey: Guid(fd982712580712849ba0e11d6e2a33ec) Importer(815301076,1909f56bfc062723c751e8b465ee728b)
Start importing Assets/LDraw-Importer/GeneratedMeshes/3-16rin1.asset using Guid(fd982712580712849ba0e11d6e2a33ec) Importer(815301076,1909f56bfc062723c751e8b465ee728b) (PreviewImporter) -> (artifact id: '08f5a2d08daeb7e8bfa80cfb9ee925d2') in 0.009923149 seconds
Number of updated asset objects reloaded before import = 0Number of asset objects unloaded after import = 2

========================================================================
Received Import Request.
  Time since last request: 0.028180 seconds.
  path: Assets/LDraw-Importer/GeneratedMeshes/4-4con7.asset
  artifactKey: Guid(63b0be364a4dc724f8f15bdf1d99414f) Importer(815301076,1909f56bfc062723c751e8b465ee728b)
Start importing Assets/LDraw-Importer/GeneratedMeshes/4-4con7.asset using Guid(63b0be364a4dc724f8f15bdf1d99414f) Importer(815301076,1909f56bfc062723c751e8b465ee728b) (PreviewImporter) -> (artifact id: '27b0eccb5f8ab79455c8ffb63c43f22b') in 0.010759913 seconds
Number of updated asset objects reloaded before import = 0Number of asset objects unloaded after import = 2

========================================================================
Received Import Request.
  Time since last request: 0.075508 seconds.
  path: Assets/LDraw-Importer/GeneratedMeshes/4-4con28.asset
  artifactKey: Guid(727a10d35303e644c9587f021a598390) Importer(815301076,1909f56bfc062723c751e8b465ee728b)
Start importing Assets/LDraw-Importer/GeneratedMeshes/4-4con28.asset using Guid(727a10d35303e644c9587f021a598390) Importer(815301076,1909f56bfc062723c751e8b465ee728b) (PreviewImporter) -> (artifact id: '48fe2ac317b665e7766ab31d37d5d069') in 0.010586048 seconds
Number of updated asset objects reloaded before import = 0Number of asset objects unloaded after import = 2

========================================================================
Received Import Request.
  Time since last request: 0.000059 seconds.
  path: Assets/LDraw-Importer/GeneratedMeshes/4-4con41.asset
  artifactKey: Guid(c4cc0ec1fe9662540ba21ccb97d50fd9) Importer(815301076,1909f56bfc062723c751e8b465ee728b)
Start importing Assets/LDraw-Importer/GeneratedMeshes/4-4con41.asset using Guid(c4cc0ec1fe9662540ba21ccb97d50fd9) Importer(815301076,1909f56bfc062723c751e8b465ee728b) (PreviewImporter) -> (artifact id: 'bdfe26ed185d66619a430a9d2a1b1dca') in 0.009207679 seconds
Number of updated asset objects reloaded before import = 0Number of asset objects unloaded after import = 2

========================================================================
Received Import Request.
  Time since last request: 0.030043 seconds.
  path: Assets/LDraw-Importer/GeneratedMeshes/4-4rin14.asset
  artifactKey: Guid(2d06eb50dddce7748af993bd0de450fc) Importer(815301076,1909f56bfc062723c751e8b465ee728b)
Start importing Assets/LDraw-Importer/GeneratedMeshes/4-4rin14.asset using Guid(2d06eb50dddce7748af993bd0de450fc) Importer(815301076,1909f56bfc062723c751e8b465ee728b) (PreviewImporter) -> (artifact id: 'e6a79805cb2679a567c77637ab955b04') in 0.014371406 seconds
Number of updated asset objects reloaded before import = 0Number of asset objects unloaded after import = 2

========================================================================
Received Import Request.
  Time since last request: 0.385316 seconds.
  path: Assets/LDraw-Importer/GeneratedMeshes/4-4rin40.asset
  artifactKey: Guid(03bf70e0559550f409d49b0282453210) Importer(815301076,1909f56bfc062723c751e8b465ee728b)
Start importing Assets/LDraw-Importer/GeneratedMeshes/4-4rin40.asset using Guid(03bf70e0559550f409d49b0282453210) Importer(815301076,1909f56bfc062723c751e8b465ee728b) (PreviewImporter) -> (artifact id: '469a6e25bf427fac3dfb57a7cafcc10d') in 0.009465984 seconds
Number of updated asset objects reloaded before import = 0Number of asset objects unloaded after import = 2

========================================================================
Received Import Request.
  Time since last request: 0.000068 seconds.
  path: Assets/LDraw-Importer/GeneratedMeshes/4-4rin49.asset
  artifactKey: Guid(4a6b35bdaea22804d80dc55d052d340d) Importer(815301076,1909f56bfc062723c751e8b465ee728b)
Start importing Assets/LDraw-Importer/GeneratedMeshes/4-4rin49.asset using Guid(4a6b35bdaea22804d80dc55d052d340d) Importer(815301076,1909f56bfc062723c751e8b465ee728b) (PreviewImporter) -> (artifact id: '1159fea1de90b6f30fd1ea1f83bd7f87') in 0.009333797 seconds
Number of updated asset objects reloaded before import = 0Number of asset objects unloaded after import = 2

========================================================================
Received Import Request.
  Time since last request: 0.080167 seconds.
  path: Assets/LDraw-Importer/GeneratedMeshes/5-8disc.asset
  artifactKey: Guid(c349ca33049350142854c8105cec439c) Importer(815301076,1909f56bfc062723c751e8b465ee728b)
Start importing Assets/LDraw-Importer/GeneratedMeshes/5-8disc.asset using Guid(c349ca33049350142854c8105cec439c) Importer(815301076,1909f56bfc062723c751e8b465ee728b) (PreviewImporter) -> (artifact id: '56b0731e23701c095e9a27056accd2ba') in 0.012029917 seconds
Number of updated asset objects reloaded before import = 0Number of asset objects unloaded after import = 2

========================================================================
Received Import Request.
  Time since last request: 0.070616 seconds.
  path: Assets/LDraw-Importer/GeneratedMeshes/7-16disc.asset
  artifactKey: Guid(b9e968a9e6bb90e4f85c7c42082fcf8c) Importer(815301076,1909f56bfc062723c751e8b465ee728b)
Start importing Assets/LDraw-Importer/GeneratedMeshes/7-16disc.asset using Guid(b9e968a9e6bb90e4f85c7c42082fcf8c) Importer(815301076,1909f56bfc062723c751e8b465ee728b) (PreviewImporter) -> (artifact id: 'a97576f94b7f142445056e8caa0fd9e5') in 0.010087788 seconds
Number of updated asset objects reloaded before import = 0Number of asset objects unloaded after import = 2

========================================================================
Received Import Request.
  Time since last request: 3.299159 seconds.
  path: Assets/LDraw-Importer/GeneratedMeshes/634.asset
  artifactKey: Guid(75c44ea516374de44b535be090fb92eb) Importer(815301076,1909f56bfc062723c751e8b465ee728b)
Start importing Assets/LDraw-Importer/GeneratedMeshes/634.asset using Guid(75c44ea516374de44b535be090fb92eb) Importer(815301076,1909f56bfc062723c751e8b465ee728b) (PreviewImporter) -> (artifact id: '6e881ed432cb870abe08c6d6a0726b19') in 0.010491876 seconds
Number of updated asset objects reloaded before import = 0Number of asset objects unloaded after import = 2

========================================================================
Received Import Request.
  Time since last request: 0.000122 seconds.
  path: Assets/LDraw-Importer/GeneratedMeshes/973p01.asset
  artifactKey: Guid(5fe3a2def5260054b80c8ecb1b85bfed) Importer(815301076,1909f56bfc062723c751e8b465ee728b)
Start importing Assets/LDraw-Importer/GeneratedMeshes/973p01.asset using Guid(5fe3a2def5260054b80c8ecb1b85bfed) Importer(815301076,1909f56bfc062723c751e8b465ee728b) (PreviewImporter) -> (artifact id: '64785bbe5c46d551d28ab0e13511eaa8') in 0.009847201 seconds
Number of updated asset objects reloaded before import = 0Number of asset objects unloaded after import = 2

========================================================================
Received Import Request.
  Time since last request: 0.053091 seconds.
  path: Assets/LDraw-Importer/GeneratedMeshes/973p22.asset
  artifactKey: Guid(030398fde8b635348a917744d9596746) Importer(815301076,1909f56bfc062723c751e8b465ee728b)
Start importing Assets/LDraw-Importer/GeneratedMeshes/973p22.asset using Guid(030398fde8b635348a917744d9596746) Importer(815301076,1909f56bfc062723c751e8b465ee728b) (PreviewImporter) -> (artifact id: 'ad88e8c89e9f62095dc5f05a7f71147e') in 0.01378464 seconds
Number of updated asset objects reloaded before import = 0Number of asset objects unloaded after import = 2

========================================================================
Received Import Request.
  Time since last request: 0.000068 seconds.
  path: Assets/LDraw-Importer/GeneratedMeshes/973p71b.asset
  artifactKey: Guid(8485f73c99725af439876b76d700337a) Importer(815301076,1909f56bfc062723c751e8b465ee728b)
Start importing Assets/LDraw-Importer/GeneratedMeshes/973p71b.asset using Guid(8485f73c99725af439876b76d700337a) Importer(815301076,1909f56bfc062723c751e8b465ee728b) (PreviewImporter) -> (artifact id: 'a4d1093fa135bd1763a7dbf632751eba') in 0.012600553 seconds
Number of updated asset objects reloaded before import = 0Number of asset objects unloaded after import = 2

========================================================================
Received Import Request.
  Time since last request: 0.000185 seconds.
  path: Assets/LDraw-Importer/GeneratedMeshes/973pry.asset
  artifactKey: Guid(0a02dced74b2c954ca9c8f4d7e0cb718) Importer(815301076,1909f56bfc062723c751e8b465ee728b)
Start importing Assets/LDraw-Importer/GeneratedMeshes/973pry.asset using Guid(0a02dced74b2c954ca9c8f4d7e0cb718) Importer(815301076,1909f56bfc062723c751e8b465ee728b) (PreviewImporter) -> (artifact id: 'ba35a63ef6072a271c921a5065d6fcb1') in 0.010604121 seconds
Number of updated asset objects reloaded before import = 0Number of asset objects unloaded after import = 2

========================================================================
Received Import Request.
  Time since last request: 0.285041 seconds.
  path: Assets/LDraw-Importer/GeneratedMeshes/2039.asset
  artifactKey: Guid(a1f1a15077939f941b95ef32438f8eca) Importer(815301076,1909f56bfc062723c751e8b465ee728b)
Start importing Assets/LDraw-Importer/GeneratedMeshes/2039.asset using Guid(a1f1a15077939f941b95ef32438f8eca) Importer(815301076,1909f56bfc062723c751e8b465ee728b) (PreviewImporter) -> (artifact id: '78af855c81b3a74cd22fe64d97a4beb2') in 0.010713328 seconds
Number of updated asset objects reloaded before import = 0Number of asset objects unloaded after import = 2

========================================================================
Received Import Request.
  Time since last request: 0.000133 seconds.
  path: Assets/LDraw-Importer/GeneratedMeshes/2420.asset
  artifactKey: Guid(15918d1626ac7f140b9c55753176ff09) Importer(815301076,1909f56bfc062723c751e8b465ee728b)
Start importing Assets/LDraw-Importer/GeneratedMeshes/2420.asset using Guid(15918d1626ac7f140b9c55753176ff09) Importer(815301076,1909f56bfc062723c751e8b465ee728b) (PreviewImporter) -> (artifact id: 'e08478acad345b11c805d61c6e5fe048') in 0.007949788 seconds
Number of updated asset objects reloaded before import = 0Number of asset objects unloaded after import = 2

========================================================================
Received Import Request.
  Time since last request: 0.000106 seconds.
  path: Assets/LDraw-Importer/GeneratedMeshes/2436b.asset
  artifactKey: Guid(4ad63e3ed51a83f47a56049fb6717d56) Importer(815301076,1909f56bfc062723c751e8b465ee728b)
Start importing Assets/LDraw-Importer/GeneratedMeshes/2436b.asset using Guid(4ad63e3ed51a83f47a56049fb6717d56) Importer(815301076,1909f56bfc062723c751e8b465ee728b) (PreviewImporter) -> (artifact id: 'bb3fa727e7cadd9f6a24a9a1c13d81c1') in 0.00972527 seconds
Number of updated asset objects reloaded before import = 0Number of asset objects unloaded after import = 2

========================================================================
Received Import Request.
  Time since last request: 0.000216 seconds.
  path: Assets/LDraw-Importer/GeneratedMeshes/2446s01.asset
  artifactKey: Guid(b9bf96d9a0a226b42be9aef073a75e1b) Importer(815301076,1909f56bfc062723c751e8b465ee728b)
Start importing Assets/LDraw-Importer/GeneratedMeshes/2446s01.asset using Guid(b9bf96d9a0a226b42be9aef073a75e1b) Importer(815301076,1909f56bfc062723c751e8b465ee728b) (PreviewImporter) -> (artifact id: 'eecd8de7a3bb6fe0b4120fbbc4f3ebbe') in 0.006099967 seconds
Number of updated asset objects reloaded before import = 0Number of asset objects unloaded after import = 2

========================================================================
Received Import Request.
  Time since last request: 0.000108 seconds.
  path: Assets/LDraw-Importer/GeneratedMeshes/2446p51.asset
  artifactKey: Guid(11b21c5166c37994490fe6b111a671cb) Importer(815301076,1909f56bfc062723c751e8b465ee728b)
Start importing Assets/LDraw-Importer/GeneratedMeshes/2446p51.asset using Guid(11b21c5166c37994490fe6b111a671cb) Importer(815301076,1909f56bfc062723c751e8b465ee728b) (PreviewImporter) -> (artifact id: '4c070d546b5cbcd1f1834499d0fa2443') in 0.010956742 seconds
Number of updated asset objects reloaded before import = 0Number of asset objects unloaded after import = 2

========================================================================
Received Import Request.
  Time since last request: 2.963534 seconds.
  path: Assets/LDraw-Importer/GeneratedMeshes/2465.asset
  artifactKey: Guid(889ba668d6c093443ab9e01b33b5768c) Importer(815301076,1909f56bfc062723c751e8b465ee728b)
Start importing Assets/LDraw-Importer/GeneratedMeshes/2465.asset using Guid(889ba668d6c093443ab9e01b33b5768c) Importer(815301076,1909f56bfc062723c751e8b465ee728b) (PreviewImporter) -> (artifact id: '537b8bf9be35175c3dc0753a4672f22f') in 0.012078404 seconds
Number of updated asset objects reloaded before import = 0Number of asset objects unloaded after import = 2

========================================================================
Received Import Request.
  Time since last request: 0.041626 seconds.
  path: Assets/LDraw-Importer/GeneratedMeshes/2555.asset
  artifactKey: Guid(41888e99d80ab204c86e661786fc6264) Importer(815301076,1909f56bfc062723c751e8b465ee728b)
Start importing Assets/LDraw-Importer/GeneratedMeshes/2555.asset using Guid(41888e99d80ab204c86e661786fc6264) Importer(815301076,1909f56bfc062723c751e8b465ee728b) (PreviewImporter) -> (artifact id: 'c0bc332e94c49d9c4d06e7b3d6af2d9a') in 0.017006417 seconds
Number of updated asset objects reloaded before import = 0Number of asset objects unloaded after import = 2

========================================================================
Received Import Request.
  Time since last request: 0.000066 seconds.
  path: Assets/LDraw-Importer/GeneratedMeshes/2598ps2s01.asset
  artifactKey: Guid(95809b776736c91468a97a0e893b4bc4) Importer(815301076,1909f56bfc062723c751e8b465ee728b)
Start importing Assets/LDraw-Importer/GeneratedMeshes/2598ps2s01.asset using Guid(95809b776736c91468a97a0e893b4bc4) Importer(815301076,1909f56bfc062723c751e8b465ee728b) (PreviewImporter) -> (artifact id: 'ed2737d5d83d1a1386cb65acef76dbc5') in 0.008911522 seconds
Number of updated asset objects reloaded before import = 0Number of asset objects unloaded after import = 2

========================================================================
Received Import Request.
  Time since last request: 0.044398 seconds.
  path: Assets/LDraw-Importer/GeneratedMeshes/2825.asset
  artifactKey: Guid(362dc95e20877624a93cacdb4fb0b7b3) Importer(815301076,1909f56bfc062723c751e8b465ee728b)
Start importing Assets/LDraw-Importer/GeneratedMeshes/2825.asset using Guid(362dc95e20877624a93cacdb4fb0b7b3) Importer(815301076,1909f56bfc062723c751e8b465ee728b) (PreviewImporter) -> (artifact id: 'b104a576a96da8013b4e66c964e036b7') in 0.017502051 seconds
Number of updated asset objects reloaded before import = 0Number of asset objects unloaded after import = 2

========================================================================
Received Import Request.
  Time since last request: 0.036868 seconds.
  path: Assets/LDraw-Importer/GeneratedMeshes/2920.asset
  artifactKey: Guid(f09d5344a4fb54246a1287de0fae6ebc) Importer(815301076,1909f56bfc062723c751e8b465ee728b)
Start importing Assets/LDraw-Importer/GeneratedMeshes/2920.asset using Guid(f09d5344a4fb54246a1287de0fae6ebc) Importer(815301076,1909f56bfc062723c751e8b465ee728b) (PreviewImporter) -> (artifact id: '9e92771425ab5eeb1e17e750ffcc19ef') in 0.009534211 seconds
Number of updated asset objects reloaded before import = 0Number of asset objects unloaded after import = 2

========================================================================
Received Import Request.
  Time since last request: 0.000077 seconds.
  path: Assets/LDraw-Importer/GeneratedMeshes/3002.asset
  artifactKey: Guid(48386ba901635244a9aca0f067c52e23) Importer(815301076,1909f56bfc062723c751e8b465ee728b)
Start importing Assets/LDraw-Importer/GeneratedMeshes/3002.asset using Guid(48386ba901635244a9aca0f067c52e23) Importer(815301076,1909f56bfc062723c751e8b465ee728b) (PreviewImporter) -> (artifact id: 'dc848b1cfaebb06662a5b4571cfa0c8f') in 0.008776183 seconds
Number of updated asset objects reloaded before import = 0Number of asset objects unloaded after import = 2

========================================================================
Received Import Request.
  Time since last request: 0.000086 seconds.
  path: Assets/LDraw-Importer/GeneratedMeshes/3009s01.asset
  artifactKey: Guid(1cd0e14190e0a444dae129770daada40) Importer(815301076,1909f56bfc062723c751e8b465ee728b)
Start importing Assets/LDraw-Importer/GeneratedMeshes/3009s01.asset using Guid(1cd0e14190e0a444dae129770daada40) Importer(815301076,1909f56bfc062723c751e8b465ee728b) (PreviewImporter) -> (artifact id: '0c23424bb474dfd60eab095208ce08d8') in 0.009759676 seconds
Number of updated asset objects reloaded before import = 0Number of asset objects unloaded after import = 2

========================================================================
Received Import Request.
  Time since last request: 0.000063 seconds.
  path: Assets/LDraw-Importer/GeneratedMeshes/3009.asset
  artifactKey: Guid(3f43a4c781c48f849bda26221d5f1616) Importer(815301076,1909f56bfc062723c751e8b465ee728b)
Start importing Assets/LDraw-Importer/GeneratedMeshes/3009.asset using Guid(3f43a4c781c48f849bda26221d5f1616) Importer(815301076,1909f56bfc062723c751e8b465ee728b) (PreviewImporter) -> (artifact id: 'b84265ccbda382239c7cbc891c0b8da3') in 0.007493439 seconds
Number of updated asset objects reloaded before import = 0Number of asset objects unloaded after import = 2

========================================================================
Received Import Request.
  Time since last request: 0.000137 seconds.
  path: Assets/LDraw-Importer/GeneratedMeshes/3039.asset
  artifactKey: Guid(6a2f9ad8d82b39e4d9256f5da6eccf65) Importer(815301076,1909f56bfc062723c751e8b465ee728b)
Start importing Assets/LDraw-Importer/GeneratedMeshes/3039.asset using Guid(6a2f9ad8d82b39e4d9256f5da6eccf65) Importer(815301076,1909f56bfc062723c751e8b465ee728b) (PreviewImporter) -> (artifact id: 'fe15a2e389692351cf1441545951b03e') in 0.0056963 seconds
Number of updated asset objects reloaded before import = 0Number of asset objects unloaded after import = 2

========================================================================
Received Import Request.
  Time since last request: 0.000044 seconds.
  path: Assets/LDraw-Importer/GeneratedMeshes/3045.asset
  artifactKey: Guid(8cf8537cebc09fe429c8f9fef406acfb) Importer(815301076,1909f56bfc062723c751e8b465ee728b)
Start importing Assets/LDraw-Importer/GeneratedMeshes/3045.asset using Guid(8cf8537cebc09fe429c8f9fef406acfb) Importer(815301076,1909f56bfc062723c751e8b465ee728b) (PreviewImporter) -> (artifact id: '0db45c55b4e62c67926fcf4cfc5443c2') in 0.011395006 seconds
Number of updated asset objects reloaded before import = 0Number of asset objects unloaded after import = 2

========================================================================
Received Import Request.
  Time since last request: 0.000046 seconds.
  path: Assets/LDraw-Importer/GeneratedMeshes/3069bp68.asset
  artifactKey: Guid(e6d77a1d68fffdd469ab24c9a9528b3f) Importer(815301076,1909f56bfc062723c751e8b465ee728b)
Start importing Assets/LDraw-Importer/GeneratedMeshes/3069bp68.asset using Guid(e6d77a1d68fffdd469ab24c9a9528b3f) Importer(815301076,1909f56bfc062723c751e8b465ee728b) (PreviewImporter) -> (artifact id: '4c0700e53e3c1e824b8c96df5c9b371e') in 0.008386639 seconds
Number of updated asset objects reloaded before import = 0Number of asset objects unloaded after import = 2

========================================================================
Received Import Request.
  Time since last request: 0.000079 seconds.
  path: Assets/LDraw-Importer/GeneratedMeshes/3186.asset
  artifactKey: Guid(4c3fb638e2441db4d92a9ceb7b27410e) Importer(815301076,1909f56bfc062723c751e8b465ee728b)
Start importing Assets/LDraw-Importer/GeneratedMeshes/3186.asset using Guid(4c3fb638e2441db4d92a9ceb7b27410e) Importer(815301076,1909f56bfc062723c751e8b465ee728b) (PreviewImporter) -> (artifact id: 'ea2ef2d5b03fee2f617f4539b586ef03') in 0.006370091 seconds
Number of updated asset objects reloaded before import = 0Number of asset objects unloaded after import = 2

========================================================================
Received Import Request.
  Time since last request: 0.000120 seconds.
  path: Assets/LDraw-Importer/GeneratedMeshes/3033.asset
  artifactKey: Guid(544f5284e43a24b45a49a42ba6fdc354) Importer(815301076,1909f56bfc062723c751e8b465ee728b)
Start importing Assets/LDraw-Importer/GeneratedMeshes/3033.asset using Guid(544f5284e43a24b45a49a42ba6fdc354) Importer(815301076,1909f56bfc062723c751e8b465ee728b) (PreviewImporter) -> (artifact id: 'ea3a32b83d767d924ca6adc4be8bbbd4') in 0.006266284 seconds
Number of updated asset objects reloaded before import = 0Number of asset objects unloaded after import = 2

========================================================================
Received Import Request.
  Time since last request: 0.000041 seconds.
  path: Assets/LDraw-Importer/GeneratedMeshes/3070bp00.asset
  artifactKey: Guid(505c6b4e730e8e24ca9396368365465c) Importer(815301076,1909f56bfc062723c751e8b465ee728b)
Start importing Assets/LDraw-Importer/GeneratedMeshes/3070bp00.asset using Guid(505c6b4e730e8e24ca9396368365465c) Importer(815301076,1909f56bfc062723c751e8b465ee728b) (PreviewImporter) -> (artifact id: 'f1263a3e43d5382cb53eaae0d6044156') in 0.00659339 seconds
Number of updated asset objects reloaded before import = 0Number of asset objects unloaded after import = 2

========================================================================
Received Import Request.
  Time since last request: 0.000077 seconds.
  path: Assets/LDraw-Importer/GeneratedMeshes/3039s01.asset
  artifactKey: Guid(83af6be2d26790d4c827d2b3dc462fa7) Importer(815301076,1909f56bfc062723c751e8b465ee728b)
Start importing Assets/LDraw-Importer/GeneratedMeshes/3039s01.asset using Guid(83af6be2d26790d4c827d2b3dc462fa7) Importer(815301076,1909f56bfc062723c751e8b465ee728b) (PreviewImporter) -> (artifact id: 'bd8e1abf22f0001fb909a66cdec1a9a5') in 0.007802649 seconds
Number of updated asset objects reloaded before import = 0Number of asset objects unloaded after import = 2

========================================================================
Received Import Request.
  Time since last request: 1.533174 seconds.
  path: Assets/LDraw-Importer/GeneratedMeshes/3455.asset
  artifactKey: Guid(9603e972d2993be44accc0b7c948523a) Importer(815301076,1909f56bfc062723c751e8b465ee728b)
Start importing Assets/LDraw-Importer/GeneratedMeshes/3455.asset using Guid(9603e972d2993be44accc0b7c948523a) Importer(815301076,1909f56bfc062723c751e8b465ee728b) (PreviewImporter) -> (artifact id: 'a69ffc5071aa1552bb7e61077ad1bdf3') in 0.018599697 seconds
Number of updated asset objects reloaded before import = 0Number of asset objects unloaded after import = 2

========================================================================
Received Import Request.
  Time since last request: 0.000092 seconds.
  path: Assets/LDraw-Importer/GeneratedMeshes/3623.asset
  artifactKey: Guid(6077975cd5df2c1479e0228e830116ec) Importer(815301076,1909f56bfc062723c751e8b465ee728b)
Start importing Assets/LDraw-Importer/GeneratedMeshes/3623.asset using Guid(6077975cd5df2c1479e0228e830116ec) Importer(815301076,1909f56bfc062723c751e8b465ee728b) (PreviewImporter) -> (artifact id: '1642f76867f06a789104a1c72f67bf94') in 0.011206332 seconds
Number of updated asset objects reloaded before import = 0Number of asset objects unloaded after import = 2

========================================================================
Received Import Request.
  Time since last request: 0.000050 seconds.
  path: Assets/LDraw-Importer/GeneratedMeshes/3626bp35.asset
  artifactKey: Guid(052f7e61d658ff7429a4e1bd88c5f6a0) Importer(815301076,1909f56bfc062723c751e8b465ee728b)
Start importing Assets/LDraw-Importer/GeneratedMeshes/3626bp35.asset using Guid(052f7e61d658ff7429a4e1bd88c5f6a0) Importer(815301076,1909f56bfc062723c751e8b465ee728b) (PreviewImporter) -> (artifact id: 'f45ea4663ef4ad422519d035ea25446f') in 0.009310944 seconds
Number of updated asset objects reloaded before import = 0Number of asset objects unloaded after import = 2

========================================================================
Received Import Request.
  Time since last request: 0.092333 seconds.
  path: Assets/LDraw-Importer/GeneratedMeshes/3665as01.asset
  artifactKey: Guid(710c7a5a4c6f47a42ad1110aa2829e15) Importer(815301076,1909f56bfc062723c751e8b465ee728b)
Start importing Assets/LDraw-Importer/GeneratedMeshes/3665as01.asset using Guid(710c7a5a4c6f47a42ad1110aa2829e15) Importer(815301076,1909f56bfc062723c751e8b465ee728b) (PreviewImporter) -> (artifact id: 'c1db2a2680044077188f6067a6c17796') in 0.051736255 seconds
Number of updated asset objects reloaded before import = 0Number of asset objects unloaded after import = 2

========================================================================
Received Import Request.
  Time since last request: 0.000089 seconds.
  path: Assets/LDraw-Importer/GeneratedMeshes/3678a.asset
  artifactKey: Guid(e3686408d6827a74aa1d9fbb26337053) Importer(815301076,1909f56bfc062723c751e8b465ee728b)
Start importing Assets/LDraw-Importer/GeneratedMeshes/3678a.asset using Guid(e3686408d6827a74aa1d9fbb26337053) Importer(815301076,1909f56bfc062723c751e8b465ee728b) (PreviewImporter) -> (artifact id: '97d0fd115a1916f0f9e4bf0e0c738180') in 0.005124028 seconds
Number of updated asset objects reloaded before import = 0Number of asset objects unloaded after import = 2

========================================================================
Received Import Request.
  Time since last request: 0.000137 seconds.
  path: Assets/LDraw-Importer/GeneratedMeshes/3816.asset
  artifactKey: Guid(29240999600b46c4f877e88ad954a516) Importer(815301076,1909f56bfc062723c751e8b465ee728b)
Start importing Assets/LDraw-Importer/GeneratedMeshes/3816.asset using Guid(29240999600b46c4f877e88ad954a516) Importer(815301076,1909f56bfc062723c751e8b465ee728b) (PreviewImporter) -> (artifact id: 'eef408a3457d2cc9bc4be20298314163') in 0.007896795 seconds
Number of updated asset objects reloaded before import = 0Number of asset objects unloaded after import = 2

========================================================================
Received Import Request.
  Time since last request: 0.000070 seconds.
  path: Assets/LDraw-Importer/GeneratedMeshes/3731.asset
  artifactKey: Guid(afeef9e5c80566d46880f375ab3277ee) Importer(815301076,1909f56bfc062723c751e8b465ee728b)
Start importing Assets/LDraw-Importer/GeneratedMeshes/3731.asset using Guid(afeef9e5c80566d46880f375ab3277ee) Importer(815301076,1909f56bfc062723c751e8b465ee728b) (PreviewImporter) -> (artifact id: '4b0df22540bf0f7cc32a5d64646ad80f') in 0.011334465 seconds
Number of updated asset objects reloaded before import = 0Number of asset objects unloaded after import = 2

========================================================================
Received Import Request.
  Time since last request: 0.000021 seconds.
  path: Assets/LDraw-Importer/GeneratedMeshes/3822.asset
  artifactKey: Guid(c1b04b0a9673a204f8742711c9787409) Importer(815301076,1909f56bfc062723c751e8b465ee728b)
Start importing Assets/LDraw-Importer/GeneratedMeshes/3822.asset using Guid(c1b04b0a9673a204f8742711c9787409) Importer(815301076,1909f56bfc062723c751e8b465ee728b) (PreviewImporter) -> (artifact id: '2167cb4eea6dd02c441af0e8b0ebaab7') in 0.00660434 seconds
Number of updated asset objects reloaded before import = 0Number of asset objects unloaded after import = 2

========================================================================
Received Import Request.
  Time since last request: 0.000111 seconds.
  path: Assets/LDraw-Importer/GeneratedMeshes/3830.asset
  artifactKey: Guid(97ec1a74f2d13ee468367390bd40d919) Importer(815301076,1909f56bfc062723c751e8b465ee728b)
Start importing Assets/LDraw-Importer/GeneratedMeshes/3830.asset using Guid(97ec1a74f2d13ee468367390bd40d919) Importer(815301076,1909f56bfc062723c751e8b465ee728b) (PreviewImporter) -> (artifact id: '6057c602790751b25ff4cc98f7d15426') in 0.005141707 seconds
Number of updated asset objects reloaded before import = 0Number of asset objects unloaded after import = 2

========================================================================
Received Import Request.
  Time since last request: 0.000042 seconds.
  path: Assets/LDraw-Importer/GeneratedMeshes/3700.asset
  artifactKey: Guid(11fa6fdeec97ce448a5436609abb0ebe) Importer(815301076,1909f56bfc062723c751e8b465ee728b)
Start importing Assets/LDraw-Importer/GeneratedMeshes/3700.asset using Guid(11fa6fdeec97ce448a5436609abb0ebe) Importer(815301076,1909f56bfc062723c751e8b465ee728b) (PreviewImporter) -> (artifact id: 'c8a65276753a2552d7e82adca6d03843') in 0.0049686 seconds
Number of updated asset objects reloaded before import = 0Number of asset objects unloaded after import = 2

========================================================================
Received Import Request.
  Time since last request: 0.000026 seconds.
  path: Assets/LDraw-Importer/GeneratedMeshes/3815s01.asset
  artifactKey: Guid(d0b2a1d79911db9449a9ea7ca81821b5) Importer(815301076,1909f56bfc062723c751e8b465ee728b)
Start importing Assets/LDraw-Importer/GeneratedMeshes/3815s01.asset using Guid(d0b2a1d79911db9449a9ea7ca81821b5) Importer(815301076,1909f56bfc062723c751e8b465ee728b) (PreviewImporter) -> (artifact id: '6ce853016f36c5bdffd02560ff41aa1c') in 0.004753998 seconds
Number of updated asset objects reloaded before import = 0Number of asset objects unloaded after import = 2

========================================================================
Received Import Request.
  Time since last request: 0.000111 seconds.
  path: Assets/LDraw-Importer/GeneratedMeshes/3815pm0.asset
  artifactKey: Guid(e5ebdcf04f818584b871c276e5cba8b8) Importer(815301076,1909f56bfc062723c751e8b465ee728b)
Start importing Assets/LDraw-Importer/GeneratedMeshes/3815pm0.asset using Guid(e5ebdcf04f818584b871c276e5cba8b8) Importer(815301076,1909f56bfc062723c751e8b465ee728b) (PreviewImporter) -> (artifact id: 'c934e3c7ff7ab82b6de791db7f54f5fb') in 0.004176703 seconds
Number of updated asset objects reloaded before import = 0Number of asset objects unloaded after import = 2

========================================================================
Received Import Request.
  Time since last request: 1.959765 seconds.
  path: Assets/LDraw-Importer/GeneratedMeshes/3942c.asset
  artifactKey: Guid(bec53482e5b1d1e4f86cb9f48bf1aeba) Importer(815301076,1909f56bfc062723c751e8b465ee728b)
Start importing Assets/LDraw-Importer/GeneratedMeshes/3942c.asset using Guid(bec53482e5b1d1e4f86cb9f48bf1aeba) Importer(815301076,1909f56bfc062723c751e8b465ee728b) (PreviewImporter) -> (artifact id: 'de50307c355c2d43fb2026546f1c7186') in 0.020725035 seconds
Number of updated asset objects reloaded before import = 0Number of asset objects unloaded after import = 2

========================================================================
Received Import Request.
  Time since last request: 0.094183 seconds.
  path: Assets/LDraw-Importer/GeneratedMeshes/4033.asset
  artifactKey: Guid(c14ca955aa7bc2a46923e1982125a45a) Importer(815301076,1909f56bfc062723c751e8b465ee728b)
Start importing Assets/LDraw-Importer/GeneratedMeshes/4033.asset using Guid(c14ca955aa7bc2a46923e1982125a45a) Importer(815301076,1909f56bfc062723c751e8b465ee728b) (PreviewImporter) -> (artifact id: '3cecbe2a4fd3c3c8c37f2ffc0e4ee762') in 0.012716303 seconds
Number of updated asset objects reloaded before import = 0Number of asset objects unloaded after import = 2

========================================================================
Received Import Request.
  Time since last request: 0.000174 seconds.
  path: Assets/LDraw-Importer/GeneratedMeshes/4036.asset
  artifactKey: Guid(84fdd3dfe843ae743b8cc44a7d4fa293) Importer(815301076,1909f56bfc062723c751e8b465ee728b)
Start importing Assets/LDraw-Importer/GeneratedMeshes/4036.asset using Guid(84fdd3dfe843ae743b8cc44a7d4fa293) Importer(815301076,1909f56bfc062723c751e8b465ee728b) (PreviewImporter) -> (artifact id: '82a629d2aa5384a91e666b4e45a819f1') in 0.007807083 seconds
Number of updated asset objects reloaded before import = 0Number of asset objects unloaded after import = 2

========================================================================
Received Import Request.
  Time since last request: 0.123042 seconds.
  path: Assets/LDraw-Importer/GeneratedMeshes/4341.asset
  artifactKey: Guid(497154bb9d342cc4a8e21ca13ae6358c) Importer(815301076,1909f56bfc062723c751e8b465ee728b)
Start importing Assets/LDraw-Importer/GeneratedMeshes/4341.asset using Guid(497154bb9d342cc4a8e21ca13ae6358c) Importer(815301076,1909f56bfc062723c751e8b465ee728b) (PreviewImporter) -> (artifact id: '8492f8f2ad43f1708a827306bcd1d166') in 0.009185258 seconds
Number of updated asset objects reloaded before import = 0Number of asset objects unloaded after import = 2

========================================================================
Received Import Request.
  Time since last request: 0.000128 seconds.
  path: Assets/LDraw-Importer/GeneratedMeshes/4445.asset
  artifactKey: Guid(0b7e02b2311fe7140aebf3a2343e57c4) Importer(815301076,1909f56bfc062723c751e8b465ee728b)
Start importing Assets/LDraw-Importer/GeneratedMeshes/4445.asset using Guid(0b7e02b2311fe7140aebf3a2343e57c4) Importer(815301076,1909f56bfc062723c751e8b465ee728b) (PreviewImporter) -> (artifact id: '839feb34a348f1bef13eec6b682f8f9e') in 0.008651949 seconds
Number of updated asset objects reloaded before import = 0Number of asset objects unloaded after import = 2

========================================================================
Received Import Request.
  Time since last request: 0.000085 seconds.
  path: Assets/LDraw-Importer/GeneratedMeshes/4588.asset
  artifactKey: Guid(be55a7a9599032042888cd482af135c8) Importer(815301076,1909f56bfc062723c751e8b465ee728b)
Start importing Assets/LDraw-Importer/GeneratedMeshes/4588.asset using Guid(be55a7a9599032042888cd482af135c8) Importer(815301076,1909f56bfc062723c751e8b465ee728b) (PreviewImporter) -> (artifact id: '9f4cc5bfcfbdbcd3b3debb52a26b1d73') in 0.006088683 seconds
Number of updated asset objects reloaded before import = 0Number of asset objects unloaded after import = 2

========================================================================
Received Import Request.
  Time since last request: 0.000045 seconds.
  path: Assets/LDraw-Importer/GeneratedMeshes/4600.asset
  artifactKey: Guid(88a2a8797e56c8f4aa703e9693193a8e) Importer(815301076,1909f56bfc062723c751e8b465ee728b)
Start importing Assets/LDraw-Importer/GeneratedMeshes/4600.asset using Guid(88a2a8797e56c8f4aa703e9693193a8e) Importer(815301076,1909f56bfc062723c751e8b465ee728b) (PreviewImporter) -> (artifact id: 'd7e7d15c9cde6dee753b0a99a5a7f847') in 0.011014123 seconds
Number of updated asset objects reloaded before import = 0Number of asset objects unloaded after import = 2

========================================================================
Received Import Request.
  Time since last request: 0.000022 seconds.
  path: Assets/LDraw-Importer/GeneratedMeshes/4856.asset
  artifactKey: Guid(399a0818b8049244abad3e1f574cd86c) Importer(815301076,1909f56bfc062723c751e8b465ee728b)
Start importing Assets/LDraw-Importer/GeneratedMeshes/4856.asset using Guid(399a0818b8049244abad3e1f574cd86c) Importer(815301076,1909f56bfc062723c751e8b465ee728b) (PreviewImporter) -> (artifact id: '1198d262864587d132d68ef0895ce671') in 0.007831874 seconds
Number of updated asset objects reloaded before import = 0Number of asset objects unloaded after import = 2

========================================================================
Received Import Request.
  Time since last request: 0.000073 seconds.
  path: Assets/LDraw-Importer/GeneratedMeshes/4865bs01.asset
  artifactKey: Guid(7a15dd5136e34c6448b0d8f4e006acce) Importer(815301076,1909f56bfc062723c751e8b465ee728b)
Start importing Assets/LDraw-Importer/GeneratedMeshes/4865bs01.asset using Guid(7a15dd5136e34c6448b0d8f4e006acce) Importer(815301076,1909f56bfc062723c751e8b465ee728b) (PreviewImporter) -> (artifact id: 'cefac58feeeb54771c3b7577dbdee2d6') in 0.004134162 seconds
Number of updated asset objects reloaded before import = 0Number of asset objects unloaded after import = 2

========================================================================
Received Import Request.
  Time since last request: 0.000081 seconds.
  path: Assets/LDraw-Importer/GeneratedMeshes/4865b.asset
  artifactKey: Guid(a4515999956dddb40ac2e143839ff5e3) Importer(815301076,1909f56bfc062723c751e8b465ee728b)
Start importing Assets/LDraw-Importer/GeneratedMeshes/4865b.asset using Guid(a4515999956dddb40ac2e143839ff5e3) Importer(815301076,1909f56bfc062723c751e8b465ee728b) (PreviewImporter) -> (artifact id: '8879e36b846b8e65bf55886aeee6da5a') in 0.005524725 seconds
Number of updated asset objects reloaded before import = 0Number of asset objects unloaded after import = 2

========================================================================
Received Import Request.
  Time since last request: 0.000087 seconds.
  path: Assets/LDraw-Importer/GeneratedMeshes/6106.asset
  artifactKey: Guid(62b3cbe1ca49d6c4d8dff8377317e605) Importer(815301076,1909f56bfc062723c751e8b465ee728b)
Start importing Assets/LDraw-Importer/GeneratedMeshes/6106.asset using Guid(62b3cbe1ca49d6c4d8dff8377317e605) Importer(815301076,1909f56bfc062723c751e8b465ee728b) (PreviewImporter) -> (artifact id: '39a84f2d9dfed6616ebdab158861b2f9') in 0.005516849 seconds
Number of updated asset objects reloaded before import = 0Number of asset objects unloaded after import = 2

========================================================================
Received Import Request.
  Time since last request: 0.000045 seconds.
  path: Assets/LDraw-Importer/GeneratedMeshes/5306.asset
  artifactKey: Guid(0db43bc271df948468c3a79a42974f3a) Importer(815301076,1909f56bfc062723c751e8b465ee728b)
Start importing Assets/LDraw-Importer/GeneratedMeshes/5306.asset using Guid(0db43bc271df948468c3a79a42974f3a) Importer(815301076,1909f56bfc062723c751e8b465ee728b) (PreviewImporter) -> (artifact id: '4155d7757e461131d7f4d862045af949') in 0.005440669 seconds
Number of updated asset objects reloaded before import = 0Number of asset objects unloaded after import = 2

========================================================================
Received Import Request.
  Time since last request: 0.000075 seconds.
  path: Assets/LDraw-Importer/GeneratedMeshes/6191s01.asset
  artifactKey: Guid(f56229ec2a68e944cb87bac926fe65f1) Importer(815301076,1909f56bfc062723c751e8b465ee728b)
Start importing Assets/LDraw-Importer/GeneratedMeshes/6191s01.asset using Guid(f56229ec2a68e944cb87bac926fe65f1) Importer(815301076,1909f56bfc062723c751e8b465ee728b) (PreviewImporter) -> (artifact id: '7fa6b28bd13fa58026b9f51e38ed4fcc') in 0.006261082 seconds
Number of updated asset objects reloaded before import = 0Number of asset objects unloaded after import = 2

========================================================================
Received Import Request.
  Time since last request: 0.000072 seconds.
  path: Assets/LDraw-Importer/GeneratedMeshes/6538s02.asset
  artifactKey: Guid(430c0018deea65a43a8e94489d44a9fe) Importer(815301076,1909f56bfc062723c751e8b465ee728b)
Start importing Assets/LDraw-Importer/GeneratedMeshes/6538s02.asset using Guid(430c0018deea65a43a8e94489d44a9fe) Importer(815301076,1909f56bfc062723c751e8b465ee728b) (PreviewImporter) -> (artifact id: 'b56839b88690a706f5aabe6e4eea302f') in 0.004238466 seconds
Number of updated asset objects reloaded before import = 0Number of asset objects unloaded after import = 2

========================================================================
Received Import Request.
  Time since last request: 0.000119 seconds.
  path: Assets/LDraw-Importer/GeneratedMeshes/6565s01.asset
  artifactKey: Guid(4e02d3b6f27e1944b9cf55a878b6e24d) Importer(815301076,1909f56bfc062723c751e8b465ee728b)
Start importing Assets/LDraw-Importer/GeneratedMeshes/6565s01.asset using Guid(4e02d3b6f27e1944b9cf55a878b6e24d) Importer(815301076,1909f56bfc062723c751e8b465ee728b) (PreviewImporter) -> (artifact id: 'ebc4948a346db039f542552dfc7c20a4') in 0.003819282 seconds
Number of updated asset objects reloaded before import = 0Number of asset objects unloaded after import = 2

========================================================================
Received Import Request.
  Time since last request: 0.000188 seconds.
  path: Assets/LDraw-Importer/GeneratedMeshes/10001 - 164565b.asset
  artifactKey: Guid(8eb053a4e8451fb4193335222a89caac) Importer(815301076,1909f56bfc062723c751e8b465ee728b)
Start importing Assets/LDraw-Importer/GeneratedMeshes/10001 - 164565b.asset using Guid(8eb053a4e8451fb4193335222a89caac) Importer(815301076,1909f56bfc062723c751e8b465ee728b) (PreviewImporter) -> (artifact id: '2d8668e6d3d6e52fd1da12ccfc6098d2') in 0.004770829 seconds
Number of updated asset objects reloaded before import = 0Number of asset objects unloaded after import = 2

========================================================================
Received Import Request.
  Time since last request: 0.853254 seconds.
  path: Assets/LDraw-Importer/GeneratedMeshes/10051s01.asset
  artifactKey: Guid(ec0b72a61472dc14f8f4ca33323f7c94) Importer(815301076,1909f56bfc062723c751e8b465ee728b)
Start importing Assets/LDraw-Importer/GeneratedMeshes/10051s01.asset using Guid(ec0b72a61472dc14f8f4ca33323f7c94) Importer(815301076,1909f56bfc062723c751e8b465ee728b) (PreviewImporter) -> (artifact id: '750da3174bdf51d89e4d7579463ff364') in 0.013372759 seconds
Number of updated asset objects reloaded before import = 0Number of asset objects unloaded after import = 2

========================================================================
Received Import Request.
  Time since last request: 0.048517 seconds.
  path: Assets/LDraw-Importer/GeneratedMeshes/10179 - technicflexsyshose-3.asset
  artifactKey: Guid(83d260119fd361448a04ae6f68b65d8a) Importer(815301076,1909f56bfc062723c751e8b465ee728b)
Start importing Assets/LDraw-Importer/GeneratedMeshes/10179 - technicflexsyshose-3.asset using Guid(83d260119fd361448a04ae6f68b65d8a) Importer(815301076,1909f56bfc062723c751e8b465ee728b) (PreviewImporter) -> (artifact id: '6162f90aeaa94a575dcd5616e1626a0b') in 0.011010719 seconds
Number of updated asset objects reloaded before import = 0Number of asset objects unloaded after import = 2

========================================================================
Received Import Request.
  Time since last request: 0.764223 seconds.
  path: Assets/LDraw-Importer/GeneratedMeshes/15712.asset
  artifactKey: Guid(7e1b25892eeb8c84caa399f2e9f4e730) Importer(815301076,1909f56bfc062723c751e8b465ee728b)
Start importing Assets/LDraw-Importer/GeneratedMeshes/15712.asset using Guid(7e1b25892eeb8c84caa399f2e9f4e730) Importer(815301076,1909f56bfc062723c751e8b465ee728b) (PreviewImporter) -> (artifact id: 'dbca320bab64c54becd8207946b56b40') in 0.013483014 seconds
Number of updated asset objects reloaded before import = 0Number of asset objects unloaded after import = 2

========================================================================
Received Import Request.
  Time since last request: 0.000098 seconds.
  path: Assets/LDraw-Importer/GeneratedMeshes/30042.asset
  artifactKey: Guid(2ee9f9d3b7b137842b5a13250353a664) Importer(815301076,1909f56bfc062723c751e8b465ee728b)
Start importing Assets/LDraw-Importer/GeneratedMeshes/30042.asset using Guid(2ee9f9d3b7b137842b5a13250353a664) Importer(815301076,1909f56bfc062723c751e8b465ee728b) (PreviewImporter) -> (artifact id: 'c8aadffbce522b6686530fde7abd8da1') in 0.008869293 seconds
Number of updated asset objects reloaded before import = 0Number of asset objects unloaded after import = 2

========================================================================
Received Import Request.
  Time since last request: 0.000091 seconds.
  path: Assets/LDraw-Importer/GeneratedMeshes/26603.asset
  artifactKey: Guid(a834e82d8f57b6943ad03c65f818c391) Importer(815301076,1909f56bfc062723c751e8b465ee728b)
Start importing Assets/LDraw-Importer/GeneratedMeshes/26603.asset using Guid(a834e82d8f57b6943ad03c65f818c391) Importer(815301076,1909f56bfc062723c751e8b465ee728b) (PreviewImporter) -> (artifact id: 'bdfb9e9567778648d149fd2caa16913a') in 0.006122379 seconds
Number of updated asset objects reloaded before import = 0Number of asset objects unloaded after import = 2

========================================================================
Received Import Request.
  Time since last request: 0.124775 seconds.
  path: Assets/LDraw-Importer/GeneratedMeshes/30350as01.asset
  artifactKey: Guid(c1854b29e993f3647b6a51c941e4a73d) Importer(815301076,1909f56bfc062723c751e8b465ee728b)
Start importing Assets/LDraw-Importer/GeneratedMeshes/30350as01.asset using Guid(c1854b29e993f3647b6a51c941e4a73d) Importer(815301076,1909f56bfc062723c751e8b465ee728b) (PreviewImporter) -> (artifact id: '5bf54eebb970a47fb6353aeb94c7200a') in 0.009357324 seconds
Number of updated asset objects reloaded before import = 0Number of asset objects unloaded after import = 2

========================================================================
Received Import Request.
  Time since last request: 0.000022 seconds.
  path: Assets/LDraw-Importer/GeneratedMeshes/30361ps1s02.asset
  artifactKey: Guid(98cb2d26116d63f45b77276633245e94) Importer(815301076,1909f56bfc062723c751e8b465ee728b)
Start importing Assets/LDraw-Importer/GeneratedMeshes/30361ps1s02.asset using Guid(98cb2d26116d63f45b77276633245e94) Importer(815301076,1909f56bfc062723c751e8b465ee728b) (PreviewImporter) -> (artifact id: '70a88fca049d9f333b7d23c7bb5d35dd') in 0.008888272 seconds
Number of updated asset objects reloaded before import = 0Number of asset objects unloaded after import = 2

========================================================================
Received Import Request.
  Time since last request: 0.000107 seconds.
  path: Assets/LDraw-Importer/GeneratedMeshes/30361as01.asset
  artifactKey: Guid(19afffd095fb13e408ad6699581ea0fa) Importer(815301076,1909f56bfc062723c751e8b465ee728b)
Start importing Assets/LDraw-Importer/GeneratedMeshes/30361as01.asset using Guid(19afffd095fb13e408ad6699581ea0fa) Importer(815301076,1909f56bfc062723c751e8b465ee728b) (PreviewImporter) -> (artifact id: 'c4c8213d34b94db473bd167f6b1331bd') in 0.011760069 seconds
Number of updated asset objects reloaded before import = 0Number of asset objects unloaded after import = 2

========================================================================
Received Import Request.
  Time since last request: 0.045561 seconds.
  path: Assets/LDraw-Importer/GeneratedMeshes/30367ps1s01.asset
  artifactKey: Guid(d7a15422662297e4e862ed52704ca895) Importer(815301076,1909f56bfc062723c751e8b465ee728b)
Start importing Assets/LDraw-Importer/GeneratedMeshes/30367ps1s01.asset using Guid(d7a15422662297e4e862ed52704ca895) Importer(815301076,1909f56bfc062723c751e8b465ee728b) (PreviewImporter) -> (artifact id: '8a607fbfb3b42f19e743f5c82d43a8a5') in 0.014954351 seconds
Number of updated asset objects reloaded before import = 0Number of asset objects unloaded after import = 2

========================================================================
Received Import Request.
  Time since last request: 0.000097 seconds.
  path: Assets/LDraw-Importer/GeneratedMeshes/30367ps1s18.asset
  artifactKey: Guid(406669291810b15419fec8cf5cdc4ef7) Importer(815301076,1909f56bfc062723c751e8b465ee728b)
Start importing Assets/LDraw-Importer/GeneratedMeshes/30367ps1s18.asset using Guid(406669291810b15419fec8cf5cdc4ef7) Importer(815301076,1909f56bfc062723c751e8b465ee728b) (PreviewImporter) -> (artifact id: 'bde7c2fc116da17c9d93a9169f20bad6') in 0.015793648 seconds
Number of updated asset objects reloaded before import = 0Number of asset objects unloaded after import = 2

========================================================================
Received Import Request.
  Time since last request: 0.000113 seconds.
  path: Assets/LDraw-Importer/GeneratedMeshes/30367ps1s10.asset
  artifactKey: Guid(f78990bf97698654aa4424207a855b44) Importer(815301076,1909f56bfc062723c751e8b465ee728b)
Start importing Assets/LDraw-Importer/GeneratedMeshes/30367ps1s10.asset using Guid(f78990bf97698654aa4424207a855b44) Importer(815301076,1909f56bfc062723c751e8b465ee728b) (PreviewImporter) -> (artifact id: '4878e3824c7b5c46f97195d804f18c06') in 0.011179563 seconds
Number of updated asset objects reloaded before import = 0Number of asset objects unloaded after import = 2

========================================================================
Received Import Request.
  Time since last request: 7.262813 seconds.
  path: Assets/LDraw-Importer/GeneratedMeshes/30370ps2a.asset
  artifactKey: Guid(1ab6c0dde6240bd45a2094a10c241f41) Importer(815301076,1909f56bfc062723c751e8b465ee728b)
Start importing Assets/LDraw-Importer/GeneratedMeshes/30370ps2a.asset using Guid(1ab6c0dde6240bd45a2094a10c241f41) Importer(815301076,1909f56bfc062723c751e8b465ee728b) (PreviewImporter) -> (artifact id: 'f6cd5e744b5f44101c78c16e1bcb6397') in 0.01015703 seconds
Number of updated asset objects reloaded before import = 0Number of asset objects unloaded after import = 2

========================================================================
Received Import Request.
  Time since last request: 0.090442 seconds.
  path: Assets/LDraw-Importer/GeneratedMeshes/30372s01.asset
  artifactKey: Guid(99f0cf2eb106d3344b2fa3490b5e2b4f) Importer(815301076,1909f56bfc062723c751e8b465ee728b)
Start importing Assets/LDraw-Importer/GeneratedMeshes/30372s01.asset using Guid(99f0cf2eb106d3344b2fa3490b5e2b4f) Importer(815301076,1909f56bfc062723c751e8b465ee728b) (PreviewImporter) -> (artifact id: 'e4e37205f72e4ee6d1277f09c22dcbe5') in 0.010780963 seconds
Number of updated asset objects reloaded before import = 0Number of asset objects unloaded after import = 2

========================================================================
Received Import Request.
  Time since last request: 0.082036 seconds.
  path: Assets/LDraw-Importer/GeneratedMeshes/30414.asset
  artifactKey: Guid(0814f6642af49b54a89e8b0328ab91d6) Importer(815301076,1909f56bfc062723c751e8b465ee728b)
Start importing Assets/LDraw-Importer/GeneratedMeshes/30414.asset using Guid(0814f6642af49b54a89e8b0328ab91d6) Importer(815301076,1909f56bfc062723c751e8b465ee728b) (PreviewImporter) -> (artifact id: '373119e4e7d5600cf9090c41107bd31a') in 0.009706131 seconds
Number of updated asset objects reloaded before import = 0Number of asset objects unloaded after import = 2

========================================================================
Received Import Request.
  Time since last request: 0.014968 seconds.
  path: Assets/LDraw-Importer/GeneratedMeshes/30552s01.asset
  artifactKey: Guid(b935ded7b8fdce747a37a40104fb107e) Importer(815301076,1909f56bfc062723c751e8b465ee728b)
Start importing Assets/LDraw-Importer/GeneratedMeshes/30552s01.asset using Guid(b935ded7b8fdce747a37a40104fb107e) Importer(815301076,1909f56bfc062723c751e8b465ee728b) (PreviewImporter) -> (artifact id: 'bd71616ef53538a46db1454203eb1804') in 0.013301003 seconds
Number of updated asset objects reloaded before import = 0Number of asset objects unloaded after import = 2

========================================================================
Received Import Request.
  Time since last request: 0.000142 seconds.
  path: Assets/LDraw-Importer/GeneratedMeshes/30553.asset
  artifactKey: Guid(4b7b9f92a2503d741aeaeed045d3ed9b) Importer(815301076,1909f56bfc062723c751e8b465ee728b)
Start importing Assets/LDraw-Importer/GeneratedMeshes/30553.asset using Guid(4b7b9f92a2503d741aeaeed045d3ed9b) Importer(815301076,1909f56bfc062723c751e8b465ee728b) (PreviewImporter) -> (artifact id: 'c5af4026a01292d712ccd3b489cd5c16') in 0.004904029 seconds
Number of updated asset objects reloaded before import = 0Number of asset objects unloaded after import = 2

========================================================================
Received Import Request.
  Time since last request: 0.689426 seconds.
  path: Assets/LDraw-Importer/GeneratedMeshes/32039.asset
  artifactKey: Guid(240812dc7aabf0140bb4495bfb3913aa) Importer(815301076,1909f56bfc062723c751e8b465ee728b)
Start importing Assets/LDraw-Importer/GeneratedMeshes/32039.asset using Guid(240812dc7aabf0140bb4495bfb3913aa) Importer(815301076,1909f56bfc062723c751e8b465ee728b) (PreviewImporter) -> (artifact id: 'd44b3451444d6af52eaf7e2b0214ce59') in 0.01153579 seconds
Number of updated asset objects reloaded before import = 0Number of asset objects unloaded after import = 2

========================================================================
Received Import Request.
  Time since last request: 0.000098 seconds.
  path: Assets/LDraw-Importer/GeneratedMeshes/32140.asset
  artifactKey: Guid(7776eb90c31d4614c82a944dee3f1bdc) Importer(815301076,1909f56bfc062723c751e8b465ee728b)
Start importing Assets/LDraw-Importer/GeneratedMeshes/32140.asset using Guid(7776eb90c31d4614c82a944dee3f1bdc) Importer(815301076,1909f56bfc062723c751e8b465ee728b) (PreviewImporter) -> (artifact id: 'efb0cb3e5aa744fd4e00b7a4188e5e16') in 0.007790292 seconds
Number of updated asset objects reloaded before import = 0Number of asset objects unloaded after import = 2

========================================================================
Received Import Request.
  Time since last request: 0.034329 seconds.
  path: Assets/LDraw-Importer/GeneratedMeshes/32531.asset
  artifactKey: Guid(39bc513d1063c1b40adfe06731e24107) Importer(815301076,1909f56bfc062723c751e8b465ee728b)
Start importing Assets/LDraw-Importer/GeneratedMeshes/32531.asset using Guid(39bc513d1063c1b40adfe06731e24107) Importer(815301076,1909f56bfc062723c751e8b465ee728b) (PreviewImporter) -> (artifact id: 'e4aebd5468b2a217c24489f4ffea8515') in 0.011541215 seconds
Number of updated asset objects reloaded before import = 0Number of asset objects unloaded after import = 2

========================================================================
Received Prepare
Refreshing native plugins compatible for Editor in 1.23 ms, found 0 plugins.
Preloading 0 native plugins for Editor in 0.00 ms.
Unloading 0 Unused Serialized files (Serialized files now loaded: 0)
Unloading 2814 unused Assets / (1.0 MB). Loaded Objects now: 3348.
Memory consumption went from 77.4 MB to 76.4 MB.
Total: 13.633407 ms (FindLiveObjects: 0.488870 ms CreateObjectMapping: 0.331782 ms MarkObjects: 10.821848 ms  DeleteObjects: 1.988736 ms)

Prepare: number of updated asset objects reloaded= 0
Editor requested this worker to shutdown with reason: Scaling down because of idle timeout
AssetImportWorker is now disconnected from the server
Process exiting

SDL leaked 2 allocations
Internal: Possible leak. All render target surfaces should be removed from IdMap when destructed using RenderTargetMap::Remove(RenderSurfaceBase* rs).
