
=== Sun Feb  9 13:53:16 2025

Packages were changed.
Update Mode: updateDependencies

The following packages were added:
  com.unity.ai.navigation@2.0.5
  com.unity.modules.accessibility@1.0.0
  com.unity.multiplayer.center@1.0.0
The following packages were updated:
  com.unity.ads from version 3.4.7 to 4.4.2
  com.unity.analytics from version 3.3.5 to 3.8.1
  com.unity.collab-proxy from version 1.3.8 to 2.6.0
  com.unity.ide.rider from version 1.2.1 to 3.0.31
  com.unity.ide.visualstudio from version 2.0.2 to 2.0.22
  com.unity.purchasing from version 2.0.6 to 4.12.2
  com.unity.test-framework from version 1.1.14 to 1.4.5
  com.unity.timeline from version 1.2.6 to 1.8.7
  com.unity.ugui from version 1.0.0 to 2.0.0
  com.unity.xr.legacyinputhelpers from version 2.1.4 to 2.1.11
The following packages were removed:
  com.unity.textmeshpro@3.0.0-preview.1
